[DEBUG] Migration already effectively installed (skipped): \phpbb\db\migration\data\v310\profilefield_googleplus
[DEBUG] Migration already effectively installed (skipped): \phpbb\db\migration\data\v310\topic_sort_username
[DEBUG] Apply dependencies of \phpbb\db\migration\data\v310\notifications_use_full_name.
[DEBUG] Apply dependencies of \phpbb\db\migration\data\v310\rc3.
[DEBUG] Apply dependencies of \phpbb\db\migration\data\v310\rename_too_long_indexes.
[DEBUG] Installing Data: \phpbb\db\migration\data\v310\rename_too_long_indexes.
[INFO] Installed Data: \phpbb\db\migration\data\v310\rename_too_long_indexes; Time: 0.00 seconds
[DEBUG] Migration already effectively installed (skipped): \phpbb\db\migration\data\v310\profilefield_googleplus
[DEBUG] Migration already effectively installed (skipped): \phpbb\db\migration\data\v310\topic_sort_username
[DEBUG] Apply dependencies of \phpbb\db\migration\data\v310\notifications_use_full_name.
[DEBUG] Apply dependencies of \phpbb\db\migration\data\v310\rc3.
[DEBUG] Apply dependencies of \phpbb\db\migration\data\v310\search_type.
[DEBUG] Installing Schema: \phpbb\db\migration\data\v310\search_type.
[INFO] Installed Schema: \phpbb\db\migration\data\v310\search_type; Time: 0.00 seconds
[DEBUG] Migration already effectively installed (skipped): \phpbb\db\migration\data\v310\profilefield_googleplus
[DEBUG] Migration already effectively installed (skipped): \phpbb\db\migration\data\v310\topic_sort_username
[DEBUG] Apply dependencies of \phpbb\db\migration\data\v310\notifications_use_full_name.
[DEBUG] Apply dependencies of \phpbb\db\migration\data\v310\rc3.
[DEBUG] Apply dependencies of \phpbb\db\migration\data\v310\search_type.
[DEBUG] Installing Data: \phpbb\db\migration\data\v310\search_type.
[INFO] Installed Data: \phpbb\db\migration\data\v310\search_type; Time: 0.00 seconds
[DEBUG] Migration already effectively installed (skipped): \phpbb\db\migration\data\v310\profilefield_googleplus
[DEBUG] Migration already effectively installed (skipped): \phpbb\db\migration\data\v310\topic_sort_username
[DEBUG] Apply dependencies of \phpbb\db\migration\data\v310\notifications_use_full_name.
[DEBUG] Apply dependencies of \phpbb\db\migration\data\v310\rc3.
[DEBUG] Installing Schema: \phpbb\db\migration\data\v310\rc3.
[INFO] Installed Schema: \phpbb\db\migration\data\v310\rc3; Time: 0.00 seconds
[DEBUG] Migration already effectively installed (skipped): \phpbb\db\migration\data\v310\profilefield_googleplus
[DEBUG] Migration already effectively installed (skipped): \phpbb\db\migration\data\v310\topic_sort_username
[DEBUG] Apply dependencies of \phpbb\db\migration\data\v310\notifications_use_full_name.
[DEBUG] Apply dependencies of \phpbb\db\migration\data\v310\rc3.
[DEBUG] Installing Data: \phpbb\db\migration\data\v310\rc3.
[INFO] Installed Data: \phpbb\db\migration\data\v310\rc3; Time: 0.00 seconds
[DEBUG] Migration already effectively installed (skipped): \phpbb\db\migration\data\v310\profilefield_googleplus
[DEBUG] Migration already effectively installed (skipped): \phpbb\db\migration\data\v310\topic_sort_username
[DEBUG] Apply dependencies of \phpbb\db\migration\data\v310\notifications_use_full_name.
[DEBUG] Installing Schema: \phpbb\db\migration\data\v310\notifications_use_full_name.
[INFO] Installed Schema: \phpbb\db\migration\data\v310\notifications_use_full_name; Time: 0.00 seconds
[DEBUG] Migration already effectively installed (skipped): \phpbb\db\migration\data\v310\profilefield_googleplus
[DEBUG] Migration already effectively installed (skipped): \phpbb\db\migration\data\v310\topic_sort_username
[DEBUG] Apply dependencies of \phpbb\db\migration\data\v310\notifications_use_full_name.
[DEBUG] Installing Data: \phpbb\db\migration\data\v310\notifications_use_full_name.
[INFO] Installed Data: \phpbb\db\migration\data\v310\notifications_use_full_name; Time: 3.74 seconds
[DEBUG] Migration already effectively installed (skipped): \phpbb\db\migration\data\v310\profilefield_googleplus
[DEBUG] Migration already effectively installed (skipped): \phpbb\db\migration\data\v310\topic_sort_username
[DEBUG] Migration already effectively installed (skipped): \phpbb\db\migration\data\v310\notifications_use_full_name
[DEBUG] Migration already effectively installed (skipped): \phpbb\db\migration\data\v310\forgot_password
[DEBUG] Migration already effectively installed (skipped): \phpbb\db\migration\data\v310\rc2
[DEBUG] Migration already effectively installed (skipped): \phpbb\db\migration\data\v310\auth_provider_oauth
[DEBUG] Migration already effectively installed (skipped): \phpbb\db\migration\data\v310\reset_missing_captcha_plugin
[DEBUG] Migration already effectively installed (skipped): \phpbb\db\migration\data\v310\profilefield_aol_cleanup
[DEBUG] Migration already effectively installed (skipped): \phpbb\db\migration\data\v310\prune_shadow_topics
[DEBUG] Migration already effectively installed (skipped): \phpbb\db\migration\data\v310\profilefield_types
[DEBUG] Migration already effectively installed (skipped): \phpbb\db\migration\data\v310\timezone_p2
[DEBUG] Migration already effectively installed (skipped): \phpbb\db\migration\data\v310\notifications_cron_p2
[DEBUG] Migration already effectively installed (skipped): \phpbb\db\migration\data\v310\profilefield_skype
[DEBUG] Migration already effectively installed (skipped): \phpbb\db\migration\data\v310\softdelete_p2
[DEBUG] Migration already effectively installed (skipped): \phpbb\db\migration\data\v310\profilefield_contact_field
[DEBUG] Migration already effectively installed (skipped): \phpbb\db\migration\data\v310\dev
[DEBUG] Migration already effectively installed (skipped): \phpbb\db\migration\data\v310\postgres_fulltext_drop
[DEBUG] Migration already effectively installed (skipped): \phpbb\db\migration\data\v310\boardindex
[DEBUG] Migration already effectively installed (skipped): \phpbb\db\migration\data\v310\acp_prune_users_module
[DEBUG] Migration already effectively installed (skipped): \phpbb\db\migration\data\v310\soft_delete_mod_convert2
[DEBUG] Migration already effectively installed (skipped): \phpbb\db\migration\data\v310\profilefield_location_cleanup
[DEBUG] Migration already effectively installed (skipped): \phpbb\db\migration\data\v310\rename_too_long_indexes
[DEBUG] Migration already effectively installed (skipped): \phpbb\db\migration\data\v310\profilefield_yahoo
[DEBUG] Migration already effectively installed (skipped): \phpbb\db\migration\data\v310\ucp_popuppm_module
[DEBUG] Migration already effectively installed (skipped): \phpbb\db\migration\data\v310\namespaces
[DEBUG] Migration already effectively installed (skipped): \phpbb\db\migration\data\v310\profilefield_occupation
[DEBUG] Migration already effectively installed (skipped): \phpbb\db\migration\data\v310\jquery_update
[DEBUG] Migration already effectively installed (skipped): \phpbb\db\migration\data\v310\alpha2
[DEBUG] Migration already effectively installed (skipped): \phpbb\db\migration\data\v310\profilefield_youtube
[DEBUG] Migration already effectively installed (skipped): \phpbb\db\migration\data\v310\notifications_schema_fix
[DEBUG] Migration already effectively installed (skipped): \phpbb\db\migration\data\v310\extensions_version_check_force_unstable
[DEBUG] Migration already effectively installed (skipped): \phpbb\db\migration\data\v310\auth_provider_oauth2
[DEBUG] Apply dependencies of \phpbb\db\migration\data\v310\remove_acp_styles_cache.
[DEBUG] Apply dependencies of \phpbb\db\migration\data\v310\rc4.
[DEBUG] Installing Schema: \phpbb\db\migration\data\v310\rc4.
[INFO] Installed Schema: \phpbb\db\migration\data\v310\rc4; Time: 0.00 seconds
[DEBUG] Migration already effectively installed (skipped): \phpbb\db\migration\data\v310\profilefield_googleplus
[DEBUG] Migration already effectively installed (skipped): \phpbb\db\migration\data\v310\topic_sort_username
[DEBUG] Migration already effectively installed (skipped): \phpbb\db\migration\data\v310\notifications_use_full_name
[DEBUG] Migration already effectively installed (skipped): \phpbb\db\migration\data\v310\forgot_password
[DEBUG] Migration already effectively installed (skipped): \phpbb\db\migration\data\v310\rc2
[DEBUG] Migration already effectively installed (skipped): \phpbb\db\migration\data\v310\auth_provider_oauth
[DEBUG] Migration already effectively installed (skipped): \phpbb\db\migration\data\v310\reset_missing_captcha_plugin
[DEBUG] Migration already effectively installed (skipped): \phpbb\db\migration\data\v310\profilefield_aol_cleanup
[DEBUG] Migration already effectively installed (skipped): \phpbb\db\migration\data\v310\prune_shadow_topics
[DEBUG] Migration already effectively installed (skipped): \phpbb\db\migration\data\v310\profilefield_types
[DEBUG] Migration already effectively installed (skipped): \phpbb\db\migration\data\v310\timezone_p2
[DEBUG] Migration already effectively installed (skipped): \phpbb\db\migration\data\v310\notifications_cron_p2
[DEBUG] Migration already effectively installed (skipped): \phpbb\db\migration\data\v310\profilefield_skype
[DEBUG] Migration already effectively installed (skipped): \phpbb\db\migration\data\v310\softdelete_p2
[DEBUG] Migration already effectively installed (skipped): \phpbb\db\migration\data\v310\profilefield_contact_field
[DEBUG] Migration already effectively installed (skipped): \phpbb\db\migration\data\v310\dev
[DEBUG] Migration already effectively installed (skipped): \phpbb\db\migration\data\v310\postgres_fulltext_drop
[DEBUG] Migration already effectively installed (skipped): \phpbb\db\migration\data\v310\boardindex
[DEBUG] Migration already effectively installed (skipped): \phpbb\db\migration\data\v310\acp_prune_users_module
[DEBUG] Migration already effectively installed (skipped): \phpbb\db\migration\data\v310\soft_delete_mod_convert2
[DEBUG] Migration already effectively installed (skipped): \phpbb\db\migration\data\v310\profilefield_location_cleanup
[DEBUG] Migration already effectively installed (skipped): \phpbb\db\migration\data\v310\rename_too_long_indexes
[DEBUG] Migration already effectively installed (skipped): \phpbb\db\migration\data\v310\profilefield_yahoo
[DEBUG] Migration already effectively installed (skipped): \phpbb\db\migration\data\v310\ucp_popuppm_module
[DEBUG] Migration already effectively installed (skipped): \phpbb\db\migration\data\v310\namespaces
[DEBUG] Migration already effectively installed (skipped): \phpbb\db\migration\data\v310\profilefield_occupation
[DEBUG] Migration already effectively installed (skipped): \phpbb\db\migration\data\v310\jquery_update
[DEBUG] Migration already effectively installed (skipped): \phpbb\db\migration\data\v310\alpha2
[DEBUG] Migration already effectively installed (skipped): \phpbb\db\migration\data\v310\profilefield_youtube
[DEBUG] Migration already effectively installed (skipped): \phpbb\db\migration\data\v310\notifications_schema_fix
[DEBUG] Migration already effectively installed (skipped): \phpbb\db\migration\data\v310\extensions_version_check_force_unstable
[DEBUG] Migration already effectively installed (skipped): \phpbb\db\migration\data\v310\auth_provider_oauth2
[DEBUG] Apply dependencies of \phpbb\db\migration\data\v310\remove_acp_styles_cache.
[DEBUG] Apply dependencies of \phpbb\db\migration\data\v310\rc4.
[DEBUG] Installing Data: \phpbb\db\migration\data\v310\rc4.
[INFO] Installed Data: \phpbb\db\migration\data\v310\rc4; Time: 0.00 seconds
[DEBUG] Migration already effectively installed (skipped): \phpbb\db\migration\data\v310\profilefield_googleplus
[DEBUG] Migration already effectively installed (skipped): \phpbb\db\migration\data\v310\topic_sort_username
[DEBUG] Migration already effectively installed (skipped): \phpbb\db\migration\data\v310\notifications_use_full_name
[DEBUG] Migration already effectively installed (skipped): \phpbb\db\migration\data\v310\forgot_password
[DEBUG] Migration already effectively installed (skipped): \phpbb\db\migration\data\v310\rc2
[DEBUG] Migration already effectively installed (skipped): \phpbb\db\migration\data\v310\auth_provider_oauth
[DEBUG] Migration already effectively installed (skipped): \phpbb\db\migration\data\v310\reset_missing_captcha_plugin
[DEBUG] Migration already effectively installed (skipped): \phpbb\db\migration\data\v310\profilefield_aol_cleanup
[DEBUG] Migration already effectively installed (skipped): \phpbb\db\migration\data\v310\prune_shadow_topics
[DEBUG] Migration already effectively installed (skipped): \phpbb\db\migration\data\v310\profilefield_types
[DEBUG] Migration already effectively installed (skipped): \phpbb\db\migration\data\v310\timezone_p2
[DEBUG] Migration already effectively installed (skipped): \phpbb\db\migration\data\v310\notifications_cron_p2
[DEBUG] Migration already effectively installed (skipped): \phpbb\db\migration\data\v310\profilefield_skype
[DEBUG] Migration already effectively installed (skipped): \phpbb\db\migration\data\v310\softdelete_p2
[DEBUG] Migration already effectively installed (skipped): \phpbb\db\migration\data\v310\profilefield_contact_field
[DEBUG] Migration already effectively installed (skipped): \phpbb\db\migration\data\v310\dev
[DEBUG] Migration already effectively installed (skipped): \phpbb\db\migration\data\v310\postgres_fulltext_drop
[DEBUG] Migration already effectively installed (skipped): \phpbb\db\migration\data\v310\boardindex
[DEBUG] Migration already effectively installed (skipped): \phpbb\db\migration\data\v310\acp_prune_users_module
[DEBUG] Migration already effectively installed (skipped): \phpbb\db\migration\data\v310\soft_delete_mod_convert2
[DEBUG] Migration already effectively installed (skipped): \phpbb\db\migration\data\v310\profilefield_location_cleanup
[DEBUG] Migration already effectively installed (skipped): \phpbb\db\migration\data\v310\rename_too_long_indexes
[DEBUG] Migration already effectively installed (skipped): \phpbb\db\migration\data\v310\profilefield_yahoo
[DEBUG] Migration already effectively installed (skipped): \phpbb\db\migration\data\v310\ucp_popuppm_module
[DEBUG] Migration already effectively installed (skipped): \phpbb\db\migration\data\v310\namespaces
[DEBUG] Migration already effectively installed (skipped): \phpbb\db\migration\data\v310\profilefield_occupation
[DEBUG] Migration already effectively installed (skipped): \phpbb\db\migration\data\v310\jquery_update
[DEBUG] Migration already effectively installed (skipped): \phpbb\db\migration\data\v310\alpha2
[DEBUG] Migration already effectively installed (skipped): \phpbb\db\migration\data\v310\profilefield_youtube
[DEBUG] Migration already effectively installed (skipped): \phpbb\db\migration\data\v310\notifications_schema_fix
[DEBUG] Migration already effectively installed (skipped): \phpbb\db\migration\data\v310\extensions_version_check_force_unstable
[DEBUG] Migration already effectively installed (skipped): \phpbb\db\migration\data\v310\auth_provider_oauth2
[DEBUG] Apply dependencies of \phpbb\db\migration\data\v310\remove_acp_styles_cache.
[DEBUG] Migration already effectively installed (skipped): \phpbb\db\migration\data\v310\remove_acp_styles_cache
[DEBUG] Migration already effectively installed (skipped): \phpbb\db\migration\data\v310\profilefield_googleplus
[DEBUG] Migration already effectively installed (skipped): \phpbb\db\migration\data\v310\topic_sort_username
[DEBUG] Migration already effectively installed (skipped): \phpbb\db\migration\data\v310\notifications_use_full_name
[DEBUG] Migration already effectively installed (skipped): \phpbb\db\migration\data\v310\forgot_password
[DEBUG] Migration already effectively installed (skipped): \phpbb\db\migration\data\v310\rc2
[DEBUG] Migration already effectively installed (skipped): \phpbb\db\migration\data\v310\auth_provider_oauth
[DEBUG] Migration already effectively installed (skipped): \phpbb\db\migration\data\v310\reset_missing_captcha_plugin
[DEBUG] Migration already effectively installed (skipped): \phpbb\db\migration\data\v310\profilefield_aol_cleanup
[DEBUG] Migration already effectively installed (skipped): \phpbb\db\migration\data\v310\prune_shadow_topics
[DEBUG] Migration already effectively installed (skipped): \phpbb\db\migration\data\v310\profilefield_types
[DEBUG] Migration already effectively installed (skipped): \phpbb\db\migration\data\v310\timezone_p2
[DEBUG] Migration already effectively installed (skipped): \phpbb\db\migration\data\v310\notifications_cron_p2
[DEBUG] Migration already effectively installed (skipped): \phpbb\db\migration\data\v310\profilefield_skype
[DEBUG] Migration already effectively installed (skipped): \phpbb\db\migration\data\v310\softdelete_p2
[DEBUG] Migration already effectively installed (skipped): \phpbb\db\migration\data\v310\profilefield_contact_field
[DEBUG] Migration already effectively installed (skipped): \phpbb\db\migration\data\v310\dev
[DEBUG] Migration already effectively installed (skipped): \phpbb\db\migration\data\v310\postgres_fulltext_drop
[DEBUG] Migration already effectively installed (skipped): \phpbb\db\migration\data\v310\boardindex
[DEBUG] Migration already effectively installed (skipped): \phpbb\db\migration\data\v310\acp_prune_users_module
[DEBUG] Migration already effectively installed (skipped): \phpbb\db\migration\data\v310\soft_delete_mod_convert2
[DEBUG] Migration already effectively installed (skipped): \phpbb\db\migration\data\v310\profilefield_location_cleanup
[DEBUG] Migration already effectively installed (skipped): \phpbb\db\migration\data\v310\rename_too_long_indexes
[DEBUG] Migration already effectively installed (skipped): \phpbb\db\migration\data\v310\profilefield_yahoo
[DEBUG] Migration already effectively installed (skipped): \phpbb\db\migration\data\v310\ucp_popuppm_module
[DEBUG] Migration already effectively installed (skipped): \phpbb\db\migration\data\v310\namespaces
[DEBUG] Migration already effectively installed (skipped): \phpbb\db\migration\data\v310\profilefield_occupation
[DEBUG] Migration already effectively installed (skipped): \phpbb\db\migration\data\v310\jquery_update
[DEBUG] Migration already effectively installed (skipped): \phpbb\db\migration\data\v310\alpha2
[DEBUG] Migration already effectively installed (skipped): \phpbb\db\migration\data\v310\profilefield_youtube
[DEBUG] Migration already effectively installed (skipped): \phpbb\db\migration\data\v310\notifications_schema_fix
[DEBUG] Migration already effectively installed (skipped): \phpbb\db\migration\data\v310\extensions_version_check_force_unstable
[DEBUG] Migration already effectively installed (skipped): \phpbb\db\migration\data\v310\auth_provider_oauth2
[DEBUG] Migration already effectively installed (skipped): \phpbb\db\migration\data\v310\remove_acp_styles_cache
[DEBUG] Migration already effectively installed (skipped): \phpbb\db\migration\data\v310\plupload
[DEBUG] Migration already effectively installed (skipped): \phpbb\db\migration\data\v310\profilefield_facebook
[DEBUG] Migration already effectively installed (skipped): \phpbb\db\migration\data\v310\config_db_text
[DEBUG] Migration already effectively installed (skipped): \phpbb\db\migration\data\v310\mod_rewrite
[DEBUG] Migration already effectively installed (skipped): \phpbb\db\migration\data\v310\profilefield_on_memberlist
[DEBUG] Migration already effectively installed (skipped): \phpbb\db\migration\data\v310\contact_admin_form
[DEBUG] Migration already effectively installed (skipped): \phpbb\db\migration\data\v310\style_update_p1
[DEBUG] Migration already effectively installed (skipped): \phpbb\db\migration\data\v310\passwords_convert_p1
[DEBUG] Migration already effectively installed (skipped): \phpbb\db\migration\data\v310\captcha_plugins
[DEBUG] Migration already effectively installed (skipped): \phpbb\db\migration\data\v310\alpha1
[DEBUG] Migration already effectively installed (skipped): \phpbb\db\migration\data\v310\profilefield_wlm_cleanup
[DEBUG] Migration already effectively installed (skipped): \phpbb\db\migration\data\v310\notification_options_reconvert
[DEBUG] Migration already effectively installed (skipped): \phpbb\db\migration\data\v310\soft_delete_mod_convert
[DEBUG] Migration already effectively installed (skipped): \phpbb\db\migration\data\v310\teampage
[DEBUG] Apply dependencies of \phpbb\db\migration\data\v310\rc6.
[DEBUG] Apply dependencies of \phpbb\db\migration\data\v310\rc5.
[DEBUG] Apply dependencies of \phpbb\db\migration\data\v310\profilefield_field_validation_length.
[DEBUG] Installing Schema: \phpbb\db\migration\data\v310\profilefield_field_validation_length.
[INFO] Installed Schema: \phpbb\db\migration\data\v310\profilefield_field_validation_length; Time: 0.03 seconds
[DEBUG] Migration already effectively installed (skipped): \phpbb\db\migration\data\v310\profilefield_googleplus
[DEBUG] Migration already effectively installed (skipped): \phpbb\db\migration\data\v310\topic_sort_username
[DEBUG] Migration already effectively installed (skipped): \phpbb\db\migration\data\v310\notifications_use_full_name
[DEBUG] Migration already effectively installed (skipped): \phpbb\db\migration\data\v310\forgot_password
[DEBUG] Migration already effectively installed (skipped): \phpbb\db\migration\data\v310\rc2
[DEBUG] Migration already effectively installed (skipped): \phpbb\db\migration\data\v310\auth_provider_oauth
[DEBUG] Migration already effectively installed (skipped): \phpbb\db\migration\data\v310\reset_missing_captcha_plugin
[DEBUG] Migration already effectively installed (skipped): \phpbb\db\migration\data\v310\profilefield_aol_cleanup
[DEBUG] Migration already effectively installed (skipped): \phpbb\db\migration\data\v310\prune_shadow_topics
[DEBUG] Migration already effectively installed (skipped): \phpbb\db\migration\data\v310\profilefield_types
[DEBUG] Migration already effectively installed (skipped): \phpbb\db\migration\data\v310\timezone_p2
[DEBUG] Migration already effectively installed (skipped): \phpbb\db\migration\data\v310\notifications_cron_p2
[DEBUG] Migration already effectively installed (skipped): \phpbb\db\migration\data\v310\profilefield_skype
[DEBUG] Migration already effectively installed (skipped): \phpbb\db\migration\data\v310\softdelete_p2
[DEBUG] Migration already effectively installed (skipped): \phpbb\db\migration\data\v310\profilefield_contact_field
[DEBUG] Migration already effectively installed (skipped): \phpbb\db\migration\data\v310\dev
[DEBUG] Migration already effectively installed (skipped): \phpbb\db\migration\data\v310\postgres_fulltext_drop
[DEBUG] Migration already effectively installed (skipped): \phpbb\db\migration\data\v310\boardindex
[DEBUG] Migration already effectively installed (skipped): \phpbb\db\migration\data\v310\acp_prune_users_module
[DEBUG] Migration already effectively installed (skipped): \phpbb\db\migration\data\v310\soft_delete_mod_convert2
[DEBUG] Migration already effectively installed (skipped): \phpbb\db\migration\data\v310\profilefield_location_cleanup
[DEBUG] Migration already effectively installed (skipped): \phpbb\db\migration\data\v310\rename_too_long_indexes
[DEBUG] Migration already effectively installed (skipped): \phpbb\db\migration\data\v310\profilefield_yahoo
[DEBUG] Migration already effectively installed (skipped): \phpbb\db\migration\data\v310\ucp_popuppm_module
[DEBUG] Migration already effectively installed (skipped): \phpbb\db\migration\data\v310\namespaces
[DEBUG] Migration already effectively installed (skipped): \phpbb\db\migration\data\v310\profilefield_occupation
[DEBUG] Migration already effectively installed (skipped): \phpbb\db\migration\data\v310\jquery_update
[DEBUG] Migration already effectively installed (skipped): \phpbb\db\migration\data\v310\alpha2
[DEBUG] Migration already effectively installed (skipped): \phpbb\db\migration\data\v310\profilefield_youtube
[DEBUG] Migration already effectively installed (skipped): \phpbb\db\migration\data\v310\notifications_schema_fix
[DEBUG] Migration already effectively installed (skipped): \phpbb\db\migration\data\v310\extensions_version_check_force_unstable
[DEBUG] Migration already effectively installed (skipped): \phpbb\db\migration\data\v310\auth_provider_oauth2
[DEBUG] Migration already effectively installed (skipped): \phpbb\db\migration\data\v310\remove_acp_styles_cache
[DEBUG] Migration already effectively installed (skipped): \phpbb\db\migration\data\v310\plupload
[DEBUG] Migration already effectively installed (skipped): \phpbb\db\migration\data\v310\profilefield_facebook
[DEBUG] Migration already effectively installed (skipped): \phpbb\db\migration\data\v310\config_db_text
[DEBUG] Migration already effectively installed (skipped): \phpbb\db\migration\data\v310\mod_rewrite
[DEBUG] Migration already effectively installed (skipped): \phpbb\db\migration\data\v310\profilefield_on_memberlist
[DEBUG] Migration already effectively installed (skipped): \phpbb\db\migration\data\v310\contact_admin_form
[DEBUG] Migration already effectively installed (skipped): \phpbb\db\migration\data\v310\style_update_p1
[DEBUG] Migration already effectively installed (skipped): \phpbb\db\migration\data\v310\passwords_convert_p1
[DEBUG] Migration already effectively installed (skipped): \phpbb\db\migration\data\v310\captcha_plugins
[DEBUG] Migration already effectively installed (skipped): \phpbb\db\migration\data\v310\alpha1
[DEBUG] Migration already effectively installed (skipped): \phpbb\db\migration\data\v310\profilefield_wlm_cleanup
[DEBUG] Migration already effectively installed (skipped): \phpbb\db\migration\data\v310\notification_options_reconvert
[DEBUG] Migration already effectively installed (skipped): \phpbb\db\migration\data\v310\soft_delete_mod_convert
[DEBUG] Migration already effectively installed (skipped): \phpbb\db\migration\data\v310\teampage
[DEBUG] Apply dependencies of \phpbb\db\migration\data\v310\rc6.
[DEBUG] Apply dependencies of \phpbb\db\migration\data\v310\rc5.
[DEBUG] Apply dependencies of \phpbb\db\migration\data\v310\profilefield_field_validation_length.
[DEBUG] Installing Data: \phpbb\db\migration\data\v310\profilefield_field_validation_length.
[INFO] Installed Data: \phpbb\db\migration\data\v310\profilefield_field_validation_length; Time: 0.00 seconds
[DEBUG] Migration already effectively installed (skipped): \phpbb\db\migration\data\v310\profilefield_googleplus
[DEBUG] Migration already effectively installed (skipped): \phpbb\db\migration\data\v310\topic_sort_username
[DEBUG] Migration already effectively installed (skipped): \phpbb\db\migration\data\v310\notifications_use_full_name
[DEBUG] Migration already effectively installed (skipped): \phpbb\db\migration\data\v310\forgot_password
[DEBUG] Migration already effectively installed (skipped): \phpbb\db\migration\data\v310\rc2
[DEBUG] Migration already effectively installed (skipped): \phpbb\db\migration\data\v310\auth_provider_oauth
[DEBUG] Migration already effectively installed (skipped): \phpbb\db\migration\data\v310\reset_missing_captcha_plugin
[DEBUG] Migration already effectively installed (skipped): \phpbb\db\migration\data\v310\profilefield_aol_cleanup
[DEBUG] Migration already effectively installed (skipped): \phpbb\db\migration\data\v310\prune_shadow_topics
[DEBUG] Migration already effectively installed (skipped): \phpbb\db\migration\data\v310\profilefield_types
[DEBUG] Migration already effectively installed (skipped): \phpbb\db\migration\data\v310\timezone_p2
[DEBUG] Migration already effectively installed (skipped): \phpbb\db\migration\data\v310\notifications_cron_p2
[DEBUG] Migration already effectively installed (skipped): \phpbb\db\migration\data\v310\profilefield_skype
[DEBUG] Migration already effectively installed (skipped): \phpbb\db\migration\data\v310\softdelete_p2
[DEBUG] Migration already effectively installed (skipped): \phpbb\db\migration\data\v310\profilefield_contact_field
[DEBUG] Migration already effectively installed (skipped): \phpbb\db\migration\data\v310\dev
[DEBUG] Migration already effectively installed (skipped): \phpbb\db\migration\data\v310\postgres_fulltext_drop
[DEBUG] Migration already effectively installed (skipped): \phpbb\db\migration\data\v310\boardindex
[DEBUG] Migration already effectively installed (skipped): \phpbb\db\migration\data\v310\acp_prune_users_module
[DEBUG] Migration already effectively installed (skipped): \phpbb\db\migration\data\v310\soft_delete_mod_convert2
[DEBUG] Migration already effectively installed (skipped): \phpbb\db\migration\data\v310\profilefield_location_cleanup
[DEBUG] Migration already effectively installed (skipped): \phpbb\db\migration\data\v310\rename_too_long_indexes
[DEBUG] Migration already effectively installed (skipped): \phpbb\db\migration\data\v310\profilefield_yahoo
[DEBUG] Migration already effectively installed (skipped): \phpbb\db\migration\data\v310\ucp_popuppm_module
[DEBUG] Migration already effectively installed (skipped): \phpbb\db\migration\data\v310\namespaces
[DEBUG] Migration already effectively installed (skipped): \phpbb\db\migration\data\v310\profilefield_occupation
[DEBUG] Migration already effectively installed (skipped): \phpbb\db\migration\data\v310\jquery_update
[DEBUG] Migration already effectively installed (skipped): \phpbb\db\migration\data\v310\alpha2
[DEBUG] Migration already effectively installed (skipped): \phpbb\db\migration\data\v310\profilefield_youtube
[DEBUG] Migration already effectively installed (skipped): \phpbb\db\migration\data\v310\notifications_schema_fix
[DEBUG] Migration already effectively installed (skipped): \phpbb\db\migration\data\v310\extensions_version_check_force_unstable
[DEBUG] Migration already effectively installed (skipped): \phpbb\db\migration\data\v310\auth_provider_oauth2
[DEBUG] Migration already effectively installed (skipped): \phpbb\db\migration\data\v310\remove_acp_styles_cache
[DEBUG] Migration already effectively installed (skipped): \phpbb\db\migration\data\v310\plupload
[DEBUG] Migration already effectively installed (skipped): \phpbb\db\migration\data\v310\profilefield_facebook
[DEBUG] Migration already effectively installed (skipped): \phpbb\db\migration\data\v310\config_db_text
[DEBUG] Migration already effectively installed (skipped): \phpbb\db\migration\data\v310\mod_rewrite
[DEBUG] Migration already effectively installed (skipped): \phpbb\db\migration\data\v310\profilefield_on_memberlist
[DEBUG] Migration already effectively installed (skipped): \phpbb\db\migration\data\v310\contact_admin_form
[DEBUG] Migration already effectively installed (skipped): \phpbb\db\migration\data\v310\style_update_p1
[DEBUG] Migration already effectively installed (skipped): \phpbb\db\migration\data\v310\passwords_convert_p1
[DEBUG] Migration already effectively installed (skipped): \phpbb\db\migration\data\v310\captcha_plugins
[DEBUG] Migration already effectively installed (skipped): \phpbb\db\migration\data\v310\alpha1
[DEBUG] Migration already effectively installed (skipped): \phpbb\db\migration\data\v310\profilefield_wlm_cleanup
[DEBUG] Migration already effectively installed (skipped): \phpbb\db\migration\data\v310\notification_options_reconvert
[DEBUG] Migration already effectively installed (skipped): \phpbb\db\migration\data\v310\soft_delete_mod_convert
[DEBUG] Migration already effectively installed (skipped): \phpbb\db\migration\data\v310\teampage
[DEBUG] Apply dependencies of \phpbb\db\migration\data\v310\rc6.
[DEBUG] Apply dependencies of \phpbb\db\migration\data\v310\rc5.
[DEBUG] Installing Schema: \phpbb\db\migration\data\v310\rc5.
[INFO] Installed Schema: \phpbb\db\migration\data\v310\rc5; Time: 0.00 seconds
[DEBUG] Migration already effectively installed (skipped): \phpbb\db\migration\data\v310\profilefield_googleplus
[DEBUG] Migration already effectively installed (skipped): \phpbb\db\migration\data\v310\topic_sort_username
[DEBUG] Migration already effectively installed (skipped): \phpbb\db\migration\data\v310\notifications_use_full_name
[DEBUG] Migration already effectively installed (skipped): \phpbb\db\migration\data\v310\forgot_password
[DEBUG] Migration already effectively installed (skipped): \phpbb\db\migration\data\v310\rc2
[DEBUG] Migration already effectively installed (skipped): \phpbb\db\migration\data\v310\auth_provider_oauth
[DEBUG] Migration already effectively installed (skipped): \phpbb\db\migration\data\v310\reset_missing_captcha_plugin
[DEBUG] Migration already effectively installed (skipped): \phpbb\db\migration\data\v310\profilefield_aol_cleanup
[DEBUG] Migration already effectively installed (skipped): \phpbb\db\migration\data\v310\prune_shadow_topics
[DEBUG] Migration already effectively installed (skipped): \phpbb\db\migration\data\v310\profilefield_types
[DEBUG] Migration already effectively installed (skipped): \phpbb\db\migration\data\v310\timezone_p2
[DEBUG] Migration already effectively installed (skipped): \phpbb\db\migration\data\v310\notifications_cron_p2
[DEBUG] Migration already effectively installed (skipped): \phpbb\db\migration\data\v310\profilefield_skype
[DEBUG] Migration already effectively installed (skipped): \phpbb\db\migration\data\v310\softdelete_p2
[DEBUG] Migration already effectively installed (skipped): \phpbb\db\migration\data\v310\profilefield_contact_field
[DEBUG] Migration already effectively installed (skipped): \phpbb\db\migration\data\v310\dev
[DEBUG] Migration already effectively installed (skipped): \phpbb\db\migration\data\v310\postgres_fulltext_drop
[DEBUG] Migration already effectively installed (skipped): \phpbb\db\migration\data\v310\boardindex
[DEBUG] Migration already effectively installed (skipped): \phpbb\db\migration\data\v310\acp_prune_users_module
[DEBUG] Migration already effectively installed (skipped): \phpbb\db\migration\data\v310\soft_delete_mod_convert2
[DEBUG] Migration already effectively installed (skipped): \phpbb\db\migration\data\v310\profilefield_location_cleanup
[DEBUG] Migration already effectively installed (skipped): \phpbb\db\migration\data\v310\rename_too_long_indexes
[DEBUG] Migration already effectively installed (skipped): \phpbb\db\migration\data\v310\profilefield_yahoo
[DEBUG] Migration already effectively installed (skipped): \phpbb\db\migration\data\v310\ucp_popuppm_module
[DEBUG] Migration already effectively installed (skipped): \phpbb\db\migration\data\v310\namespaces
[DEBUG] Migration already effectively installed (skipped): \phpbb\db\migration\data\v310\profilefield_occupation
[DEBUG] Migration already effectively installed (skipped): \phpbb\db\migration\data\v310\jquery_update
[DEBUG] Migration already effectively installed (skipped): \phpbb\db\migration\data\v310\alpha2
[DEBUG] Migration already effectively installed (skipped): \phpbb\db\migration\data\v310\profilefield_youtube
[DEBUG] Migration already effectively installed (skipped): \phpbb\db\migration\data\v310\notifications_schema_fix
[DEBUG] Migration already effectively installed (skipped): \phpbb\db\migration\data\v310\extensions_version_check_force_unstable
[DEBUG] Migration already effectively installed (skipped): \phpbb\db\migration\data\v310\auth_provider_oauth2
[DEBUG] Migration already effectively installed (skipped): \phpbb\db\migration\data\v310\remove_acp_styles_cache
[DEBUG] Migration already effectively installed (skipped): \phpbb\db\migration\data\v310\plupload
[DEBUG] Migration already effectively installed (skipped): \phpbb\db\migration\data\v310\profilefield_facebook
[DEBUG] Migration already effectively installed (skipped): \phpbb\db\migration\data\v310\config_db_text
[DEBUG] Migration already effectively installed (skipped): \phpbb\db\migration\data\v310\mod_rewrite
[DEBUG] Migration already effectively installed (skipped): \phpbb\db\migration\data\v310\profilefield_on_memberlist
[DEBUG] Migration already effectively installed (skipped): \phpbb\db\migration\data\v310\contact_admin_form
[DEBUG] Migration already effectively installed (skipped): \phpbb\db\migration\data\v310\style_update_p1
[DEBUG] Migration already effectively installed (skipped): \phpbb\db\migration\data\v310\passwords_convert_p1
[DEBUG] Migration already effectively installed (skipped): \phpbb\db\migration\data\v310\captcha_plugins
[DEBUG] Migration already effectively installed (skipped): \phpbb\db\migration\data\v310\alpha1
[DEBUG] Migration already effectively installed (skipped): \phpbb\db\migration\data\v310\profilefield_wlm_cleanup
[DEBUG] Migration already effectively installed (skipped): \phpbb\db\migration\data\v310\notification_options_reconvert
[DEBUG] Migration already effectively installed (skipped): \phpbb\db\migration\data\v310\soft_delete_mod_convert
[DEBUG] Migration already effectively installed (skipped): \phpbb\db\migration\data\v310\teampage
[DEBUG] Apply dependencies of \phpbb\db\migration\data\v310\rc6.
[DEBUG] Apply dependencies of \phpbb\db\migration\data\v310\rc5.
[DEBUG] Installing Data: \phpbb\db\migration\data\v310\rc5.
[INFO] Installed Data: \phpbb\db\migration\data\v310\rc5; Time: 0.00 seconds
[DEBUG] Migration already effectively installed (skipped): \phpbb\db\migration\data\v310\profilefield_googleplus
[DEBUG] Migration already effectively installed (skipped): \phpbb\db\migration\data\v310\topic_sort_username
[DEBUG] Migration already effectively installed (skipped): \phpbb\db\migration\data\v310\notifications_use_full_name
[DEBUG] Migration already effectively installed (skipped): \phpbb\db\migration\data\v310\forgot_password
[DEBUG] Migration already effectively installed (skipped): \phpbb\db\migration\data\v310\rc2
[DEBUG] Migration already effectively installed (skipped): \phpbb\db\migration\data\v310\auth_provider_oauth
[DEBUG] Migration already effectively installed (skipped): \phpbb\db\migration\data\v310\reset_missing_captcha_plugin
[DEBUG] Migration already effectively installed (skipped): \phpbb\db\migration\data\v310\profilefield_aol_cleanup
[DEBUG] Migration already effectively installed (skipped): \phpbb\db\migration\data\v310\prune_shadow_topics
[DEBUG] Migration already effectively installed (skipped): \phpbb\db\migration\data\v310\profilefield_types
[DEBUG] Migration already effectively installed (skipped): \phpbb\db\migration\data\v310\timezone_p2
[DEBUG] Migration already effectively installed (skipped): \phpbb\db\migration\data\v310\notifications_cron_p2
[DEBUG] Migration already effectively installed (skipped): \phpbb\db\migration\data\v310\profilefield_skype
[DEBUG] Migration already effectively installed (skipped): \phpbb\db\migration\data\v310\softdelete_p2
[DEBUG] Migration already effectively installed (skipped): \phpbb\db\migration\data\v310\profilefield_contact_field
[DEBUG] Migration already effectively installed (skipped): \phpbb\db\migration\data\v310\dev
[DEBUG] Migration already effectively installed (skipped): \phpbb\db\migration\data\v310\postgres_fulltext_drop
[DEBUG] Migration already effectively installed (skipped): \phpbb\db\migration\data\v310\boardindex
[DEBUG] Migration already effectively installed (skipped): \phpbb\db\migration\data\v310\acp_prune_users_module
[DEBUG] Migration already effectively installed (skipped): \phpbb\db\migration\data\v310\soft_delete_mod_convert2
[DEBUG] Migration already effectively installed (skipped): \phpbb\db\migration\data\v310\profilefield_location_cleanup
[DEBUG] Migration already effectively installed (skipped): \phpbb\db\migration\data\v310\rename_too_long_indexes
[DEBUG] Migration already effectively installed (skipped): \phpbb\db\migration\data\v310\profilefield_yahoo
[DEBUG] Migration already effectively installed (skipped): \phpbb\db\migration\data\v310\ucp_popuppm_module
[DEBUG] Migration already effectively installed (skipped): \phpbb\db\migration\data\v310\namespaces
[DEBUG] Migration already effectively installed (skipped): \phpbb\db\migration\data\v310\profilefield_occupation
[DEBUG] Migration already effectively installed (skipped): \phpbb\db\migration\data\v310\jquery_update
[DEBUG] Migration already effectively installed (skipped): \phpbb\db\migration\data\v310\alpha2
[DEBUG] Migration already effectively installed (skipped): \phpbb\db\migration\data\v310\profilefield_youtube
[DEBUG] Migration already effectively installed (skipped): \phpbb\db\migration\data\v310\notifications_schema_fix
[DEBUG] Migration already effectively installed (skipped): \phpbb\db\migration\data\v310\extensions_version_check_force_unstable
[DEBUG] Migration already effectively installed (skipped): \phpbb\db\migration\data\v310\auth_provider_oauth2
[DEBUG] Migration already effectively installed (skipped): \phpbb\db\migration\data\v310\remove_acp_styles_cache
[DEBUG] Migration already effectively installed (skipped): \phpbb\db\migration\data\v310\plupload
[DEBUG] Migration already effectively installed (skipped): \phpbb\db\migration\data\v310\profilefield_facebook
[DEBUG] Migration already effectively installed (skipped): \phpbb\db\migration\data\v310\config_db_text
[DEBUG] Migration already effectively installed (skipped): \phpbb\db\migration\data\v310\mod_rewrite
[DEBUG] Migration already effectively installed (skipped): \phpbb\db\migration\data\v310\profilefield_on_memberlist
[DEBUG] Migration already effectively installed (skipped): \phpbb\db\migration\data\v310\contact_admin_form
[DEBUG] Migration already effectively installed (skipped): \phpbb\db\migration\data\v310\style_update_p1
[DEBUG] Migration already effectively installed (skipped): \phpbb\db\migration\data\v310\passwords_convert_p1
[DEBUG] Migration already effectively installed (skipped): \phpbb\db\migration\data\v310\captcha_plugins
[DEBUG] Migration already effectively installed (skipped): \phpbb\db\migration\data\v310\alpha1
[DEBUG] Migration already effectively installed (skipped): \phpbb\db\migration\data\v310\profilefield_wlm_cleanup
[DEBUG] Migration already effectively installed (skipped): \phpbb\db\migration\data\v310\notification_options_reconvert
[DEBUG] Migration already effectively installed (skipped): \phpbb\db\migration\data\v310\soft_delete_mod_convert
[DEBUG] Migration already effectively installed (skipped): \phpbb\db\migration\data\v310\teampage
[DEBUG] Apply dependencies of \phpbb\db\migration\data\v310\rc6.
[DEBUG] Installing Schema: \phpbb\db\migration\data\v310\rc6.
[INFO] Installed Schema: \phpbb\db\migration\data\v310\rc6; Time: 0.00 seconds
[DEBUG] Migration already effectively installed (skipped): \phpbb\db\migration\data\v310\profilefield_googleplus
[DEBUG] Migration already effectively installed (skipped): \phpbb\db\migration\data\v310\topic_sort_username
[DEBUG] Migration already effectively installed (skipped): \phpbb\db\migration\data\v310\notifications_use_full_name
[DEBUG] Migration already effectively installed (skipped): \phpbb\db\migration\data\v310\forgot_password
[DEBUG] Migration already effectively installed (skipped): \phpbb\db\migration\data\v310\rc2
[DEBUG] Migration already effectively installed (skipped): \phpbb\db\migration\data\v310\auth_provider_oauth
[DEBUG] Migration already effectively installed (skipped): \phpbb\db\migration\data\v310\reset_missing_captcha_plugin
[DEBUG] Migration already effectively installed (skipped): \phpbb\db\migration\data\v310\profilefield_aol_cleanup
[DEBUG] Migration already effectively installed (skipped): \phpbb\db\migration\data\v310\prune_shadow_topics
[DEBUG] Migration already effectively installed (skipped): \phpbb\db\migration\data\v310\profilefield_types
[DEBUG] Migration already effectively installed (skipped): \phpbb\db\migration\data\v310\timezone_p2
[DEBUG] Migration already effectively installed (skipped): \phpbb\db\migration\data\v310\notifications_cron_p2
[DEBUG] Migration already effectively installed (skipped): \phpbb\db\migration\data\v310\profilefield_skype
[DEBUG] Migration already effectively installed (skipped): \phpbb\db\migration\data\v310\softdelete_p2
[DEBUG] Migration already effectively installed (skipped): \phpbb\db\migration\data\v310\profilefield_contact_field
[DEBUG] Migration already effectively installed (skipped): \phpbb\db\migration\data\v310\dev
[DEBUG] Migration already effectively installed (skipped): \phpbb\db\migration\data\v310\postgres_fulltext_drop
[DEBUG] Migration already effectively installed (skipped): \phpbb\db\migration\data\v310\boardindex
[DEBUG] Migration already effectively installed (skipped): \phpbb\db\migration\data\v310\acp_prune_users_module
[DEBUG] Migration already effectively installed (skipped): \phpbb\db\migration\data\v310\soft_delete_mod_convert2
[DEBUG] Migration already effectively installed (skipped): \phpbb\db\migration\data\v310\profilefield_location_cleanup
[DEBUG] Migration already effectively installed (skipped): \phpbb\db\migration\data\v310\rename_too_long_indexes
[DEBUG] Migration already effectively installed (skipped): \phpbb\db\migration\data\v310\profilefield_yahoo
[DEBUG] Migration already effectively installed (skipped): \phpbb\db\migration\data\v310\ucp_popuppm_module
[DEBUG] Migration already effectively installed (skipped): \phpbb\db\migration\data\v310\namespaces
[DEBUG] Migration already effectively installed (skipped): \phpbb\db\migration\data\v310\profilefield_occupation
[DEBUG] Migration already effectively installed (skipped): \phpbb\db\migration\data\v310\jquery_update
[DEBUG] Migration already effectively installed (skipped): \phpbb\db\migration\data\v310\alpha2
[DEBUG] Migration already effectively installed (skipped): \phpbb\db\migration\data\v310\profilefield_youtube
[DEBUG] Migration already effectively installed (skipped): \phpbb\db\migration\data\v310\notifications_schema_fix
[DEBUG] Migration already effectively installed (skipped): \phpbb\db\migration\data\v310\extensions_version_check_force_unstable
[DEBUG] Migration already effectively installed (skipped): \phpbb\db\migration\data\v310\auth_provider_oauth2
[DEBUG] Migration already effectively installed (skipped): \phpbb\db\migration\data\v310\remove_acp_styles_cache
[DEBUG] Migration already effectively installed (skipped): \phpbb\db\migration\data\v310\plupload
[DEBUG] Migration already effectively installed (skipped): \phpbb\db\migration\data\v310\profilefield_facebook
[DEBUG] Migration already effectively installed (skipped): \phpbb\db\migration\data\v310\config_db_text
[DEBUG] Migration already effectively installed (skipped): \phpbb\db\migration\data\v310\mod_rewrite
[DEBUG] Migration already effectively installed (skipped): \phpbb\db\migration\data\v310\profilefield_on_memberlist
[DEBUG] Migration already effectively installed (skipped): \phpbb\db\migration\data\v310\contact_admin_form
[DEBUG] Migration already effectively installed (skipped): \phpbb\db\migration\data\v310\style_update_p1
[DEBUG] Migration already effectively installed (skipped): \phpbb\db\migration\data\v310\passwords_convert_p1
[DEBUG] Migration already effectively installed (skipped): \phpbb\db\migration\data\v310\captcha_plugins
[DEBUG] Migration already effectively installed (skipped): \phpbb\db\migration\data\v310\alpha1
[DEBUG] Migration already effectively installed (skipped): \phpbb\db\migration\data\v310\profilefield_wlm_cleanup
[DEBUG] Migration already effectively installed (skipped): \phpbb\db\migration\data\v310\notification_options_reconvert
[DEBUG] Migration already effectively installed (skipped): \phpbb\db\migration\data\v310\soft_delete_mod_convert
[DEBUG] Migration already effectively installed (skipped): \phpbb\db\migration\data\v310\teampage
[DEBUG] Apply dependencies of \phpbb\db\migration\data\v310\rc6.
[DEBUG] Installing Data: \phpbb\db\migration\data\v310\rc6.
[INFO] Installed Data: \phpbb\db\migration\data\v310\rc6; Time: 0.00 seconds
[DEBUG] Migration already effectively installed (skipped): \phpbb\db\migration\data\v310\profilefield_googleplus
[DEBUG] Migration already effectively installed (skipped): \phpbb\db\migration\data\v310\topic_sort_username
[DEBUG] Migration already effectively installed (skipped): \phpbb\db\migration\data\v310\notifications_use_full_name
[DEBUG] Migration already effectively installed (skipped): \phpbb\db\migration\data\v310\forgot_password
[DEBUG] Migration already effectively installed (skipped): \phpbb\db\migration\data\v310\rc2
[DEBUG] Migration already effectively installed (skipped): \phpbb\db\migration\data\v310\auth_provider_oauth
[DEBUG] Migration already effectively installed (skipped): \phpbb\db\migration\data\v310\reset_missing_captcha_plugin
[DEBUG] Migration already effectively installed (skipped): \phpbb\db\migration\data\v310\profilefield_aol_cleanup
[DEBUG] Migration already effectively installed (skipped): \phpbb\db\migration\data\v310\prune_shadow_topics
[DEBUG] Migration already effectively installed (skipped): \phpbb\db\migration\data\v310\profilefield_types
[DEBUG] Migration already effectively installed (skipped): \phpbb\db\migration\data\v310\timezone_p2
[DEBUG] Migration already effectively installed (skipped): \phpbb\db\migration\data\v310\notifications_cron_p2
[DEBUG] Migration already effectively installed (skipped): \phpbb\db\migration\data\v310\profilefield_skype
[DEBUG] Migration already effectively installed (skipped): \phpbb\db\migration\data\v310\softdelete_p2
[DEBUG] Migration already effectively installed (skipped): \phpbb\db\migration\data\v310\profilefield_contact_field
[DEBUG] Migration already effectively installed (skipped): \phpbb\db\migration\data\v310\dev
[DEBUG] Migration already effectively installed (skipped): \phpbb\db\migration\data\v310\postgres_fulltext_drop
[DEBUG] Migration already effectively installed (skipped): \phpbb\db\migration\data\v310\boardindex
[DEBUG] Migration already effectively installed (skipped): \phpbb\db\migration\data\v310\acp_prune_users_module
[DEBUG] Migration already effectively installed (skipped): \phpbb\db\migration\data\v310\soft_delete_mod_convert2
[DEBUG] Migration already effectively installed (skipped): \phpbb\db\migration\data\v310\profilefield_location_cleanup
[DEBUG] Migration already effectively installed (skipped): \phpbb\db\migration\data\v310\rename_too_long_indexes
[DEBUG] Migration already effectively installed (skipped): \phpbb\db\migration\data\v310\profilefield_yahoo
[DEBUG] Migration already effectively installed (skipped): \phpbb\db\migration\data\v310\ucp_popuppm_module
[DEBUG] Migration already effectively installed (skipped): \phpbb\db\migration\data\v310\namespaces
[DEBUG] Migration already effectively installed (skipped): \phpbb\db\migration\data\v310\profilefield_occupation
[DEBUG] Migration already effectively installed (skipped): \phpbb\db\migration\data\v310\jquery_update
[DEBUG] Migration already effectively installed (skipped): \phpbb\db\migration\data\v310\alpha2
[DEBUG] Migration already effectively installed (skipped): \phpbb\db\migration\data\v310\profilefield_youtube
[DEBUG] Migration already effectively installed (skipped): \phpbb\db\migration\data\v310\notifications_schema_fix
[DEBUG] Migration already effectively installed (skipped): \phpbb\db\migration\data\v310\extensions_version_check_force_unstable
[DEBUG] Migration already effectively installed (skipped): \phpbb\db\migration\data\v310\auth_provider_oauth2
[DEBUG] Migration already effectively installed (skipped): \phpbb\db\migration\data\v310\remove_acp_styles_cache
[DEBUG] Migration already effectively installed (skipped): \phpbb\db\migration\data\v310\plupload
[DEBUG] Migration already effectively installed (skipped): \phpbb\db\migration\data\v310\profilefield_facebook
[DEBUG] Migration already effectively installed (skipped): \phpbb\db\migration\data\v310\config_db_text
[DEBUG] Migration already effectively installed (skipped): \phpbb\db\migration\data\v310\mod_rewrite
[DEBUG] Migration already effectively installed (skipped): \phpbb\db\migration\data\v310\profilefield_on_memberlist
[DEBUG] Migration already effectively installed (skipped): \phpbb\db\migration\data\v310\contact_admin_form
[DEBUG] Migration already effectively installed (skipped): \phpbb\db\migration\data\v310\style_update_p1
[DEBUG] Migration already effectively installed (skipped): \phpbb\db\migration\data\v310\passwords_convert_p1
[DEBUG] Migration already effectively installed (skipped): \phpbb\db\migration\data\v310\captcha_plugins
[DEBUG] Migration already effectively installed (skipped): \phpbb\db\migration\data\v310\alpha1
[DEBUG] Migration already effectively installed (skipped): \phpbb\db\migration\data\v310\profilefield_wlm_cleanup
[DEBUG] Migration already effectively installed (skipped): \phpbb\db\migration\data\v310\notification_options_reconvert
[DEBUG] Migration already effectively installed (skipped): \phpbb\db\migration\data\v310\soft_delete_mod_convert
[DEBUG] Migration already effectively installed (skipped): \phpbb\db\migration\data\v310\teampage
[DEBUG] Migration already effectively installed (skipped): \phpbb\db\migration\data\v310\rc6
[DEBUG] Migration already effectively installed (skipped): \phpbb\db\migration\data\v310\profilefield_aol
[DEBUG] Migration already effectively installed (skipped): \phpbb\db\migration\data\v310\live_searches_config
[DEBUG] Migration already effectively installed (skipped): \phpbb\db\migration\data\v310\beta4
[DEBUG] Migration already effectively installed (skipped): \phpbb\db\migration\data\v310\profilefield_interests
[DEBUG] Migration already effectively installed (skipped): \phpbb\db\migration\data\v310\search_type
[DEBUG] Migration already effectively installed (skipped): \phpbb\db\migration\data\v310\acp_style_components_module
[DEBUG] Migration already effectively installed (skipped): \phpbb\db\migration\data\v310\passwords_convert_p2
[DEBUG] Migration already effectively installed (skipped): \phpbb\db\migration\data\v310\beta3
[DEBUG] Apply dependencies of \phpbb\db\migration\data\v310\bot_update.
[DEBUG] Installing Schema: \phpbb\db\migration\data\v310\bot_update.
[INFO] Installed Schema: \phpbb\db\migration\data\v310\bot_update; Time: 0.00 seconds
[DEBUG] Migration already effectively installed (skipped): \phpbb\db\migration\data\v310\profilefield_googleplus
[DEBUG] Migration already effectively installed (skipped): \phpbb\db\migration\data\v310\topic_sort_username
[DEBUG] Migration already effectively installed (skipped): \phpbb\db\migration\data\v310\notifications_use_full_name
[DEBUG] Migration already effectively installed (skipped): \phpbb\db\migration\data\v310\forgot_password
[DEBUG] Migration already effectively installed (skipped): \phpbb\db\migration\data\v310\rc2
[DEBUG] Migration already effectively installed (skipped): \phpbb\db\migration\data\v310\auth_provider_oauth
[DEBUG] Migration already effectively installed (skipped): \phpbb\db\migration\data\v310\reset_missing_captcha_plugin
[DEBUG] Migration already effectively installed (skipped): \phpbb\db\migration\data\v310\profilefield_aol_cleanup
[DEBUG] Migration already effectively installed (skipped): \phpbb\db\migration\data\v310\prune_shadow_topics
[DEBUG] Migration already effectively installed (skipped): \phpbb\db\migration\data\v310\profilefield_types
[DEBUG] Migration already effectively installed (skipped): \phpbb\db\migration\data\v310\timezone_p2
[DEBUG] Migration already effectively installed (skipped): \phpbb\db\migration\data\v310\notifications_cron_p2
[DEBUG] Migration already effectively installed (skipped): \phpbb\db\migration\data\v310\profilefield_skype
[DEBUG] Migration already effectively installed (skipped): \phpbb\db\migration\data\v310\softdelete_p2
[DEBUG] Migration already effectively installed (skipped): \phpbb\db\migration\data\v310\profilefield_contact_field
[DEBUG] Migration already effectively installed (skipped): \phpbb\db\migration\data\v310\dev
[DEBUG] Migration already effectively installed (skipped): \phpbb\db\migration\data\v310\postgres_fulltext_drop
[DEBUG] Migration already effectively installed (skipped): \phpbb\db\migration\data\v310\boardindex
[DEBUG] Migration already effectively installed (skipped): \phpbb\db\migration\data\v310\acp_prune_users_module
[DEBUG] Migration already effectively installed (skipped): \phpbb\db\migration\data\v310\soft_delete_mod_convert2
[DEBUG] Migration already effectively installed (skipped): \phpbb\db\migration\data\v310\profilefield_location_cleanup
[DEBUG] Migration already effectively installed (skipped): \phpbb\db\migration\data\v310\rename_too_long_indexes
[DEBUG] Migration already effectively installed (skipped): \phpbb\db\migration\data\v310\profilefield_yahoo
[DEBUG] Migration already effectively installed (skipped): \phpbb\db\migration\data\v310\ucp_popuppm_module
[DEBUG] Migration already effectively installed (skipped): \phpbb\db\migration\data\v310\namespaces
[DEBUG] Migration already effectively installed (skipped): \phpbb\db\migration\data\v310\profilefield_occupation
[DEBUG] Migration already effectively installed (skipped): \phpbb\db\migration\data\v310\jquery_update
[DEBUG] Migration already effectively installed (skipped): \phpbb\db\migration\data\v310\alpha2
[DEBUG] Migration already effectively installed (skipped): \phpbb\db\migration\data\v310\profilefield_youtube
[DEBUG] Migration already effectively installed (skipped): \phpbb\db\migration\data\v310\notifications_schema_fix
[DEBUG] Migration already effectively installed (skipped): \phpbb\db\migration\data\v310\extensions_version_check_force_unstable
[DEBUG] Migration already effectively installed (skipped): \phpbb\db\migration\data\v310\auth_provider_oauth2
[DEBUG] Migration already effectively installed (skipped): \phpbb\db\migration\data\v310\remove_acp_styles_cache
[DEBUG] Migration already effectively installed (skipped): \phpbb\db\migration\data\v310\plupload
[DEBUG] Migration already effectively installed (skipped): \phpbb\db\migration\data\v310\profilefield_facebook
[DEBUG] Migration already effectively installed (skipped): \phpbb\db\migration\data\v310\config_db_text
[DEBUG] Migration already effectively installed (skipped): \phpbb\db\migration\data\v310\mod_rewrite
[DEBUG] Migration already effectively installed (skipped): \phpbb\db\migration\data\v310\profilefield_on_memberlist
[DEBUG] Migration already effectively installed (skipped): \phpbb\db\migration\data\v310\contact_admin_form
[DEBUG] Migration already effectively installed (skipped): \phpbb\db\migration\data\v310\style_update_p1
[DEBUG] Migration already effectively installed (skipped): \phpbb\db\migration\data\v310\passwords_convert_p1
[DEBUG] Migration already effectively installed (skipped): \phpbb\db\migration\data\v310\captcha_plugins
[DEBUG] Migration already effectively installed (skipped): \phpbb\db\migration\data\v310\alpha1
[DEBUG] Migration already effectively installed (skipped): \phpbb\db\migration\data\v310\profilefield_wlm_cleanup
[DEBUG] Migration already effectively installed (skipped): \phpbb\db\migration\data\v310\notification_options_reconvert
[DEBUG] Migration already effectively installed (skipped): \phpbb\db\migration\data\v310\soft_delete_mod_convert
[DEBUG] Migration already effectively installed (skipped): \phpbb\db\migration\data\v310\teampage
[DEBUG] Migration already effectively installed (skipped): \phpbb\db\migration\data\v310\rc6
[DEBUG] Migration already effectively installed (skipped): \phpbb\db\migration\data\v310\profilefield_aol
[DEBUG] Migration already effectively installed (skipped): \phpbb\db\migration\data\v310\live_searches_config
[DEBUG] Migration already effectively installed (skipped): \phpbb\db\migration\data\v310\beta4
[DEBUG] Migration already effectively installed (skipped): \phpbb\db\migration\data\v310\profilefield_interests
[DEBUG] Migration already effectively installed (skipped): \phpbb\db\migration\data\v310\search_type
[DEBUG] Migration already effectively installed (skipped): \phpbb\db\migration\data\v310\acp_style_components_module
[DEBUG] Migration already effectively installed (skipped): \phpbb\db\migration\data\v310\passwords_convert_p2
[DEBUG] Migration already effectively installed (skipped): \phpbb\db\migration\data\v310\beta3
[DEBUG] Apply dependencies of \phpbb\db\migration\data\v310\bot_update.
[DEBUG] Installing Data: \phpbb\db\migration\data\v310\bot_update.
[INFO] Installed Data: \phpbb\db\migration\data\v310\bot_update; Time: 13.25 seconds
