[DEBUG] Apply dependencies of \phpbb\db\migration\data\v310\profilefield_googleplus.
[DEBUG] Apply dependencies of \phpbb\db\migration\data\v310\profilefield_contact_field.
[DEBUG] Apply dependencies of \phpbb\db\migration\data\v310\profilefield_on_memberlist.
[DEBUG] Apply dependencies of \phpbb\db\migration\data\v310\profilefield_cleanup.
[DEBUG] Apply dependencies of \phpbb\db\migration\data\v310\profilefield_interests.
[DEBUG] Apply dependencies of \phpbb\db\migration\data\v310\profilefield_types.
[DEBUG] Apply dependencies of \phpbb\db\migration\data\v310\alpha2.
[DEBUG] Apply dependencies of \phpbb\db\migration\data\v310\alpha1.
[DEBUG] Apply dependencies of \phpbb\db\migration\data\v310\softdelete_mcp_modules.
[DEBUG] Apply dependencies of \phpbb\db\migration\data\v310\softdelete_p2.
[DEBUG] Apply dependencies of \phpbb\db\migration\data\v310\softdelete_p1.
[DEBUG] Installing Data: \phpbb\db\migration\data\v310\softdelete_p1.
[INFO] Installed Data: \phpbb\db\migration\data\v310\softdelete_p1; Time: 1.43 seconds
[DEBUG] Apply dependencies of \phpbb\db\migration\data\v310\profilefield_googleplus.
[DEBUG] Apply dependencies of \phpbb\db\migration\data\v310\profilefield_contact_field.
[DEBUG] Apply dependencies of \phpbb\db\migration\data\v310\profilefield_on_memberlist.
[DEBUG] Apply dependencies of \phpbb\db\migration\data\v310\profilefield_cleanup.
[DEBUG] Apply dependencies of \phpbb\db\migration\data\v310\profilefield_interests.
[DEBUG] Apply dependencies of \phpbb\db\migration\data\v310\profilefield_types.
[DEBUG] Apply dependencies of \phpbb\db\migration\data\v310\alpha2.
[DEBUG] Apply dependencies of \phpbb\db\migration\data\v310\alpha1.
[DEBUG] Apply dependencies of \phpbb\db\migration\data\v310\softdelete_mcp_modules.
[DEBUG] Apply dependencies of \phpbb\db\migration\data\v310\softdelete_p2.
[DEBUG] Apply dependencies of \phpbb\db\migration\data\v310\softdelete_p1.
[DEBUG] Installing Data: \phpbb\db\migration\data\v310\softdelete_p1.
[INFO] Installed Data: \phpbb\db\migration\data\v310\softdelete_p1; Time: 0.04 seconds
[DEBUG] Apply dependencies of \phpbb\db\migration\data\v310\profilefield_googleplus.
[DEBUG] Apply dependencies of \phpbb\db\migration\data\v310\profilefield_contact_field.
[DEBUG] Apply dependencies of \phpbb\db\migration\data\v310\profilefield_on_memberlist.
[DEBUG] Apply dependencies of \phpbb\db\migration\data\v310\profilefield_cleanup.
[DEBUG] Apply dependencies of \phpbb\db\migration\data\v310\profilefield_interests.
[DEBUG] Apply dependencies of \phpbb\db\migration\data\v310\profilefield_types.
[DEBUG] Apply dependencies of \phpbb\db\migration\data\v310\alpha2.
[DEBUG] Apply dependencies of \phpbb\db\migration\data\v310\alpha1.
[DEBUG] Apply dependencies of \phpbb\db\migration\data\v310\softdelete_mcp_modules.
[DEBUG] Apply dependencies of \phpbb\db\migration\data\v310\softdelete_p2.
[DEBUG] Apply dependencies of \phpbb\db\migration\data\v310\softdelete_p1.
[DEBUG] Installing Data: \phpbb\db\migration\data\v310\softdelete_p1.
[INFO] Installed Data: \phpbb\db\migration\data\v310\softdelete_p1; Time: 0.04 seconds
[DEBUG] Apply dependencies of \phpbb\db\migration\data\v310\profilefield_googleplus.
[DEBUG] Apply dependencies of \phpbb\db\migration\data\v310\profilefield_contact_field.
[DEBUG] Apply dependencies of \phpbb\db\migration\data\v310\profilefield_on_memberlist.
[DEBUG] Apply dependencies of \phpbb\db\migration\data\v310\profilefield_cleanup.
[DEBUG] Apply dependencies of \phpbb\db\migration\data\v310\profilefield_interests.
[DEBUG] Apply dependencies of \phpbb\db\migration\data\v310\profilefield_types.
[DEBUG] Apply dependencies of \phpbb\db\migration\data\v310\alpha2.
[DEBUG] Apply dependencies of \phpbb\db\migration\data\v310\alpha1.
[DEBUG] Apply dependencies of \phpbb\db\migration\data\v310\softdelete_mcp_modules.
[DEBUG] Apply dependencies of \phpbb\db\migration\data\v310\softdelete_p2.
[DEBUG] Apply dependencies of \phpbb\db\migration\data\v310\softdelete_p1.
[DEBUG] Installing Data: \phpbb\db\migration\data\v310\softdelete_p1.
[INFO] Installed Data: \phpbb\db\migration\data\v310\softdelete_p1; Time: 0.04 seconds
[DEBUG] Apply dependencies of \phpbb\db\migration\data\v310\profilefield_googleplus.
[DEBUG] Apply dependencies of \phpbb\db\migration\data\v310\profilefield_contact_field.
[DEBUG] Apply dependencies of \phpbb\db\migration\data\v310\profilefield_on_memberlist.
[DEBUG] Apply dependencies of \phpbb\db\migration\data\v310\profilefield_cleanup.
[DEBUG] Apply dependencies of \phpbb\db\migration\data\v310\profilefield_interests.
[DEBUG] Apply dependencies of \phpbb\db\migration\data\v310\profilefield_types.
[DEBUG] Apply dependencies of \phpbb\db\migration\data\v310\alpha2.
[DEBUG] Apply dependencies of \phpbb\db\migration\data\v310\alpha1.
[DEBUG] Apply dependencies of \phpbb\db\migration\data\v310\softdelete_mcp_modules.
[DEBUG] Apply dependencies of \phpbb\db\migration\data\v310\softdelete_p2.
[DEBUG] Apply dependencies of \phpbb\db\migration\data\v310\softdelete_p1.
[DEBUG] Installing Data: \phpbb\db\migration\data\v310\softdelete_p1.
[INFO] Installed Data: \phpbb\db\migration\data\v310\softdelete_p1; Time: 0.05 seconds
[DEBUG] Apply dependencies of \phpbb\db\migration\data\v310\profilefield_googleplus.
[DEBUG] Apply dependencies of \phpbb\db\migration\data\v310\profilefield_contact_field.
[DEBUG] Apply dependencies of \phpbb\db\migration\data\v310\profilefield_on_memberlist.
[DEBUG] Apply dependencies of \phpbb\db\migration\data\v310\profilefield_cleanup.
[DEBUG] Apply dependencies of \phpbb\db\migration\data\v310\profilefield_interests.
[DEBUG] Apply dependencies of \phpbb\db\migration\data\v310\profilefield_types.
[DEBUG] Apply dependencies of \phpbb\db\migration\data\v310\alpha2.
[DEBUG] Apply dependencies of \phpbb\db\migration\data\v310\alpha1.
[DEBUG] Apply dependencies of \phpbb\db\migration\data\v310\softdelete_mcp_modules.
[DEBUG] Apply dependencies of \phpbb\db\migration\data\v310\softdelete_p2.
[DEBUG] Apply dependencies of \phpbb\db\migration\data\v310\softdelete_p1.
[DEBUG] Installing Data: \phpbb\db\migration\data\v310\softdelete_p1.
[INFO] Installed Data: \phpbb\db\migration\data\v310\softdelete_p1; Time: 0.04 seconds
[DEBUG] Apply dependencies of \phpbb\db\migration\data\v310\profilefield_googleplus.
[DEBUG] Apply dependencies of \phpbb\db\migration\data\v310\profilefield_contact_field.
[DEBUG] Apply dependencies of \phpbb\db\migration\data\v310\profilefield_on_memberlist.
[DEBUG] Apply dependencies of \phpbb\db\migration\data\v310\profilefield_cleanup.
[DEBUG] Apply dependencies of \phpbb\db\migration\data\v310\profilefield_interests.
[DEBUG] Apply dependencies of \phpbb\db\migration\data\v310\profilefield_types.
[DEBUG] Apply dependencies of \phpbb\db\migration\data\v310\alpha2.
[DEBUG] Apply dependencies of \phpbb\db\migration\data\v310\alpha1.
[DEBUG] Apply dependencies of \phpbb\db\migration\data\v310\softdelete_mcp_modules.
[DEBUG] Apply dependencies of \phpbb\db\migration\data\v310\softdelete_p2.
[DEBUG] Apply dependencies of \phpbb\db\migration\data\v310\softdelete_p1.
[DEBUG] Installing Data: \phpbb\db\migration\data\v310\softdelete_p1.
[INFO] Installed Data: \phpbb\db\migration\data\v310\softdelete_p1; Time: 0.22 seconds
[DEBUG] Apply dependencies of \phpbb\db\migration\data\v310\profilefield_googleplus.
[DEBUG] Apply dependencies of \phpbb\db\migration\data\v310\profilefield_contact_field.
[DEBUG] Apply dependencies of \phpbb\db\migration\data\v310\profilefield_on_memberlist.
[DEBUG] Apply dependencies of \phpbb\db\migration\data\v310\profilefield_cleanup.
[DEBUG] Apply dependencies of \phpbb\db\migration\data\v310\profilefield_interests.
[DEBUG] Apply dependencies of \phpbb\db\migration\data\v310\profilefield_types.
[DEBUG] Apply dependencies of \phpbb\db\migration\data\v310\alpha2.
[DEBUG] Apply dependencies of \phpbb\db\migration\data\v310\alpha1.
[DEBUG] Apply dependencies of \phpbb\db\migration\data\v310\softdelete_mcp_modules.
[DEBUG] Apply dependencies of \phpbb\db\migration\data\v310\softdelete_p2.
[DEBUG] Installing Schema: \phpbb\db\migration\data\v310\softdelete_p2.
[INFO] Installed Schema: \phpbb\db\migration\data\v310\softdelete_p2; Time: 5.89 seconds
[DEBUG] Apply dependencies of \phpbb\db\migration\data\v310\profilefield_googleplus.
[DEBUG] Apply dependencies of \phpbb\db\migration\data\v310\profilefield_contact_field.
[DEBUG] Apply dependencies of \phpbb\db\migration\data\v310\profilefield_on_memberlist.
[DEBUG] Apply dependencies of \phpbb\db\migration\data\v310\profilefield_cleanup.
[DEBUG] Apply dependencies of \phpbb\db\migration\data\v310\profilefield_interests.
[DEBUG] Apply dependencies of \phpbb\db\migration\data\v310\profilefield_types.
[DEBUG] Apply dependencies of \phpbb\db\migration\data\v310\alpha2.
[DEBUG] Apply dependencies of \phpbb\db\migration\data\v310\alpha1.
[DEBUG] Apply dependencies of \phpbb\db\migration\data\v310\softdelete_mcp_modules.
[DEBUG] Apply dependencies of \phpbb\db\migration\data\v310\softdelete_p2.
[DEBUG] Installing Data: \phpbb\db\migration\data\v310\softdelete_p2.
[INFO] Installed Data: \phpbb\db\migration\data\v310\softdelete_p2; Time: 0.00 seconds
[DEBUG] Apply dependencies of \phpbb\db\migration\data\v310\profilefield_googleplus.
[DEBUG] Apply dependencies of \phpbb\db\migration\data\v310\profilefield_contact_field.
[DEBUG] Apply dependencies of \phpbb\db\migration\data\v310\profilefield_on_memberlist.
[DEBUG] Apply dependencies of \phpbb\db\migration\data\v310\profilefield_cleanup.
[DEBUG] Apply dependencies of \phpbb\db\migration\data\v310\profilefield_interests.
[DEBUG] Apply dependencies of \phpbb\db\migration\data\v310\profilefield_types.
[DEBUG] Apply dependencies of \phpbb\db\migration\data\v310\alpha2.
[DEBUG] Apply dependencies of \phpbb\db\migration\data\v310\alpha1.
[DEBUG] Apply dependencies of \phpbb\db\migration\data\v310\softdelete_mcp_modules.
[DEBUG] Installing Schema: \phpbb\db\migration\data\v310\softdelete_mcp_modules.
[INFO] Installed Schema: \phpbb\db\migration\data\v310\softdelete_mcp_modules; Time: 0.00 seconds
[DEBUG] Apply dependencies of \phpbb\db\migration\data\v310\profilefield_googleplus.
[DEBUG] Apply dependencies of \phpbb\db\migration\data\v310\profilefield_contact_field.
[DEBUG] Apply dependencies of \phpbb\db\migration\data\v310\profilefield_on_memberlist.
[DEBUG] Apply dependencies of \phpbb\db\migration\data\v310\profilefield_cleanup.
[DEBUG] Apply dependencies of \phpbb\db\migration\data\v310\profilefield_interests.
[DEBUG] Apply dependencies of \phpbb\db\migration\data\v310\profilefield_types.
[DEBUG] Apply dependencies of \phpbb\db\migration\data\v310\alpha2.
[DEBUG] Apply dependencies of \phpbb\db\migration\data\v310\alpha1.
[DEBUG] Apply dependencies of \phpbb\db\migration\data\v310\softdelete_mcp_modules.
[DEBUG] Installing Data: \phpbb\db\migration\data\v310\softdelete_mcp_modules.
[INFO] Installed Data: \phpbb\db\migration\data\v310\softdelete_mcp_modules; Time: 0.01 seconds
[DEBUG] Apply dependencies of \phpbb\db\migration\data\v310\profilefield_googleplus.
[DEBUG] Apply dependencies of \phpbb\db\migration\data\v310\profilefield_contact_field.
[DEBUG] Apply dependencies of \phpbb\db\migration\data\v310\profilefield_on_memberlist.
[DEBUG] Apply dependencies of \phpbb\db\migration\data\v310\profilefield_cleanup.
[DEBUG] Apply dependencies of \phpbb\db\migration\data\v310\profilefield_interests.
[DEBUG] Apply dependencies of \phpbb\db\migration\data\v310\profilefield_types.
[DEBUG] Apply dependencies of \phpbb\db\migration\data\v310\alpha2.
[DEBUG] Apply dependencies of \phpbb\db\migration\data\v310\alpha1.
[DEBUG] Apply dependencies of \phpbb\db\migration\data\v310\teampage.
[DEBUG] Installing Schema: \phpbb\db\migration\data\v310\teampage.
[INFO] Installed Schema: \phpbb\db\migration\data\v310\teampage; Time: 0.05 seconds
[DEBUG] Apply dependencies of \phpbb\db\migration\data\v310\profilefield_googleplus.
[DEBUG] Apply dependencies of \phpbb\db\migration\data\v310\profilefield_contact_field.
[DEBUG] Apply dependencies of \phpbb\db\migration\data\v310\profilefield_on_memberlist.
[DEBUG] Apply dependencies of \phpbb\db\migration\data\v310\profilefield_cleanup.
[DEBUG] Apply dependencies of \phpbb\db\migration\data\v310\profilefield_interests.
[DEBUG] Apply dependencies of \phpbb\db\migration\data\v310\profilefield_types.
[DEBUG] Apply dependencies of \phpbb\db\migration\data\v310\alpha2.
[DEBUG] Apply dependencies of \phpbb\db\migration\data\v310\alpha1.
[DEBUG] Apply dependencies of \phpbb\db\migration\data\v310\teampage.
[DEBUG] Installing Data: \phpbb\db\migration\data\v310\teampage.
[INFO] Installed Data: \phpbb\db\migration\data\v310\teampage; Time: 0.00 seconds
[DEBUG] Apply dependencies of \phpbb\db\migration\data\v310\profilefield_googleplus.
[DEBUG] Apply dependencies of \phpbb\db\migration\data\v310\profilefield_contact_field.
[DEBUG] Apply dependencies of \phpbb\db\migration\data\v310\profilefield_on_memberlist.
[DEBUG] Apply dependencies of \phpbb\db\migration\data\v310\profilefield_cleanup.
[DEBUG] Apply dependencies of \phpbb\db\migration\data\v310\profilefield_interests.
[DEBUG] Apply dependencies of \phpbb\db\migration\data\v310\profilefield_types.
[DEBUG] Apply dependencies of \phpbb\db\migration\data\v310\alpha2.
[DEBUG] Apply dependencies of \phpbb\db\migration\data\v310\alpha1.
[DEBUG] Installing Schema: \phpbb\db\migration\data\v310\alpha1.
[INFO] Installed Schema: \phpbb\db\migration\data\v310\alpha1; Time: 0.00 seconds
[DEBUG] Apply dependencies of \phpbb\db\migration\data\v310\profilefield_googleplus.
[DEBUG] Apply dependencies of \phpbb\db\migration\data\v310\profilefield_contact_field.
[DEBUG] Apply dependencies of \phpbb\db\migration\data\v310\profilefield_on_memberlist.
[DEBUG] Apply dependencies of \phpbb\db\migration\data\v310\profilefield_cleanup.
[DEBUG] Apply dependencies of \phpbb\db\migration\data\v310\profilefield_interests.
[DEBUG] Apply dependencies of \phpbb\db\migration\data\v310\profilefield_types.
[DEBUG] Apply dependencies of \phpbb\db\migration\data\v310\alpha2.
[DEBUG] Apply dependencies of \phpbb\db\migration\data\v310\alpha1.
[DEBUG] Installing Data: \phpbb\db\migration\data\v310\alpha1.
[INFO] Installed Data: \phpbb\db\migration\data\v310\alpha1; Time: 0.00 seconds
[DEBUG] Apply dependencies of \phpbb\db\migration\data\v310\profilefield_googleplus.
[DEBUG] Apply dependencies of \phpbb\db\migration\data\v310\profilefield_contact_field.
[DEBUG] Apply dependencies of \phpbb\db\migration\data\v310\profilefield_on_memberlist.
[DEBUG] Apply dependencies of \phpbb\db\migration\data\v310\profilefield_cleanup.
[DEBUG] Apply dependencies of \phpbb\db\migration\data\v310\profilefield_interests.
[DEBUG] Apply dependencies of \phpbb\db\migration\data\v310\profilefield_types.
[DEBUG] Apply dependencies of \phpbb\db\migration\data\v310\alpha2.
[DEBUG] Apply dependencies of \phpbb\db\migration\data\v310\notifications_cron_p2.
[DEBUG] Installing Schema: \phpbb\db\migration\data\v310\notifications_cron_p2.
[INFO] Installed Schema: \phpbb\db\migration\data\v310\notifications_cron_p2; Time: 0.00 seconds
[DEBUG] Apply dependencies of \phpbb\db\migration\data\v310\profilefield_googleplus.
[DEBUG] Apply dependencies of \phpbb\db\migration\data\v310\profilefield_contact_field.
[DEBUG] Apply dependencies of \phpbb\db\migration\data\v310\profilefield_on_memberlist.
[DEBUG] Apply dependencies of \phpbb\db\migration\data\v310\profilefield_cleanup.
[DEBUG] Apply dependencies of \phpbb\db\migration\data\v310\profilefield_interests.
[DEBUG] Apply dependencies of \phpbb\db\migration\data\v310\profilefield_types.
[DEBUG] Apply dependencies of \phpbb\db\migration\data\v310\alpha2.
[DEBUG] Apply dependencies of \phpbb\db\migration\data\v310\notifications_cron_p2.
[DEBUG] Installing Data: \phpbb\db\migration\data\v310\notifications_cron_p2.
[INFO] Installed Data: \phpbb\db\migration\data\v310\notifications_cron_p2; Time: 0.00 seconds
[DEBUG] Apply dependencies of \phpbb\db\migration\data\v310\profilefield_googleplus.
[DEBUG] Apply dependencies of \phpbb\db\migration\data\v310\profilefield_contact_field.
[DEBUG] Apply dependencies of \phpbb\db\migration\data\v310\profilefield_on_memberlist.
[DEBUG] Apply dependencies of \phpbb\db\migration\data\v310\profilefield_cleanup.
[DEBUG] Apply dependencies of \phpbb\db\migration\data\v310\profilefield_interests.
[DEBUG] Apply dependencies of \phpbb\db\migration\data\v310\profilefield_types.
[DEBUG] Apply dependencies of \phpbb\db\migration\data\v310\alpha2.
[DEBUG] Installing Schema: \phpbb\db\migration\data\v310\alpha2.
[INFO] Installed Schema: \phpbb\db\migration\data\v310\alpha2; Time: 0.00 seconds
[DEBUG] Apply dependencies of \phpbb\db\migration\data\v310\profilefield_googleplus.
[DEBUG] Apply dependencies of \phpbb\db\migration\data\v310\profilefield_contact_field.
[DEBUG] Apply dependencies of \phpbb\db\migration\data\v310\profilefield_on_memberlist.
[DEBUG] Apply dependencies of \phpbb\db\migration\data\v310\profilefield_cleanup.
[DEBUG] Apply dependencies of \phpbb\db\migration\data\v310\profilefield_interests.
[DEBUG] Apply dependencies of \phpbb\db\migration\data\v310\profilefield_types.
[DEBUG] Apply dependencies of \phpbb\db\migration\data\v310\alpha2.
[DEBUG] Installing Data: \phpbb\db\migration\data\v310\alpha2.
[INFO] Installed Data: \phpbb\db\migration\data\v310\alpha2; Time: 0.00 seconds
[DEBUG] Apply dependencies of \phpbb\db\migration\data\v310\profilefield_googleplus.
[DEBUG] Apply dependencies of \phpbb\db\migration\data\v310\profilefield_contact_field.
[DEBUG] Apply dependencies of \phpbb\db\migration\data\v310\profilefield_on_memberlist.
[DEBUG] Apply dependencies of \phpbb\db\migration\data\v310\profilefield_cleanup.
[DEBUG] Apply dependencies of \phpbb\db\migration\data\v310\profilefield_interests.
[DEBUG] Apply dependencies of \phpbb\db\migration\data\v310\profilefield_types.
[DEBUG] Installing Schema: \phpbb\db\migration\data\v310\profilefield_types.
[INFO] Installed Schema: \phpbb\db\migration\data\v310\profilefield_types; Time: 0.03 seconds
[DEBUG] Apply dependencies of \phpbb\db\migration\data\v310\profilefield_googleplus.
[DEBUG] Apply dependencies of \phpbb\db\migration\data\v310\profilefield_contact_field.
[DEBUG] Apply dependencies of \phpbb\db\migration\data\v310\profilefield_on_memberlist.
[DEBUG] Apply dependencies of \phpbb\db\migration\data\v310\profilefield_cleanup.
[DEBUG] Apply dependencies of \phpbb\db\migration\data\v310\profilefield_interests.
[DEBUG] Apply dependencies of \phpbb\db\migration\data\v310\profilefield_types.
[DEBUG] Installing Data: \phpbb\db\migration\data\v310\profilefield_types.
[INFO] Installed Data: \phpbb\db\migration\data\v310\profilefield_types; Time: 0.00 seconds
[DEBUG] Apply dependencies of \phpbb\db\migration\data\v310\profilefield_googleplus.
[DEBUG] Apply dependencies of \phpbb\db\migration\data\v310\profilefield_contact_field.
[DEBUG] Apply dependencies of \phpbb\db\migration\data\v310\profilefield_on_memberlist.
[DEBUG] Apply dependencies of \phpbb\db\migration\data\v310\profilefield_cleanup.
[DEBUG] Apply dependencies of \phpbb\db\migration\data\v310\profilefield_interests.
[DEBUG] Apply dependencies of \phpbb\db\migration\data\v310\profilefield_show_novalue.
[DEBUG] Migration already effectively installed (skipped): \phpbb\db\migration\data\v310\profilefield_show_novalue
[DEBUG] Apply dependencies of \phpbb\db\migration\data\v310\profilefield_googleplus.
[DEBUG] Apply dependencies of \phpbb\db\migration\data\v310\profilefield_contact_field.
[DEBUG] Apply dependencies of \phpbb\db\migration\data\v310\profilefield_on_memberlist.
[DEBUG] Apply dependencies of \phpbb\db\migration\data\v310\profilefield_cleanup.
[DEBUG] Apply dependencies of \phpbb\db\migration\data\v310\profilefield_interests.
[DEBUG] Installing Schema: \phpbb\db\migration\data\v310\profilefield_interests.
[INFO] Installed Schema: \phpbb\db\migration\data\v310\profilefield_interests; Time: 0.73 seconds
[DEBUG] Apply dependencies of \phpbb\db\migration\data\v310\profilefield_googleplus.
[DEBUG] Apply dependencies of \phpbb\db\migration\data\v310\profilefield_contact_field.
[DEBUG] Apply dependencies of \phpbb\db\migration\data\v310\profilefield_on_memberlist.
[DEBUG] Apply dependencies of \phpbb\db\migration\data\v310\profilefield_cleanup.
[DEBUG] Apply dependencies of \phpbb\db\migration\data\v310\profilefield_interests.
[DEBUG] Installing Data: \phpbb\db\migration\data\v310\profilefield_interests.
[INFO] Installed Data: \phpbb\db\migration\data\v310\profilefield_interests; Time: 0.18 seconds
[DEBUG] Apply dependencies of \phpbb\db\migration\data\v310\profilefield_googleplus.
[DEBUG] Apply dependencies of \phpbb\db\migration\data\v310\profilefield_contact_field.
[DEBUG] Apply dependencies of \phpbb\db\migration\data\v310\profilefield_on_memberlist.
[DEBUG] Apply dependencies of \phpbb\db\migration\data\v310\profilefield_cleanup.
[DEBUG] Apply dependencies of \phpbb\db\migration\data\v310\profilefield_interests.
[DEBUG] Installing Data: \phpbb\db\migration\data\v310\profilefield_interests.
[INFO] Installed Data: \phpbb\db\migration\data\v310\profilefield_interests; Time: 0.13 seconds
[DEBUG] Apply dependencies of \phpbb\db\migration\data\v310\profilefield_googleplus.
[DEBUG] Apply dependencies of \phpbb\db\migration\data\v310\profilefield_contact_field.
[DEBUG] Apply dependencies of \phpbb\db\migration\data\v310\profilefield_on_memberlist.
[DEBUG] Apply dependencies of \phpbb\db\migration\data\v310\profilefield_cleanup.
[DEBUG] Apply dependencies of \phpbb\db\migration\data\v310\profilefield_interests.
[DEBUG] Installing Data: \phpbb\db\migration\data\v310\profilefield_interests.
[INFO] Installed Data: \phpbb\db\migration\data\v310\profilefield_interests; Time: 0.16 seconds
[DEBUG] Apply dependencies of \phpbb\db\migration\data\v310\profilefield_googleplus.
[DEBUG] Apply dependencies of \phpbb\db\migration\data\v310\profilefield_contact_field.
[DEBUG] Apply dependencies of \phpbb\db\migration\data\v310\profilefield_on_memberlist.
[DEBUG] Apply dependencies of \phpbb\db\migration\data\v310\profilefield_cleanup.
[DEBUG] Apply dependencies of \phpbb\db\migration\data\v310\profilefield_interests.
[DEBUG] Installing Data: \phpbb\db\migration\data\v310\profilefield_interests.
[INFO] Installed Data: \phpbb\db\migration\data\v310\profilefield_interests; Time: 0.06 seconds
[DEBUG] Apply dependencies of \phpbb\db\migration\data\v310\profilefield_googleplus.
[DEBUG] Apply dependencies of \phpbb\db\migration\data\v310\profilefield_contact_field.
[DEBUG] Apply dependencies of \phpbb\db\migration\data\v310\profilefield_on_memberlist.
[DEBUG] Apply dependencies of \phpbb\db\migration\data\v310\profilefield_cleanup.
[DEBUG] Apply dependencies of \phpbb\db\migration\data\v310\profilefield_occupation.
[DEBUG] Installing Schema: \phpbb\db\migration\data\v310\profilefield_occupation.
[INFO] Installed Schema: \phpbb\db\migration\data\v310\profilefield_occupation; Time: 0.24 seconds
[DEBUG] Apply dependencies of \phpbb\db\migration\data\v310\profilefield_googleplus.
[DEBUG] Apply dependencies of \phpbb\db\migration\data\v310\profilefield_contact_field.
[DEBUG] Apply dependencies of \phpbb\db\migration\data\v310\profilefield_on_memberlist.
[DEBUG] Apply dependencies of \phpbb\db\migration\data\v310\profilefield_cleanup.
[DEBUG] Apply dependencies of \phpbb\db\migration\data\v310\profilefield_occupation.
[DEBUG] Installing Data: \phpbb\db\migration\data\v310\profilefield_occupation.
[INFO] Installed Data: \phpbb\db\migration\data\v310\profilefield_occupation; Time: 0.12 seconds
[DEBUG] Apply dependencies of \phpbb\db\migration\data\v310\profilefield_googleplus.
[DEBUG] Apply dependencies of \phpbb\db\migration\data\v310\profilefield_contact_field.
[DEBUG] Apply dependencies of \phpbb\db\migration\data\v310\profilefield_on_memberlist.
[DEBUG] Apply dependencies of \phpbb\db\migration\data\v310\profilefield_cleanup.
[DEBUG] Apply dependencies of \phpbb\db\migration\data\v310\profilefield_occupation.
[DEBUG] Installing Data: \phpbb\db\migration\data\v310\profilefield_occupation.
[INFO] Installed Data: \phpbb\db\migration\data\v310\profilefield_occupation; Time: 0.13 seconds
[DEBUG] Apply dependencies of \phpbb\db\migration\data\v310\profilefield_googleplus.
[DEBUG] Apply dependencies of \phpbb\db\migration\data\v310\profilefield_contact_field.
[DEBUG] Apply dependencies of \phpbb\db\migration\data\v310\profilefield_on_memberlist.
[DEBUG] Apply dependencies of \phpbb\db\migration\data\v310\profilefield_cleanup.
[DEBUG] Apply dependencies of \phpbb\db\migration\data\v310\profilefield_occupation.
[DEBUG] Installing Data: \phpbb\db\migration\data\v310\profilefield_occupation.
[INFO] Installed Data: \phpbb\db\migration\data\v310\profilefield_occupation; Time: 0.14 seconds
[DEBUG] Apply dependencies of \phpbb\db\migration\data\v310\profilefield_googleplus.
[DEBUG] Apply dependencies of \phpbb\db\migration\data\v310\profilefield_contact_field.
[DEBUG] Apply dependencies of \phpbb\db\migration\data\v310\profilefield_on_memberlist.
[DEBUG] Apply dependencies of \phpbb\db\migration\data\v310\profilefield_cleanup.
[DEBUG] Apply dependencies of \phpbb\db\migration\data\v310\profilefield_occupation.
[DEBUG] Installing Data: \phpbb\db\migration\data\v310\profilefield_occupation.
[INFO] Installed Data: \phpbb\db\migration\data\v310\profilefield_occupation; Time: 0.15 seconds
[DEBUG] Apply dependencies of \phpbb\db\migration\data\v310\profilefield_googleplus.
[DEBUG] Apply dependencies of \phpbb\db\migration\data\v310\profilefield_contact_field.
[DEBUG] Apply dependencies of \phpbb\db\migration\data\v310\profilefield_on_memberlist.
[DEBUG] Apply dependencies of \phpbb\db\migration\data\v310\profilefield_cleanup.
[DEBUG] Apply dependencies of \phpbb\db\migration\data\v310\profilefield_occupation.
[DEBUG] Installing Data: \phpbb\db\migration\data\v310\profilefield_occupation.
[INFO] Installed Data: \phpbb\db\migration\data\v310\profilefield_occupation; Time: 0.15 seconds
[DEBUG] Apply dependencies of \phpbb\db\migration\data\v310\profilefield_googleplus.
[DEBUG] Apply dependencies of \phpbb\db\migration\data\v310\profilefield_contact_field.
[DEBUG] Apply dependencies of \phpbb\db\migration\data\v310\profilefield_on_memberlist.
[DEBUG] Apply dependencies of \phpbb\db\migration\data\v310\profilefield_cleanup.
[DEBUG] Installing Schema: \phpbb\db\migration\data\v310\profilefield_cleanup.
[INFO] Installed Schema: \phpbb\db\migration\data\v310\profilefield_cleanup; Time: 1.60 seconds
[DEBUG] Apply dependencies of \phpbb\db\migration\data\v310\profilefield_googleplus.
[DEBUG] Apply dependencies of \phpbb\db\migration\data\v310\profilefield_contact_field.
[DEBUG] Apply dependencies of \phpbb\db\migration\data\v310\profilefield_on_memberlist.
[DEBUG] Apply dependencies of \phpbb\db\migration\data\v310\profilefield_cleanup.
[DEBUG] Installing Data: \phpbb\db\migration\data\v310\profilefield_cleanup.
[INFO] Installed Data: \phpbb\db\migration\data\v310\profilefield_cleanup; Time: 0.00 seconds
[DEBUG] Apply dependencies of \phpbb\db\migration\data\v310\profilefield_googleplus.
[DEBUG] Apply dependencies of \phpbb\db\migration\data\v310\profilefield_contact_field.
[DEBUG] Apply dependencies of \phpbb\db\migration\data\v310\profilefield_on_memberlist.
[DEBUG] Installing Schema: \phpbb\db\migration\data\v310\profilefield_on_memberlist.
[INFO] Installed Schema: \phpbb\db\migration\data\v310\profilefield_on_memberlist; Time: 0.03 seconds
[DEBUG] Apply dependencies of \phpbb\db\migration\data\v310\profilefield_googleplus.
[DEBUG] Apply dependencies of \phpbb\db\migration\data\v310\profilefield_contact_field.
[DEBUG] Apply dependencies of \phpbb\db\migration\data\v310\profilefield_on_memberlist.
[DEBUG] Installing Data: \phpbb\db\migration\data\v310\profilefield_on_memberlist.
[INFO] Installed Data: \phpbb\db\migration\data\v310\profilefield_on_memberlist; Time: 0.00 seconds
[DEBUG] Apply dependencies of \phpbb\db\migration\data\v310\profilefield_googleplus.
[DEBUG] Apply dependencies of \phpbb\db\migration\data\v310\profilefield_contact_field.
[DEBUG] Installing Schema: \phpbb\db\migration\data\v310\profilefield_contact_field.
[INFO] Installed Schema: \phpbb\db\migration\data\v310\profilefield_contact_field; Time: 0.04 seconds
[DEBUG] Apply dependencies of \phpbb\db\migration\data\v310\profilefield_googleplus.
[DEBUG] Apply dependencies of \phpbb\db\migration\data\v310\profilefield_contact_field.
[DEBUG] Installing Data: \phpbb\db\migration\data\v310\profilefield_contact_field.
[INFO] Installed Data: \phpbb\db\migration\data\v310\profilefield_contact_field; Time: 0.00 seconds
[DEBUG] Apply dependencies of \phpbb\db\migration\data\v310\profilefield_googleplus.
[DEBUG] Installing Schema: \phpbb\db\migration\data\v310\profilefield_googleplus.
[INFO] Installed Schema: \phpbb\db\migration\data\v310\profilefield_googleplus; Time: 0.20 seconds
[DEBUG] Apply dependencies of \phpbb\db\migration\data\v310\profilefield_googleplus.
[DEBUG] Installing Data: \phpbb\db\migration\data\v310\profilefield_googleplus.
[INFO] Installed Data: \phpbb\db\migration\data\v310\profilefield_googleplus; Time: 0.00 seconds
[DEBUG] Migration already effectively installed (skipped): \phpbb\db\migration\data\v310\profilefield_googleplus
[DEBUG] Apply dependencies of \phpbb\db\migration\data\v310\topic_sort_username.
[DEBUG] Installing Schema: \phpbb\db\migration\data\v310\topic_sort_username.
[INFO] Installed Schema: \phpbb\db\migration\data\v310\topic_sort_username; Time: 0.35 seconds
[DEBUG] Migration already effectively installed (skipped): \phpbb\db\migration\data\v310\profilefield_googleplus
[DEBUG] Apply dependencies of \phpbb\db\migration\data\v310\topic_sort_username.
[DEBUG] Installing Data: \phpbb\db\migration\data\v310\topic_sort_username.
[INFO] Installed Data: \phpbb\db\migration\data\v310\topic_sort_username; Time: 0.00 seconds
[DEBUG] Migration already effectively installed (skipped): \phpbb\db\migration\data\v310\profilefield_googleplus
[DEBUG] Migration already effectively installed (skipped): \phpbb\db\migration\data\v310\topic_sort_username
[DEBUG] Apply dependencies of \phpbb\db\migration\data\v310\notifications_use_full_name.
[DEBUG] Apply dependencies of \phpbb\db\migration\data\v310\rc3.
[DEBUG] Apply dependencies of \phpbb\db\migration\data\v310\rc2.
[DEBUG] Apply dependencies of \phpbb\db\migration\data\v310\rc1.
[DEBUG] Apply dependencies of \phpbb\db\migration\data\v310\beta4.
[DEBUG] Apply dependencies of \phpbb\db\migration\data\v310\beta3.
[DEBUG] Apply dependencies of \phpbb\db\migration\data\v310\beta2.
[DEBUG] Apply dependencies of \phpbb\db\migration\data\v310\beta1.
[DEBUG] Apply dependencies of \phpbb\db\migration\data\v310\alpha3.
[DEBUG] Apply dependencies of \phpbb\db\migration\data\v310\avatar_types.
[DEBUG] Installing Schema: \phpbb\db\migration\data\v310\avatar_types.
[INFO] Installed Schema: \phpbb\db\migration\data\v310\avatar_types; Time: 0.00 seconds
[DEBUG] Migration already effectively installed (skipped): \phpbb\db\migration\data\v310\profilefield_googleplus
[DEBUG] Migration already effectively installed (skipped): \phpbb\db\migration\data\v310\topic_sort_username
[DEBUG] Apply dependencies of \phpbb\db\migration\data\v310\notifications_use_full_name.
[DEBUG] Apply dependencies of \phpbb\db\migration\data\v310\rc3.
[DEBUG] Apply dependencies of \phpbb\db\migration\data\v310\rc2.
[DEBUG] Apply dependencies of \phpbb\db\migration\data\v310\rc1.
[DEBUG] Apply dependencies of \phpbb\db\migration\data\v310\beta4.
[DEBUG] Apply dependencies of \phpbb\db\migration\data\v310\beta3.
[DEBUG] Apply dependencies of \phpbb\db\migration\data\v310\beta2.
[DEBUG] Apply dependencies of \phpbb\db\migration\data\v310\beta1.
[DEBUG] Apply dependencies of \phpbb\db\migration\data\v310\alpha3.
[DEBUG] Apply dependencies of \phpbb\db\migration\data\v310\avatar_types.
[DEBUG] Installing Data: \phpbb\db\migration\data\v310\avatar_types.
[INFO] Installed Data: \phpbb\db\migration\data\v310\avatar_types; Time: 0.12 seconds
[DEBUG] Migration already effectively installed (skipped): \phpbb\db\migration\data\v310\profilefield_googleplus
[DEBUG] Migration already effectively installed (skipped): \phpbb\db\migration\data\v310\topic_sort_username
[DEBUG] Apply dependencies of \phpbb\db\migration\data\v310\notifications_use_full_name.
[DEBUG] Apply dependencies of \phpbb\db\migration\data\v310\rc3.
[DEBUG] Apply dependencies of \phpbb\db\migration\data\v310\rc2.
[DEBUG] Apply dependencies of \phpbb\db\migration\data\v310\rc1.
[DEBUG] Apply dependencies of \phpbb\db\migration\data\v310\beta4.
[DEBUG] Apply dependencies of \phpbb\db\migration\data\v310\beta3.
[DEBUG] Apply dependencies of \phpbb\db\migration\data\v310\beta2.
[DEBUG] Apply dependencies of \phpbb\db\migration\data\v310\beta1.
[DEBUG] Apply dependencies of \phpbb\db\migration\data\v310\alpha3.
[DEBUG] Apply dependencies of \phpbb\db\migration\data\v310\passwords.
[DEBUG] Installing Schema: \phpbb\db\migration\data\v310\passwords.
[INFO] Installed Schema: \phpbb\db\migration\data\v310\passwords; Time: 0.79 seconds
[DEBUG] Migration already effectively installed (skipped): \phpbb\db\migration\data\v310\profilefield_googleplus
[DEBUG] Migration already effectively installed (skipped): \phpbb\db\migration\data\v310\topic_sort_username
[DEBUG] Apply dependencies of \phpbb\db\migration\data\v310\notifications_use_full_name.
[DEBUG] Apply dependencies of \phpbb\db\migration\data\v310\rc3.
[DEBUG] Apply dependencies of \phpbb\db\migration\data\v310\rc2.
[DEBUG] Apply dependencies of \phpbb\db\migration\data\v310\rc1.
[DEBUG] Apply dependencies of \phpbb\db\migration\data\v310\beta4.
[DEBUG] Apply dependencies of \phpbb\db\migration\data\v310\beta3.
[DEBUG] Apply dependencies of \phpbb\db\migration\data\v310\beta2.
[DEBUG] Apply dependencies of \phpbb\db\migration\data\v310\beta1.
[DEBUG] Apply dependencies of \phpbb\db\migration\data\v310\alpha3.
[DEBUG] Apply dependencies of \phpbb\db\migration\data\v310\passwords.
[DEBUG] Installing Data: \phpbb\db\migration\data\v310\passwords.
[INFO] Installed Data: \phpbb\db\migration\data\v310\passwords; Time: 0.00 seconds
[DEBUG] Migration already effectively installed (skipped): \phpbb\db\migration\data\v310\profilefield_googleplus
[DEBUG] Migration already effectively installed (skipped): \phpbb\db\migration\data\v310\topic_sort_username
[DEBUG] Apply dependencies of \phpbb\db\migration\data\v310\notifications_use_full_name.
[DEBUG] Apply dependencies of \phpbb\db\migration\data\v310\rc3.
[DEBUG] Apply dependencies of \phpbb\db\migration\data\v310\rc2.
[DEBUG] Apply dependencies of \phpbb\db\migration\data\v310\rc1.
[DEBUG] Apply dependencies of \phpbb\db\migration\data\v310\beta4.
[DEBUG] Apply dependencies of \phpbb\db\migration\data\v310\beta3.
[DEBUG] Apply dependencies of \phpbb\db\migration\data\v310\beta2.
[DEBUG] Apply dependencies of \phpbb\db\migration\data\v310\beta1.
[DEBUG] Apply dependencies of \phpbb\db\migration\data\v310\alpha3.
[DEBUG] Installing Schema: \phpbb\db\migration\data\v310\alpha3.
[INFO] Installed Schema: \phpbb\db\migration\data\v310\alpha3; Time: 0.00 seconds
[DEBUG] Migration already effectively installed (skipped): \phpbb\db\migration\data\v310\profilefield_googleplus
[DEBUG] Migration already effectively installed (skipped): \phpbb\db\migration\data\v310\topic_sort_username
[DEBUG] Apply dependencies of \phpbb\db\migration\data\v310\notifications_use_full_name.
[DEBUG] Apply dependencies of \phpbb\db\migration\data\v310\rc3.
[DEBUG] Apply dependencies of \phpbb\db\migration\data\v310\rc2.
[DEBUG] Apply dependencies of \phpbb\db\migration\data\v310\rc1.
[DEBUG] Apply dependencies of \phpbb\db\migration\data\v310\beta4.
[DEBUG] Apply dependencies of \phpbb\db\migration\data\v310\beta3.
[DEBUG] Apply dependencies of \phpbb\db\migration\data\v310\beta2.
[DEBUG] Apply dependencies of \phpbb\db\migration\data\v310\beta1.
[DEBUG] Apply dependencies of \phpbb\db\migration\data\v310\alpha3.
[DEBUG] Installing Data: \phpbb\db\migration\data\v310\alpha3.
[INFO] Installed Data: \phpbb\db\migration\data\v310\alpha3; Time: 0.00 seconds
[DEBUG] Migration already effectively installed (skipped): \phpbb\db\migration\data\v310\profilefield_googleplus
[DEBUG] Migration already effectively installed (skipped): \phpbb\db\migration\data\v310\topic_sort_username
[DEBUG] Apply dependencies of \phpbb\db\migration\data\v310\notifications_use_full_name.
[DEBUG] Apply dependencies of \phpbb\db\migration\data\v310\rc3.
[DEBUG] Apply dependencies of \phpbb\db\migration\data\v310\rc2.
[DEBUG] Apply dependencies of \phpbb\db\migration\data\v310\rc1.
[DEBUG] Apply dependencies of \phpbb\db\migration\data\v310\beta4.
[DEBUG] Apply dependencies of \phpbb\db\migration\data\v310\beta3.
[DEBUG] Apply dependencies of \phpbb\db\migration\data\v310\beta2.
[DEBUG] Apply dependencies of \phpbb\db\migration\data\v310\beta1.
[DEBUG] Apply dependencies of \phpbb\db\migration\data\v310\passwords_p2.
[DEBUG] Installing Schema: \phpbb\db\migration\data\v310\passwords_p2.
[INFO] Installed Schema: \phpbb\db\migration\data\v310\passwords_p2; Time: 0.77 seconds
[DEBUG] Migration already effectively installed (skipped): \phpbb\db\migration\data\v310\profilefield_googleplus
[DEBUG] Migration already effectively installed (skipped): \phpbb\db\migration\data\v310\topic_sort_username
[DEBUG] Apply dependencies of \phpbb\db\migration\data\v310\notifications_use_full_name.
[DEBUG] Apply dependencies of \phpbb\db\migration\data\v310\rc3.
[DEBUG] Apply dependencies of \phpbb\db\migration\data\v310\rc2.
[DEBUG] Apply dependencies of \phpbb\db\migration\data\v310\rc1.
[DEBUG] Apply dependencies of \phpbb\db\migration\data\v310\beta4.
[DEBUG] Apply dependencies of \phpbb\db\migration\data\v310\beta3.
[DEBUG] Apply dependencies of \phpbb\db\migration\data\v310\beta2.
[DEBUG] Apply dependencies of \phpbb\db\migration\data\v310\beta1.
[DEBUG] Apply dependencies of \phpbb\db\migration\data\v310\passwords_p2.
[DEBUG] Installing Data: \phpbb\db\migration\data\v310\passwords_p2.
[INFO] Installed Data: \phpbb\db\migration\data\v310\passwords_p2; Time: 0.00 seconds
[DEBUG] Migration already effectively installed (skipped): \phpbb\db\migration\data\v310\profilefield_googleplus
[DEBUG] Migration already effectively installed (skipped): \phpbb\db\migration\data\v310\topic_sort_username
[DEBUG] Apply dependencies of \phpbb\db\migration\data\v310\notifications_use_full_name.
[DEBUG] Apply dependencies of \phpbb\db\migration\data\v310\rc3.
[DEBUG] Apply dependencies of \phpbb\db\migration\data\v310\rc2.
[DEBUG] Apply dependencies of \phpbb\db\migration\data\v310\rc1.
[DEBUG] Apply dependencies of \phpbb\db\migration\data\v310\beta4.
[DEBUG] Apply dependencies of \phpbb\db\migration\data\v310\beta3.
[DEBUG] Apply dependencies of \phpbb\db\migration\data\v310\beta2.
[DEBUG] Apply dependencies of \phpbb\db\migration\data\v310\beta1.
[DEBUG] Apply dependencies of \phpbb\db\migration\data\v310\postgres_fulltext_drop.
[DEBUG] Migration already effectively installed (skipped): \phpbb\db\migration\data\v310\postgres_fulltext_drop
[DEBUG] Migration already effectively installed (skipped): \phpbb\db\migration\data\v310\profilefield_googleplus
[DEBUG] Migration already effectively installed (skipped): \phpbb\db\migration\data\v310\topic_sort_username
[DEBUG] Apply dependencies of \phpbb\db\migration\data\v310\notifications_use_full_name.
[DEBUG] Apply dependencies of \phpbb\db\migration\data\v310\rc3.
[DEBUG] Apply dependencies of \phpbb\db\migration\data\v310\rc2.
[DEBUG] Apply dependencies of \phpbb\db\migration\data\v310\rc1.
[DEBUG] Apply dependencies of \phpbb\db\migration\data\v310\beta4.
[DEBUG] Apply dependencies of \phpbb\db\migration\data\v310\beta3.
[DEBUG] Apply dependencies of \phpbb\db\migration\data\v310\beta2.
[DEBUG] Apply dependencies of \phpbb\db\migration\data\v310\beta1.
[DEBUG] Apply dependencies of \phpbb\db\migration\data\v310\profilefield_change_load_settings.
[DEBUG] Apply dependencies of \phpbb\db\migration\data\v310\profilefield_aol_cleanup.
[DEBUG] Apply dependencies of \phpbb\db\migration\data\v310\profilefield_aol.
[DEBUG] Apply dependencies of \phpbb\db\migration\data\v310\profilefield_yahoo_cleanup.
[DEBUG] Apply dependencies of \phpbb\db\migration\data\v310\profilefield_yahoo.
[DEBUG] Apply dependencies of \phpbb\db\migration\data\v310\profilefield_wlm_cleanup.
[DEBUG] Apply dependencies of \phpbb\db\migration\data\v310\profilefield_wlm.
[DEBUG] Apply dependencies of \phpbb\db\migration\data\v310\profilefield_website_cleanup.
[DEBUG] Apply dependencies of \phpbb\db\migration\data\v310\profilefield_website.
[DEBUG] Apply dependencies of \phpbb\db\migration\data\v310\profilefield_icq_cleanup.
[DEBUG] Apply dependencies of \phpbb\db\migration\data\v310\profilefield_icq.
[DEBUG] Installing Schema: \phpbb\db\migration\data\v310\profilefield_icq.
[INFO] Installed Schema: \phpbb\db\migration\data\v310\profilefield_icq; Time: 0.20 seconds
[DEBUG] Migration already effectively installed (skipped): \phpbb\db\migration\data\v310\profilefield_googleplus
[DEBUG] Migration already effectively installed (skipped): \phpbb\db\migration\data\v310\topic_sort_username
[DEBUG] Apply dependencies of \phpbb\db\migration\data\v310\notifications_use_full_name.
[DEBUG] Apply dependencies of \phpbb\db\migration\data\v310\rc3.
[DEBUG] Apply dependencies of \phpbb\db\migration\data\v310\rc2.
[DEBUG] Apply dependencies of \phpbb\db\migration\data\v310\rc1.
[DEBUG] Apply dependencies of \phpbb\db\migration\data\v310\beta4.
[DEBUG] Apply dependencies of \phpbb\db\migration\data\v310\beta3.
[DEBUG] Apply dependencies of \phpbb\db\migration\data\v310\beta2.
[DEBUG] Apply dependencies of \phpbb\db\migration\data\v310\beta1.
[DEBUG] Apply dependencies of \phpbb\db\migration\data\v310\profilefield_change_load_settings.
[DEBUG] Apply dependencies of \phpbb\db\migration\data\v310\profilefield_aol_cleanup.
[DEBUG] Apply dependencies of \phpbb\db\migration\data\v310\profilefield_aol.
[DEBUG] Apply dependencies of \phpbb\db\migration\data\v310\profilefield_yahoo_cleanup.
[DEBUG] Apply dependencies of \phpbb\db\migration\data\v310\profilefield_yahoo.
[DEBUG] Apply dependencies of \phpbb\db\migration\data\v310\profilefield_wlm_cleanup.
[DEBUG] Apply dependencies of \phpbb\db\migration\data\v310\profilefield_wlm.
[DEBUG] Apply dependencies of \phpbb\db\migration\data\v310\profilefield_website_cleanup.
[DEBUG] Apply dependencies of \phpbb\db\migration\data\v310\profilefield_website.
[DEBUG] Apply dependencies of \phpbb\db\migration\data\v310\profilefield_icq_cleanup.
[DEBUG] Apply dependencies of \phpbb\db\migration\data\v310\profilefield_icq.
[DEBUG] Installing Data: \phpbb\db\migration\data\v310\profilefield_icq.
[INFO] Installed Data: \phpbb\db\migration\data\v310\profilefield_icq; Time: 0.05 seconds
[DEBUG] Migration already effectively installed (skipped): \phpbb\db\migration\data\v310\profilefield_googleplus
[DEBUG] Migration already effectively installed (skipped): \phpbb\db\migration\data\v310\topic_sort_username
[DEBUG] Apply dependencies of \phpbb\db\migration\data\v310\notifications_use_full_name.
[DEBUG] Apply dependencies of \phpbb\db\migration\data\v310\rc3.
[DEBUG] Apply dependencies of \phpbb\db\migration\data\v310\rc2.
[DEBUG] Apply dependencies of \phpbb\db\migration\data\v310\rc1.
[DEBUG] Apply dependencies of \phpbb\db\migration\data\v310\beta4.
[DEBUG] Apply dependencies of \phpbb\db\migration\data\v310\beta3.
[DEBUG] Apply dependencies of \phpbb\db\migration\data\v310\beta2.
[DEBUG] Apply dependencies of \phpbb\db\migration\data\v310\beta1.
[DEBUG] Apply dependencies of \phpbb\db\migration\data\v310\profilefield_change_load_settings.
[DEBUG] Apply dependencies of \phpbb\db\migration\data\v310\profilefield_aol_cleanup.
[DEBUG] Apply dependencies of \phpbb\db\migration\data\v310\profilefield_aol.
[DEBUG] Apply dependencies of \phpbb\db\migration\data\v310\profilefield_yahoo_cleanup.
[DEBUG] Apply dependencies of \phpbb\db\migration\data\v310\profilefield_yahoo.
[DEBUG] Apply dependencies of \phpbb\db\migration\data\v310\profilefield_wlm_cleanup.
[DEBUG] Apply dependencies of \phpbb\db\migration\data\v310\profilefield_wlm.
[DEBUG] Apply dependencies of \phpbb\db\migration\data\v310\profilefield_website_cleanup.
[DEBUG] Apply dependencies of \phpbb\db\migration\data\v310\profilefield_website.
[DEBUG] Apply dependencies of \phpbb\db\migration\data\v310\profilefield_icq_cleanup.
[DEBUG] Installing Schema: \phpbb\db\migration\data\v310\profilefield_icq_cleanup.
[INFO] Installed Schema: \phpbb\db\migration\data\v310\profilefield_icq_cleanup; Time: 0.77 seconds
