[DEBUG] Migration already effectively installed (skipped): \phpbb\db\migration\data\v310\profilefield_googleplus
[DEBUG] Migration already effectively installed (skipped): \phpbb\db\migration\data\v310\topic_sort_username
[DEBUG] Apply dependencies of \phpbb\db\migration\data\v310\notifications_use_full_name.
[DEBUG] Apply dependencies of \phpbb\db\migration\data\v310\rc3.
[DEBUG] Apply dependencies of \phpbb\db\migration\data\v310\rc2.
[DEBUG] Apply dependencies of \phpbb\db\migration\data\v310\rc1.
[DEBUG] Apply dependencies of \phpbb\db\migration\data\v310\beta4.
[DEBUG] Apply dependencies of \phpbb\db\migration\data\v310\beta3.
[DEBUG] Apply dependencies of \phpbb\db\migration\data\v310\beta2.
[DEBUG] Apply dependencies of \phpbb\db\migration\data\v310\beta1.
[DEBUG] Apply dependencies of \phpbb\db\migration\data\v310\profilefield_change_load_settings.
[DEBUG] Apply dependencies of \phpbb\db\migration\data\v310\profilefield_aol_cleanup.
[DEBUG] Apply dependencies of \phpbb\db\migration\data\v310\profilefield_aol.
[DEBUG] Apply dependencies of \phpbb\db\migration\data\v310\profilefield_yahoo_cleanup.
[DEBUG] Apply dependencies of \phpbb\db\migration\data\v310\profilefield_yahoo.
[DEBUG] Apply dependencies of \phpbb\db\migration\data\v310\profilefield_wlm_cleanup.
[DEBUG] Apply dependencies of \phpbb\db\migration\data\v310\profilefield_wlm.
[DEBUG] Apply dependencies of \phpbb\db\migration\data\v310\profilefield_website_cleanup.
[DEBUG] Apply dependencies of \phpbb\db\migration\data\v310\profilefield_website.
[DEBUG] Apply dependencies of \phpbb\db\migration\data\v310\profilefield_icq_cleanup.
[DEBUG] Installing Data: \phpbb\db\migration\data\v310\profilefield_icq_cleanup.
[INFO] Installed Data: \phpbb\db\migration\data\v310\profilefield_icq_cleanup; Time: 0.00 seconds
[DEBUG] Migration already effectively installed (skipped): \phpbb\db\migration\data\v310\profilefield_googleplus
[DEBUG] Migration already effectively installed (skipped): \phpbb\db\migration\data\v310\topic_sort_username
[DEBUG] Apply dependencies of \phpbb\db\migration\data\v310\notifications_use_full_name.
[DEBUG] Apply dependencies of \phpbb\db\migration\data\v310\rc3.
[DEBUG] Apply dependencies of \phpbb\db\migration\data\v310\rc2.
[DEBUG] Apply dependencies of \phpbb\db\migration\data\v310\rc1.
[DEBUG] Apply dependencies of \phpbb\db\migration\data\v310\beta4.
[DEBUG] Apply dependencies of \phpbb\db\migration\data\v310\beta3.
[DEBUG] Apply dependencies of \phpbb\db\migration\data\v310\beta2.
[DEBUG] Apply dependencies of \phpbb\db\migration\data\v310\beta1.
[DEBUG] Apply dependencies of \phpbb\db\migration\data\v310\profilefield_change_load_settings.
[DEBUG] Apply dependencies of \phpbb\db\migration\data\v310\profilefield_aol_cleanup.
[DEBUG] Apply dependencies of \phpbb\db\migration\data\v310\profilefield_aol.
[DEBUG] Apply dependencies of \phpbb\db\migration\data\v310\profilefield_yahoo_cleanup.
[DEBUG] Apply dependencies of \phpbb\db\migration\data\v310\profilefield_yahoo.
[DEBUG] Apply dependencies of \phpbb\db\migration\data\v310\profilefield_wlm_cleanup.
[DEBUG] Apply dependencies of \phpbb\db\migration\data\v310\profilefield_wlm.
[DEBUG] Apply dependencies of \phpbb\db\migration\data\v310\profilefield_website_cleanup.
[DEBUG] Apply dependencies of \phpbb\db\migration\data\v310\profilefield_website.
[DEBUG] Installing Schema: \phpbb\db\migration\data\v310\profilefield_website.
[INFO] Installed Schema: \phpbb\db\migration\data\v310\profilefield_website; Time: 0.41 seconds
[DEBUG] Migration already effectively installed (skipped): \phpbb\db\migration\data\v310\profilefield_googleplus
[DEBUG] Migration already effectively installed (skipped): \phpbb\db\migration\data\v310\topic_sort_username
[DEBUG] Apply dependencies of \phpbb\db\migration\data\v310\notifications_use_full_name.
[DEBUG] Apply dependencies of \phpbb\db\migration\data\v310\rc3.
[DEBUG] Apply dependencies of \phpbb\db\migration\data\v310\rc2.
[DEBUG] Apply dependencies of \phpbb\db\migration\data\v310\rc1.
[DEBUG] Apply dependencies of \phpbb\db\migration\data\v310\beta4.
[DEBUG] Apply dependencies of \phpbb\db\migration\data\v310\beta3.
[DEBUG] Apply dependencies of \phpbb\db\migration\data\v310\beta2.
[DEBUG] Apply dependencies of \phpbb\db\migration\data\v310\beta1.
[DEBUG] Apply dependencies of \phpbb\db\migration\data\v310\profilefield_change_load_settings.
[DEBUG] Apply dependencies of \phpbb\db\migration\data\v310\profilefield_aol_cleanup.
[DEBUG] Apply dependencies of \phpbb\db\migration\data\v310\profilefield_aol.
[DEBUG] Apply dependencies of \phpbb\db\migration\data\v310\profilefield_yahoo_cleanup.
[DEBUG] Apply dependencies of \phpbb\db\migration\data\v310\profilefield_yahoo.
[DEBUG] Apply dependencies of \phpbb\db\migration\data\v310\profilefield_wlm_cleanup.
[DEBUG] Apply dependencies of \phpbb\db\migration\data\v310\profilefield_wlm.
[DEBUG] Apply dependencies of \phpbb\db\migration\data\v310\profilefield_website_cleanup.
[DEBUG] Apply dependencies of \phpbb\db\migration\data\v310\profilefield_website.
[DEBUG] Installing Data: \phpbb\db\migration\data\v310\profilefield_website.
[INFO] Installed Data: \phpbb\db\migration\data\v310\profilefield_website; Time: 0.17 seconds
[DEBUG] Migration already effectively installed (skipped): \phpbb\db\migration\data\v310\profilefield_googleplus
[DEBUG] Migration already effectively installed (skipped): \phpbb\db\migration\data\v310\topic_sort_username
[DEBUG] Apply dependencies of \phpbb\db\migration\data\v310\notifications_use_full_name.
[DEBUG] Apply dependencies of \phpbb\db\migration\data\v310\rc3.
[DEBUG] Apply dependencies of \phpbb\db\migration\data\v310\rc2.
[DEBUG] Apply dependencies of \phpbb\db\migration\data\v310\rc1.
[DEBUG] Apply dependencies of \phpbb\db\migration\data\v310\beta4.
[DEBUG] Apply dependencies of \phpbb\db\migration\data\v310\beta3.
[DEBUG] Apply dependencies of \phpbb\db\migration\data\v310\beta2.
[DEBUG] Apply dependencies of \phpbb\db\migration\data\v310\beta1.
[DEBUG] Apply dependencies of \phpbb\db\migration\data\v310\profilefield_change_load_settings.
[DEBUG] Apply dependencies of \phpbb\db\migration\data\v310\profilefield_aol_cleanup.
[DEBUG] Apply dependencies of \phpbb\db\migration\data\v310\profilefield_aol.
[DEBUG] Apply dependencies of \phpbb\db\migration\data\v310\profilefield_yahoo_cleanup.
[DEBUG] Apply dependencies of \phpbb\db\migration\data\v310\profilefield_yahoo.
[DEBUG] Apply dependencies of \phpbb\db\migration\data\v310\profilefield_wlm_cleanup.
[DEBUG] Apply dependencies of \phpbb\db\migration\data\v310\profilefield_wlm.
[DEBUG] Apply dependencies of \phpbb\db\migration\data\v310\profilefield_website_cleanup.
[DEBUG] Apply dependencies of \phpbb\db\migration\data\v310\profilefield_website.
[DEBUG] Installing Data: \phpbb\db\migration\data\v310\profilefield_website.
[INFO] Installed Data: \phpbb\db\migration\data\v310\profilefield_website; Time: 0.16 seconds
[DEBUG] Migration already effectively installed (skipped): \phpbb\db\migration\data\v310\profilefield_googleplus
[DEBUG] Migration already effectively installed (skipped): \phpbb\db\migration\data\v310\topic_sort_username
[DEBUG] Apply dependencies of \phpbb\db\migration\data\v310\notifications_use_full_name.
[DEBUG] Apply dependencies of \phpbb\db\migration\data\v310\rc3.
[DEBUG] Apply dependencies of \phpbb\db\migration\data\v310\rc2.
[DEBUG] Apply dependencies of \phpbb\db\migration\data\v310\rc1.
[DEBUG] Apply dependencies of \phpbb\db\migration\data\v310\beta4.
[DEBUG] Apply dependencies of \phpbb\db\migration\data\v310\beta3.
[DEBUG] Apply dependencies of \phpbb\db\migration\data\v310\beta2.
[DEBUG] Apply dependencies of \phpbb\db\migration\data\v310\beta1.
[DEBUG] Apply dependencies of \phpbb\db\migration\data\v310\profilefield_change_load_settings.
[DEBUG] Apply dependencies of \phpbb\db\migration\data\v310\profilefield_aol_cleanup.
[DEBUG] Apply dependencies of \phpbb\db\migration\data\v310\profilefield_aol.
[DEBUG] Apply dependencies of \phpbb\db\migration\data\v310\profilefield_yahoo_cleanup.
[DEBUG] Apply dependencies of \phpbb\db\migration\data\v310\profilefield_yahoo.
[DEBUG] Apply dependencies of \phpbb\db\migration\data\v310\profilefield_wlm_cleanup.
[DEBUG] Apply dependencies of \phpbb\db\migration\data\v310\profilefield_wlm.
[DEBUG] Apply dependencies of \phpbb\db\migration\data\v310\profilefield_website_cleanup.
[DEBUG] Apply dependencies of \phpbb\db\migration\data\v310\profilefield_website.
[DEBUG] Installing Data: \phpbb\db\migration\data\v310\profilefield_website.
[INFO] Installed Data: \phpbb\db\migration\data\v310\profilefield_website; Time: 0.09 seconds
[DEBUG] Migration already effectively installed (skipped): \phpbb\db\migration\data\v310\profilefield_googleplus
[DEBUG] Migration already effectively installed (skipped): \phpbb\db\migration\data\v310\topic_sort_username
[DEBUG] Apply dependencies of \phpbb\db\migration\data\v310\notifications_use_full_name.
[DEBUG] Apply dependencies of \phpbb\db\migration\data\v310\rc3.
[DEBUG] Apply dependencies of \phpbb\db\migration\data\v310\rc2.
[DEBUG] Apply dependencies of \phpbb\db\migration\data\v310\rc1.
[DEBUG] Apply dependencies of \phpbb\db\migration\data\v310\beta4.
[DEBUG] Apply dependencies of \phpbb\db\migration\data\v310\beta3.
[DEBUG] Apply dependencies of \phpbb\db\migration\data\v310\beta2.
[DEBUG] Apply dependencies of \phpbb\db\migration\data\v310\beta1.
[DEBUG] Apply dependencies of \phpbb\db\migration\data\v310\profilefield_change_load_settings.
[DEBUG] Apply dependencies of \phpbb\db\migration\data\v310\profilefield_aol_cleanup.
[DEBUG] Apply dependencies of \phpbb\db\migration\data\v310\profilefield_aol.
[DEBUG] Apply dependencies of \phpbb\db\migration\data\v310\profilefield_yahoo_cleanup.
[DEBUG] Apply dependencies of \phpbb\db\migration\data\v310\profilefield_yahoo.
[DEBUG] Apply dependencies of \phpbb\db\migration\data\v310\profilefield_wlm_cleanup.
[DEBUG] Apply dependencies of \phpbb\db\migration\data\v310\profilefield_wlm.
[DEBUG] Apply dependencies of \phpbb\db\migration\data\v310\profilefield_website_cleanup.
[DEBUG] Installing Schema: \phpbb\db\migration\data\v310\profilefield_website_cleanup.
[INFO] Installed Schema: \phpbb\db\migration\data\v310\profilefield_website_cleanup; Time: 0.79 seconds
[DEBUG] Migration already effectively installed (skipped): \phpbb\db\migration\data\v310\profilefield_googleplus
[DEBUG] Migration already effectively installed (skipped): \phpbb\db\migration\data\v310\topic_sort_username
[DEBUG] Apply dependencies of \phpbb\db\migration\data\v310\notifications_use_full_name.
[DEBUG] Apply dependencies of \phpbb\db\migration\data\v310\rc3.
[DEBUG] Apply dependencies of \phpbb\db\migration\data\v310\rc2.
[DEBUG] Apply dependencies of \phpbb\db\migration\data\v310\rc1.
[DEBUG] Apply dependencies of \phpbb\db\migration\data\v310\beta4.
[DEBUG] Apply dependencies of \phpbb\db\migration\data\v310\beta3.
[DEBUG] Apply dependencies of \phpbb\db\migration\data\v310\beta2.
[DEBUG] Apply dependencies of \phpbb\db\migration\data\v310\beta1.
[DEBUG] Apply dependencies of \phpbb\db\migration\data\v310\profilefield_change_load_settings.
[DEBUG] Apply dependencies of \phpbb\db\migration\data\v310\profilefield_aol_cleanup.
[DEBUG] Apply dependencies of \phpbb\db\migration\data\v310\profilefield_aol.
[DEBUG] Apply dependencies of \phpbb\db\migration\data\v310\profilefield_yahoo_cleanup.
[DEBUG] Apply dependencies of \phpbb\db\migration\data\v310\profilefield_yahoo.
[DEBUG] Apply dependencies of \phpbb\db\migration\data\v310\profilefield_wlm_cleanup.
[DEBUG] Apply dependencies of \phpbb\db\migration\data\v310\profilefield_wlm.
[DEBUG] Apply dependencies of \phpbb\db\migration\data\v310\profilefield_website_cleanup.
[DEBUG] Installing Data: \phpbb\db\migration\data\v310\profilefield_website_cleanup.
[INFO] Installed Data: \phpbb\db\migration\data\v310\profilefield_website_cleanup; Time: 0.00 seconds
[DEBUG] Migration already effectively installed (skipped): \phpbb\db\migration\data\v310\profilefield_googleplus
[DEBUG] Migration already effectively installed (skipped): \phpbb\db\migration\data\v310\topic_sort_username
[DEBUG] Apply dependencies of \phpbb\db\migration\data\v310\notifications_use_full_name.
[DEBUG] Apply dependencies of \phpbb\db\migration\data\v310\rc3.
[DEBUG] Apply dependencies of \phpbb\db\migration\data\v310\rc2.
[DEBUG] Apply dependencies of \phpbb\db\migration\data\v310\rc1.
[DEBUG] Apply dependencies of \phpbb\db\migration\data\v310\beta4.
[DEBUG] Apply dependencies of \phpbb\db\migration\data\v310\beta3.
[DEBUG] Apply dependencies of \phpbb\db\migration\data\v310\beta2.
[DEBUG] Apply dependencies of \phpbb\db\migration\data\v310\beta1.
[DEBUG] Apply dependencies of \phpbb\db\migration\data\v310\profilefield_change_load_settings.
[DEBUG] Apply dependencies of \phpbb\db\migration\data\v310\profilefield_aol_cleanup.
[DEBUG] Apply dependencies of \phpbb\db\migration\data\v310\profilefield_aol.
[DEBUG] Apply dependencies of \phpbb\db\migration\data\v310\profilefield_yahoo_cleanup.
[DEBUG] Apply dependencies of \phpbb\db\migration\data\v310\profilefield_yahoo.
[DEBUG] Apply dependencies of \phpbb\db\migration\data\v310\profilefield_wlm_cleanup.
[DEBUG] Apply dependencies of \phpbb\db\migration\data\v310\profilefield_wlm.
[DEBUG] Installing Schema: \phpbb\db\migration\data\v310\profilefield_wlm.
[INFO] Installed Schema: \phpbb\db\migration\data\v310\profilefield_wlm; Time: 0.21 seconds
[DEBUG] Migration already effectively installed (skipped): \phpbb\db\migration\data\v310\profilefield_googleplus
[DEBUG] Migration already effectively installed (skipped): \phpbb\db\migration\data\v310\topic_sort_username
[DEBUG] Apply dependencies of \phpbb\db\migration\data\v310\notifications_use_full_name.
[DEBUG] Apply dependencies of \phpbb\db\migration\data\v310\rc3.
[DEBUG] Apply dependencies of \phpbb\db\migration\data\v310\rc2.
[DEBUG] Apply dependencies of \phpbb\db\migration\data\v310\rc1.
[DEBUG] Apply dependencies of \phpbb\db\migration\data\v310\beta4.
[DEBUG] Apply dependencies of \phpbb\db\migration\data\v310\beta3.
[DEBUG] Apply dependencies of \phpbb\db\migration\data\v310\beta2.
[DEBUG] Apply dependencies of \phpbb\db\migration\data\v310\beta1.
[DEBUG] Apply dependencies of \phpbb\db\migration\data\v310\profilefield_change_load_settings.
[DEBUG] Apply dependencies of \phpbb\db\migration\data\v310\profilefield_aol_cleanup.
[DEBUG] Apply dependencies of \phpbb\db\migration\data\v310\profilefield_aol.
[DEBUG] Apply dependencies of \phpbb\db\migration\data\v310\profilefield_yahoo_cleanup.
[DEBUG] Apply dependencies of \phpbb\db\migration\data\v310\profilefield_yahoo.
[DEBUG] Apply dependencies of \phpbb\db\migration\data\v310\profilefield_wlm_cleanup.
[DEBUG] Apply dependencies of \phpbb\db\migration\data\v310\profilefield_wlm.
[DEBUG] Installing Data: \phpbb\db\migration\data\v310\profilefield_wlm.
[INFO] Installed Data: \phpbb\db\migration\data\v310\profilefield_wlm; Time: 0.06 seconds
[DEBUG] Migration already effectively installed (skipped): \phpbb\db\migration\data\v310\profilefield_googleplus
[DEBUG] Migration already effectively installed (skipped): \phpbb\db\migration\data\v310\topic_sort_username
[DEBUG] Apply dependencies of \phpbb\db\migration\data\v310\notifications_use_full_name.
[DEBUG] Apply dependencies of \phpbb\db\migration\data\v310\rc3.
[DEBUG] Apply dependencies of \phpbb\db\migration\data\v310\rc2.
[DEBUG] Apply dependencies of \phpbb\db\migration\data\v310\rc1.
[DEBUG] Apply dependencies of \phpbb\db\migration\data\v310\beta4.
[DEBUG] Apply dependencies of \phpbb\db\migration\data\v310\beta3.
[DEBUG] Apply dependencies of \phpbb\db\migration\data\v310\beta2.
[DEBUG] Apply dependencies of \phpbb\db\migration\data\v310\beta1.
[DEBUG] Apply dependencies of \phpbb\db\migration\data\v310\profilefield_change_load_settings.
[DEBUG] Apply dependencies of \phpbb\db\migration\data\v310\profilefield_aol_cleanup.
[DEBUG] Apply dependencies of \phpbb\db\migration\data\v310\profilefield_aol.
[DEBUG] Apply dependencies of \phpbb\db\migration\data\v310\profilefield_yahoo_cleanup.
[DEBUG] Apply dependencies of \phpbb\db\migration\data\v310\profilefield_yahoo.
[DEBUG] Apply dependencies of \phpbb\db\migration\data\v310\profilefield_wlm_cleanup.
[DEBUG] Installing Schema: \phpbb\db\migration\data\v310\profilefield_wlm_cleanup.
[INFO] Installed Schema: \phpbb\db\migration\data\v310\profilefield_wlm_cleanup; Time: 0.77 seconds
[DEBUG] Migration already effectively installed (skipped): \phpbb\db\migration\data\v310\profilefield_googleplus
[DEBUG] Migration already effectively installed (skipped): \phpbb\db\migration\data\v310\topic_sort_username
[DEBUG] Apply dependencies of \phpbb\db\migration\data\v310\notifications_use_full_name.
[DEBUG] Apply dependencies of \phpbb\db\migration\data\v310\rc3.
[DEBUG] Apply dependencies of \phpbb\db\migration\data\v310\rc2.
[DEBUG] Apply dependencies of \phpbb\db\migration\data\v310\rc1.
[DEBUG] Apply dependencies of \phpbb\db\migration\data\v310\beta4.
[DEBUG] Apply dependencies of \phpbb\db\migration\data\v310\beta3.
[DEBUG] Apply dependencies of \phpbb\db\migration\data\v310\beta2.
[DEBUG] Apply dependencies of \phpbb\db\migration\data\v310\beta1.
[DEBUG] Apply dependencies of \phpbb\db\migration\data\v310\profilefield_change_load_settings.
[DEBUG] Apply dependencies of \phpbb\db\migration\data\v310\profilefield_aol_cleanup.
[DEBUG] Apply dependencies of \phpbb\db\migration\data\v310\profilefield_aol.
[DEBUG] Apply dependencies of \phpbb\db\migration\data\v310\profilefield_yahoo_cleanup.
[DEBUG] Apply dependencies of \phpbb\db\migration\data\v310\profilefield_yahoo.
[DEBUG] Apply dependencies of \phpbb\db\migration\data\v310\profilefield_wlm_cleanup.
[DEBUG] Installing Data: \phpbb\db\migration\data\v310\profilefield_wlm_cleanup.
[INFO] Installed Data: \phpbb\db\migration\data\v310\profilefield_wlm_cleanup; Time: 0.00 seconds
[DEBUG] Migration already effectively installed (skipped): \phpbb\db\migration\data\v310\profilefield_googleplus
[DEBUG] Migration already effectively installed (skipped): \phpbb\db\migration\data\v310\topic_sort_username
[DEBUG] Apply dependencies of \phpbb\db\migration\data\v310\notifications_use_full_name.
[DEBUG] Apply dependencies of \phpbb\db\migration\data\v310\rc3.
[DEBUG] Apply dependencies of \phpbb\db\migration\data\v310\rc2.
[DEBUG] Apply dependencies of \phpbb\db\migration\data\v310\rc1.
[DEBUG] Apply dependencies of \phpbb\db\migration\data\v310\beta4.
[DEBUG] Apply dependencies of \phpbb\db\migration\data\v310\beta3.
[DEBUG] Apply dependencies of \phpbb\db\migration\data\v310\beta2.
[DEBUG] Apply dependencies of \phpbb\db\migration\data\v310\beta1.
[DEBUG] Apply dependencies of \phpbb\db\migration\data\v310\profilefield_change_load_settings.
[DEBUG] Apply dependencies of \phpbb\db\migration\data\v310\profilefield_aol_cleanup.
[DEBUG] Apply dependencies of \phpbb\db\migration\data\v310\profilefield_aol.
[DEBUG] Apply dependencies of \phpbb\db\migration\data\v310\profilefield_yahoo_cleanup.
[DEBUG] Apply dependencies of \phpbb\db\migration\data\v310\profilefield_yahoo.
[DEBUG] Installing Schema: \phpbb\db\migration\data\v310\profilefield_yahoo.
[INFO] Installed Schema: \phpbb\db\migration\data\v310\profilefield_yahoo; Time: 0.22 seconds
[DEBUG] Migration already effectively installed (skipped): \phpbb\db\migration\data\v310\profilefield_googleplus
[DEBUG] Migration already effectively installed (skipped): \phpbb\db\migration\data\v310\topic_sort_username
[DEBUG] Apply dependencies of \phpbb\db\migration\data\v310\notifications_use_full_name.
[DEBUG] Apply dependencies of \phpbb\db\migration\data\v310\rc3.
[DEBUG] Apply dependencies of \phpbb\db\migration\data\v310\rc2.
[DEBUG] Apply dependencies of \phpbb\db\migration\data\v310\rc1.
[DEBUG] Apply dependencies of \phpbb\db\migration\data\v310\beta4.
[DEBUG] Apply dependencies of \phpbb\db\migration\data\v310\beta3.
[DEBUG] Apply dependencies of \phpbb\db\migration\data\v310\beta2.
[DEBUG] Apply dependencies of \phpbb\db\migration\data\v310\beta1.
[DEBUG] Apply dependencies of \phpbb\db\migration\data\v310\profilefield_change_load_settings.
[DEBUG] Apply dependencies of \phpbb\db\migration\data\v310\profilefield_aol_cleanup.
[DEBUG] Apply dependencies of \phpbb\db\migration\data\v310\profilefield_aol.
[DEBUG] Apply dependencies of \phpbb\db\migration\data\v310\profilefield_yahoo_cleanup.
[DEBUG] Apply dependencies of \phpbb\db\migration\data\v310\profilefield_yahoo.
[DEBUG] Installing Data: \phpbb\db\migration\data\v310\profilefield_yahoo.
[INFO] Installed Data: \phpbb\db\migration\data\v310\profilefield_yahoo; Time: 0.10 seconds
[DEBUG] Migration already effectively installed (skipped): \phpbb\db\migration\data\v310\profilefield_googleplus
[DEBUG] Migration already effectively installed (skipped): \phpbb\db\migration\data\v310\topic_sort_username
[DEBUG] Apply dependencies of \phpbb\db\migration\data\v310\notifications_use_full_name.
[DEBUG] Apply dependencies of \phpbb\db\migration\data\v310\rc3.
[DEBUG] Apply dependencies of \phpbb\db\migration\data\v310\rc2.
[DEBUG] Apply dependencies of \phpbb\db\migration\data\v310\rc1.
[DEBUG] Apply dependencies of \phpbb\db\migration\data\v310\beta4.
[DEBUG] Apply dependencies of \phpbb\db\migration\data\v310\beta3.
[DEBUG] Apply dependencies of \phpbb\db\migration\data\v310\beta2.
[DEBUG] Apply dependencies of \phpbb\db\migration\data\v310\beta1.
[DEBUG] Apply dependencies of \phpbb\db\migration\data\v310\profilefield_change_load_settings.
[DEBUG] Apply dependencies of \phpbb\db\migration\data\v310\profilefield_aol_cleanup.
[DEBUG] Apply dependencies of \phpbb\db\migration\data\v310\profilefield_aol.
[DEBUG] Apply dependencies of \phpbb\db\migration\data\v310\profilefield_yahoo_cleanup.
[DEBUG] Installing Schema: \phpbb\db\migration\data\v310\profilefield_yahoo_cleanup.
[INFO] Installed Schema: \phpbb\db\migration\data\v310\profilefield_yahoo_cleanup; Time: 0.77 seconds
[DEBUG] Migration already effectively installed (skipped): \phpbb\db\migration\data\v310\profilefield_googleplus
[DEBUG] Migration already effectively installed (skipped): \phpbb\db\migration\data\v310\topic_sort_username
[DEBUG] Apply dependencies of \phpbb\db\migration\data\v310\notifications_use_full_name.
[DEBUG] Apply dependencies of \phpbb\db\migration\data\v310\rc3.
[DEBUG] Apply dependencies of \phpbb\db\migration\data\v310\rc2.
[DEBUG] Apply dependencies of \phpbb\db\migration\data\v310\rc1.
[DEBUG] Apply dependencies of \phpbb\db\migration\data\v310\beta4.
[DEBUG] Apply dependencies of \phpbb\db\migration\data\v310\beta3.
[DEBUG] Apply dependencies of \phpbb\db\migration\data\v310\beta2.
[DEBUG] Apply dependencies of \phpbb\db\migration\data\v310\beta1.
[DEBUG] Apply dependencies of \phpbb\db\migration\data\v310\profilefield_change_load_settings.
[DEBUG] Apply dependencies of \phpbb\db\migration\data\v310\profilefield_aol_cleanup.
[DEBUG] Apply dependencies of \phpbb\db\migration\data\v310\profilefield_aol.
[DEBUG] Apply dependencies of \phpbb\db\migration\data\v310\profilefield_yahoo_cleanup.
[DEBUG] Installing Data: \phpbb\db\migration\data\v310\profilefield_yahoo_cleanup.
[INFO] Installed Data: \phpbb\db\migration\data\v310\profilefield_yahoo_cleanup; Time: 0.00 seconds
[DEBUG] Migration already effectively installed (skipped): \phpbb\db\migration\data\v310\profilefield_googleplus
[DEBUG] Migration already effectively installed (skipped): \phpbb\db\migration\data\v310\topic_sort_username
[DEBUG] Apply dependencies of \phpbb\db\migration\data\v310\notifications_use_full_name.
[DEBUG] Apply dependencies of \phpbb\db\migration\data\v310\rc3.
[DEBUG] Apply dependencies of \phpbb\db\migration\data\v310\rc2.
[DEBUG] Apply dependencies of \phpbb\db\migration\data\v310\rc1.
[DEBUG] Apply dependencies of \phpbb\db\migration\data\v310\beta4.
[DEBUG] Apply dependencies of \phpbb\db\migration\data\v310\beta3.
[DEBUG] Apply dependencies of \phpbb\db\migration\data\v310\beta2.
[DEBUG] Apply dependencies of \phpbb\db\migration\data\v310\beta1.
[DEBUG] Apply dependencies of \phpbb\db\migration\data\v310\profilefield_change_load_settings.
[DEBUG] Apply dependencies of \phpbb\db\migration\data\v310\profilefield_aol_cleanup.
[DEBUG] Apply dependencies of \phpbb\db\migration\data\v310\profilefield_aol.
[DEBUG] Installing Schema: \phpbb\db\migration\data\v310\profilefield_aol.
[INFO] Installed Schema: \phpbb\db\migration\data\v310\profilefield_aol; Time: 0.22 seconds
[DEBUG] Migration already effectively installed (skipped): \phpbb\db\migration\data\v310\profilefield_googleplus
[DEBUG] Migration already effectively installed (skipped): \phpbb\db\migration\data\v310\topic_sort_username
[DEBUG] Apply dependencies of \phpbb\db\migration\data\v310\notifications_use_full_name.
[DEBUG] Apply dependencies of \phpbb\db\migration\data\v310\rc3.
[DEBUG] Apply dependencies of \phpbb\db\migration\data\v310\rc2.
[DEBUG] Apply dependencies of \phpbb\db\migration\data\v310\rc1.
[DEBUG] Apply dependencies of \phpbb\db\migration\data\v310\beta4.
[DEBUG] Apply dependencies of \phpbb\db\migration\data\v310\beta3.
[DEBUG] Apply dependencies of \phpbb\db\migration\data\v310\beta2.
[DEBUG] Apply dependencies of \phpbb\db\migration\data\v310\beta1.
[DEBUG] Apply dependencies of \phpbb\db\migration\data\v310\profilefield_change_load_settings.
[DEBUG] Apply dependencies of \phpbb\db\migration\data\v310\profilefield_aol_cleanup.
[DEBUG] Apply dependencies of \phpbb\db\migration\data\v310\profilefield_aol.
[DEBUG] Installing Data: \phpbb\db\migration\data\v310\profilefield_aol.
[INFO] Installed Data: \phpbb\db\migration\data\v310\profilefield_aol; Time: 0.08 seconds
[DEBUG] Migration already effectively installed (skipped): \phpbb\db\migration\data\v310\profilefield_googleplus
[DEBUG] Migration already effectively installed (skipped): \phpbb\db\migration\data\v310\topic_sort_username
[DEBUG] Apply dependencies of \phpbb\db\migration\data\v310\notifications_use_full_name.
[DEBUG] Apply dependencies of \phpbb\db\migration\data\v310\rc3.
[DEBUG] Apply dependencies of \phpbb\db\migration\data\v310\rc2.
[DEBUG] Apply dependencies of \phpbb\db\migration\data\v310\rc1.
[DEBUG] Apply dependencies of \phpbb\db\migration\data\v310\beta4.
[DEBUG] Apply dependencies of \phpbb\db\migration\data\v310\beta3.
[DEBUG] Apply dependencies of \phpbb\db\migration\data\v310\beta2.
[DEBUG] Apply dependencies of \phpbb\db\migration\data\v310\beta1.
[DEBUG] Apply dependencies of \phpbb\db\migration\data\v310\profilefield_change_load_settings.
[DEBUG] Apply dependencies of \phpbb\db\migration\data\v310\profilefield_aol_cleanup.
[DEBUG] Installing Schema: \phpbb\db\migration\data\v310\profilefield_aol_cleanup.
[INFO] Installed Schema: \phpbb\db\migration\data\v310\profilefield_aol_cleanup; Time: 0.76 seconds
[DEBUG] Migration already effectively installed (skipped): \phpbb\db\migration\data\v310\profilefield_googleplus
[DEBUG] Migration already effectively installed (skipped): \phpbb\db\migration\data\v310\topic_sort_username
[DEBUG] Apply dependencies of \phpbb\db\migration\data\v310\notifications_use_full_name.
[DEBUG] Apply dependencies of \phpbb\db\migration\data\v310\rc3.
[DEBUG] Apply dependencies of \phpbb\db\migration\data\v310\rc2.
[DEBUG] Apply dependencies of \phpbb\db\migration\data\v310\rc1.
[DEBUG] Apply dependencies of \phpbb\db\migration\data\v310\beta4.
[DEBUG] Apply dependencies of \phpbb\db\migration\data\v310\beta3.
[DEBUG] Apply dependencies of \phpbb\db\migration\data\v310\beta2.
[DEBUG] Apply dependencies of \phpbb\db\migration\data\v310\beta1.
[DEBUG] Apply dependencies of \phpbb\db\migration\data\v310\profilefield_change_load_settings.
[DEBUG] Apply dependencies of \phpbb\db\migration\data\v310\profilefield_aol_cleanup.
[DEBUG] Installing Data: \phpbb\db\migration\data\v310\profilefield_aol_cleanup.
[INFO] Installed Data: \phpbb\db\migration\data\v310\profilefield_aol_cleanup; Time: 0.00 seconds
[DEBUG] Migration already effectively installed (skipped): \phpbb\db\migration\data\v310\profilefield_googleplus
[DEBUG] Migration already effectively installed (skipped): \phpbb\db\migration\data\v310\topic_sort_username
[DEBUG] Apply dependencies of \phpbb\db\migration\data\v310\notifications_use_full_name.
[DEBUG] Apply dependencies of \phpbb\db\migration\data\v310\rc3.
[DEBUG] Apply dependencies of \phpbb\db\migration\data\v310\rc2.
[DEBUG] Apply dependencies of \phpbb\db\migration\data\v310\rc1.
[DEBUG] Apply dependencies of \phpbb\db\migration\data\v310\beta4.
[DEBUG] Apply dependencies of \phpbb\db\migration\data\v310\beta3.
[DEBUG] Apply dependencies of \phpbb\db\migration\data\v310\beta2.
[DEBUG] Apply dependencies of \phpbb\db\migration\data\v310\beta1.
[DEBUG] Apply dependencies of \phpbb\db\migration\data\v310\profilefield_change_load_settings.
[DEBUG] Installing Schema: \phpbb\db\migration\data\v310\profilefield_change_load_settings.
[INFO] Installed Schema: \phpbb\db\migration\data\v310\profilefield_change_load_settings; Time: 0.00 seconds
[DEBUG] Migration already effectively installed (skipped): \phpbb\db\migration\data\v310\profilefield_googleplus
[DEBUG] Migration already effectively installed (skipped): \phpbb\db\migration\data\v310\topic_sort_username
[DEBUG] Apply dependencies of \phpbb\db\migration\data\v310\notifications_use_full_name.
[DEBUG] Apply dependencies of \phpbb\db\migration\data\v310\rc3.
[DEBUG] Apply dependencies of \phpbb\db\migration\data\v310\rc2.
[DEBUG] Apply dependencies of \phpbb\db\migration\data\v310\rc1.
[DEBUG] Apply dependencies of \phpbb\db\migration\data\v310\beta4.
[DEBUG] Apply dependencies of \phpbb\db\migration\data\v310\beta3.
[DEBUG] Apply dependencies of \phpbb\db\migration\data\v310\beta2.
[DEBUG] Apply dependencies of \phpbb\db\migration\data\v310\beta1.
[DEBUG] Apply dependencies of \phpbb\db\migration\data\v310\profilefield_change_load_settings.
[DEBUG] Installing Data: \phpbb\db\migration\data\v310\profilefield_change_load_settings.
[INFO] Installed Data: \phpbb\db\migration\data\v310\profilefield_change_load_settings; Time: 0.00 seconds
[DEBUG] Migration already effectively installed (skipped): \phpbb\db\migration\data\v310\profilefield_googleplus
[DEBUG] Migration already effectively installed (skipped): \phpbb\db\migration\data\v310\topic_sort_username
[DEBUG] Apply dependencies of \phpbb\db\migration\data\v310\notifications_use_full_name.
[DEBUG] Apply dependencies of \phpbb\db\migration\data\v310\rc3.
[DEBUG] Apply dependencies of \phpbb\db\migration\data\v310\rc2.
[DEBUG] Apply dependencies of \phpbb\db\migration\data\v310\rc1.
[DEBUG] Apply dependencies of \phpbb\db\migration\data\v310\beta4.
[DEBUG] Apply dependencies of \phpbb\db\migration\data\v310\beta3.
[DEBUG] Apply dependencies of \phpbb\db\migration\data\v310\beta2.
[DEBUG] Apply dependencies of \phpbb\db\migration\data\v310\beta1.
[DEBUG] Apply dependencies of \phpbb\db\migration\data\v310\profilefield_location.
[DEBUG] Installing Schema: \phpbb\db\migration\data\v310\profilefield_location.
[INFO] Installed Schema: \phpbb\db\migration\data\v310\profilefield_location; Time: 0.25 seconds
[DEBUG] Migration already effectively installed (skipped): \phpbb\db\migration\data\v310\profilefield_googleplus
[DEBUG] Migration already effectively installed (skipped): \phpbb\db\migration\data\v310\topic_sort_username
[DEBUG] Apply dependencies of \phpbb\db\migration\data\v310\notifications_use_full_name.
[DEBUG] Apply dependencies of \phpbb\db\migration\data\v310\rc3.
[DEBUG] Apply dependencies of \phpbb\db\migration\data\v310\rc2.
[DEBUG] Apply dependencies of \phpbb\db\migration\data\v310\rc1.
[DEBUG] Apply dependencies of \phpbb\db\migration\data\v310\beta4.
[DEBUG] Apply dependencies of \phpbb\db\migration\data\v310\beta3.
[DEBUG] Apply dependencies of \phpbb\db\migration\data\v310\beta2.
[DEBUG] Apply dependencies of \phpbb\db\migration\data\v310\beta1.
[DEBUG] Apply dependencies of \phpbb\db\migration\data\v310\profilefield_location.
[DEBUG] Installing Data: \phpbb\db\migration\data\v310\profilefield_location.
[INFO] Installed Data: \phpbb\db\migration\data\v310\profilefield_location; Time: 0.11 seconds
[DEBUG] Migration already effectively installed (skipped): \phpbb\db\migration\data\v310\profilefield_googleplus
[DEBUG] Migration already effectively installed (skipped): \phpbb\db\migration\data\v310\topic_sort_username
[DEBUG] Apply dependencies of \phpbb\db\migration\data\v310\notifications_use_full_name.
[DEBUG] Apply dependencies of \phpbb\db\migration\data\v310\rc3.
[DEBUG] Apply dependencies of \phpbb\db\migration\data\v310\rc2.
[DEBUG] Apply dependencies of \phpbb\db\migration\data\v310\rc1.
[DEBUG] Apply dependencies of \phpbb\db\migration\data\v310\beta4.
[DEBUG] Apply dependencies of \phpbb\db\migration\data\v310\beta3.
[DEBUG] Apply dependencies of \phpbb\db\migration\data\v310\beta2.
[DEBUG] Apply dependencies of \phpbb\db\migration\data\v310\beta1.
[DEBUG] Apply dependencies of \phpbb\db\migration\data\v310\profilefield_location.
[DEBUG] Installing Data: \phpbb\db\migration\data\v310\profilefield_location.
[INFO] Installed Data: \phpbb\db\migration\data\v310\profilefield_location; Time: 0.11 seconds
[DEBUG] Migration already effectively installed (skipped): \phpbb\db\migration\data\v310\profilefield_googleplus
[DEBUG] Migration already effectively installed (skipped): \phpbb\db\migration\data\v310\topic_sort_username
[DEBUG] Apply dependencies of \phpbb\db\migration\data\v310\notifications_use_full_name.
[DEBUG] Apply dependencies of \phpbb\db\migration\data\v310\rc3.
[DEBUG] Apply dependencies of \phpbb\db\migration\data\v310\rc2.
[DEBUG] Apply dependencies of \phpbb\db\migration\data\v310\rc1.
[DEBUG] Apply dependencies of \phpbb\db\migration\data\v310\beta4.
[DEBUG] Apply dependencies of \phpbb\db\migration\data\v310\beta3.
[DEBUG] Apply dependencies of \phpbb\db\migration\data\v310\beta2.
[DEBUG] Apply dependencies of \phpbb\db\migration\data\v310\beta1.
[DEBUG] Apply dependencies of \phpbb\db\migration\data\v310\profilefield_location.
[DEBUG] Installing Data: \phpbb\db\migration\data\v310\profilefield_location.
[INFO] Installed Data: \phpbb\db\migration\data\v310\profilefield_location; Time: 0.12 seconds
[DEBUG] Migration already effectively installed (skipped): \phpbb\db\migration\data\v310\profilefield_googleplus
[DEBUG] Migration already effectively installed (skipped): \phpbb\db\migration\data\v310\topic_sort_username
[DEBUG] Apply dependencies of \phpbb\db\migration\data\v310\notifications_use_full_name.
[DEBUG] Apply dependencies of \phpbb\db\migration\data\v310\rc3.
[DEBUG] Apply dependencies of \phpbb\db\migration\data\v310\rc2.
[DEBUG] Apply dependencies of \phpbb\db\migration\data\v310\rc1.
[DEBUG] Apply dependencies of \phpbb\db\migration\data\v310\beta4.
[DEBUG] Apply dependencies of \phpbb\db\migration\data\v310\beta3.
[DEBUG] Apply dependencies of \phpbb\db\migration\data\v310\beta2.
[DEBUG] Apply dependencies of \phpbb\db\migration\data\v310\beta1.
[DEBUG] Apply dependencies of \phpbb\db\migration\data\v310\profilefield_location.
[DEBUG] Installing Data: \phpbb\db\migration\data\v310\profilefield_location.
[INFO] Installed Data: \phpbb\db\migration\data\v310\profilefield_location; Time: 0.12 seconds
[DEBUG] Migration already effectively installed (skipped): \phpbb\db\migration\data\v310\profilefield_googleplus
[DEBUG] Migration already effectively installed (skipped): \phpbb\db\migration\data\v310\topic_sort_username
[DEBUG] Apply dependencies of \phpbb\db\migration\data\v310\notifications_use_full_name.
[DEBUG] Apply dependencies of \phpbb\db\migration\data\v310\rc3.
[DEBUG] Apply dependencies of \phpbb\db\migration\data\v310\rc2.
[DEBUG] Apply dependencies of \phpbb\db\migration\data\v310\rc1.
[DEBUG] Apply dependencies of \phpbb\db\migration\data\v310\beta4.
[DEBUG] Apply dependencies of \phpbb\db\migration\data\v310\beta3.
[DEBUG] Apply dependencies of \phpbb\db\migration\data\v310\beta2.
[DEBUG] Apply dependencies of \phpbb\db\migration\data\v310\beta1.
[DEBUG] Apply dependencies of \phpbb\db\migration\data\v310\profilefield_location.
[DEBUG] Installing Data: \phpbb\db\migration\data\v310\profilefield_location.
[INFO] Installed Data: \phpbb\db\migration\data\v310\profilefield_location; Time: 0.13 seconds
[DEBUG] Migration already effectively installed (skipped): \phpbb\db\migration\data\v310\profilefield_googleplus
[DEBUG] Migration already effectively installed (skipped): \phpbb\db\migration\data\v310\topic_sort_username
[DEBUG] Apply dependencies of \phpbb\db\migration\data\v310\notifications_use_full_name.
[DEBUG] Apply dependencies of \phpbb\db\migration\data\v310\rc3.
[DEBUG] Apply dependencies of \phpbb\db\migration\data\v310\rc2.
[DEBUG] Apply dependencies of \phpbb\db\migration\data\v310\rc1.
[DEBUG] Apply dependencies of \phpbb\db\migration\data\v310\beta4.
[DEBUG] Apply dependencies of \phpbb\db\migration\data\v310\beta3.
[DEBUG] Apply dependencies of \phpbb\db\migration\data\v310\beta2.
[DEBUG] Apply dependencies of \phpbb\db\migration\data\v310\beta1.
[DEBUG] Apply dependencies of \phpbb\db\migration\data\v310\profilefield_location.
[DEBUG] Installing Data: \phpbb\db\migration\data\v310\profilefield_location.
[INFO] Installed Data: \phpbb\db\migration\data\v310\profilefield_location; Time: 0.14 seconds
[DEBUG] Migration already effectively installed (skipped): \phpbb\db\migration\data\v310\profilefield_googleplus
[DEBUG] Migration already effectively installed (skipped): \phpbb\db\migration\data\v310\topic_sort_username
[DEBUG] Apply dependencies of \phpbb\db\migration\data\v310\notifications_use_full_name.
[DEBUG] Apply dependencies of \phpbb\db\migration\data\v310\rc3.
[DEBUG] Apply dependencies of \phpbb\db\migration\data\v310\rc2.
[DEBUG] Apply dependencies of \phpbb\db\migration\data\v310\rc1.
[DEBUG] Apply dependencies of \phpbb\db\migration\data\v310\beta4.
[DEBUG] Apply dependencies of \phpbb\db\migration\data\v310\beta3.
[DEBUG] Apply dependencies of \phpbb\db\migration\data\v310\beta2.
[DEBUG] Apply dependencies of \phpbb\db\migration\data\v310\beta1.
[DEBUG] Apply dependencies of \phpbb\db\migration\data\v310\profilefield_location.
[DEBUG] Installing Data: \phpbb\db\migration\data\v310\profilefield_location.
[INFO] Installed Data: \phpbb\db\migration\data\v310\profilefield_location; Time: 0.12 seconds
[DEBUG] Migration already effectively installed (skipped): \phpbb\db\migration\data\v310\profilefield_googleplus
[DEBUG] Migration already effectively installed (skipped): \phpbb\db\migration\data\v310\topic_sort_username
[DEBUG] Apply dependencies of \phpbb\db\migration\data\v310\notifications_use_full_name.
[DEBUG] Apply dependencies of \phpbb\db\migration\data\v310\rc3.
[DEBUG] Apply dependencies of \phpbb\db\migration\data\v310\rc2.
[DEBUG] Apply dependencies of \phpbb\db\migration\data\v310\rc1.
[DEBUG] Apply dependencies of \phpbb\db\migration\data\v310\beta4.
[DEBUG] Apply dependencies of \phpbb\db\migration\data\v310\beta3.
[DEBUG] Apply dependencies of \phpbb\db\migration\data\v310\beta2.
[DEBUG] Apply dependencies of \phpbb\db\migration\data\v310\beta1.
[DEBUG] Apply dependencies of \phpbb\db\migration\data\v310\soft_delete_mod_convert2.
[DEBUG] Apply dependencies of \phpbb\db\migration\data\v310\soft_delete_mod_convert.
[DEBUG] Migration already effectively installed (skipped): \phpbb\db\migration\data\v310\soft_delete_mod_convert
[DEBUG] Migration already effectively installed (skipped): \phpbb\db\migration\data\v310\profilefield_googleplus
[DEBUG] Migration already effectively installed (skipped): \phpbb\db\migration\data\v310\topic_sort_username
[DEBUG] Apply dependencies of \phpbb\db\migration\data\v310\notifications_use_full_name.
[DEBUG] Apply dependencies of \phpbb\db\migration\data\v310\rc3.
[DEBUG] Apply dependencies of \phpbb\db\migration\data\v310\rc2.
[DEBUG] Apply dependencies of \phpbb\db\migration\data\v310\rc1.
[DEBUG] Apply dependencies of \phpbb\db\migration\data\v310\beta4.
[DEBUG] Apply dependencies of \phpbb\db\migration\data\v310\beta3.
[DEBUG] Apply dependencies of \phpbb\db\migration\data\v310\beta2.
[DEBUG] Apply dependencies of \phpbb\db\migration\data\v310\beta1.
[DEBUG] Apply dependencies of \phpbb\db\migration\data\v310\soft_delete_mod_convert2.
[DEBUG] Migration already effectively installed (skipped): \phpbb\db\migration\data\v310\soft_delete_mod_convert2
[DEBUG] Migration already effectively installed (skipped): \phpbb\db\migration\data\v310\profilefield_googleplus
[DEBUG] Migration already effectively installed (skipped): \phpbb\db\migration\data\v310\topic_sort_username
[DEBUG] Apply dependencies of \phpbb\db\migration\data\v310\notifications_use_full_name.
[DEBUG] Apply dependencies of \phpbb\db\migration\data\v310\rc3.
[DEBUG] Apply dependencies of \phpbb\db\migration\data\v310\rc2.
[DEBUG] Apply dependencies of \phpbb\db\migration\data\v310\rc1.
[DEBUG] Apply dependencies of \phpbb\db\migration\data\v310\beta4.
[DEBUG] Apply dependencies of \phpbb\db\migration\data\v310\beta3.
[DEBUG] Apply dependencies of \phpbb\db\migration\data\v310\beta2.
[DEBUG] Apply dependencies of \phpbb\db\migration\data\v310\beta1.
[DEBUG] Apply dependencies of \phpbb\db\migration\data\v310\ucp_popuppm_module.
[DEBUG] Installing Schema: \phpbb\db\migration\data\v310\ucp_popuppm_module.
[INFO] Installed Schema: \phpbb\db\migration\data\v310\ucp_popuppm_module; Time: 0.00 seconds
[DEBUG] Migration already effectively installed (skipped): \phpbb\db\migration\data\v310\profilefield_googleplus
[DEBUG] Migration already effectively installed (skipped): \phpbb\db\migration\data\v310\topic_sort_username
[DEBUG] Apply dependencies of \phpbb\db\migration\data\v310\notifications_use_full_name.
[DEBUG] Apply dependencies of \phpbb\db\migration\data\v310\rc3.
[DEBUG] Apply dependencies of \phpbb\db\migration\data\v310\rc2.
[DEBUG] Apply dependencies of \phpbb\db\migration\data\v310\rc1.
[DEBUG] Apply dependencies of \phpbb\db\migration\data\v310\beta4.
[DEBUG] Apply dependencies of \phpbb\db\migration\data\v310\beta3.
[DEBUG] Apply dependencies of \phpbb\db\migration\data\v310\beta2.
[DEBUG] Apply dependencies of \phpbb\db\migration\data\v310\beta1.
[DEBUG] Apply dependencies of \phpbb\db\migration\data\v310\ucp_popuppm_module.
[DEBUG] Installing Data: \phpbb\db\migration\data\v310\ucp_popuppm_module.
[INFO] Installed Data: \phpbb\db\migration\data\v310\ucp_popuppm_module; Time: 0.01 seconds
[DEBUG] Migration already effectively installed (skipped): \phpbb\db\migration\data\v310\profilefield_googleplus
[DEBUG] Migration already effectively installed (skipped): \phpbb\db\migration\data\v310\topic_sort_username
[DEBUG] Apply dependencies of \phpbb\db\migration\data\v310\notifications_use_full_name.
[DEBUG] Apply dependencies of \phpbb\db\migration\data\v310\rc3.
[DEBUG] Apply dependencies of \phpbb\db\migration\data\v310\rc2.
[DEBUG] Apply dependencies of \phpbb\db\migration\data\v310\rc1.
[DEBUG] Apply dependencies of \phpbb\db\migration\data\v310\beta4.
[DEBUG] Apply dependencies of \phpbb\db\migration\data\v310\beta3.
[DEBUG] Apply dependencies of \phpbb\db\migration\data\v310\beta2.
[DEBUG] Apply dependencies of \phpbb\db\migration\data\v310\beta1.
[DEBUG] Installing Schema: \phpbb\db\migration\data\v310\beta1.
[INFO] Installed Schema: \phpbb\db\migration\data\v310\beta1; Time: 0.00 seconds
[DEBUG] Migration already effectively installed (skipped): \phpbb\db\migration\data\v310\profilefield_googleplus
[DEBUG] Migration already effectively installed (skipped): \phpbb\db\migration\data\v310\topic_sort_username
[DEBUG] Apply dependencies of \phpbb\db\migration\data\v310\notifications_use_full_name.
[DEBUG] Apply dependencies of \phpbb\db\migration\data\v310\rc3.
[DEBUG] Apply dependencies of \phpbb\db\migration\data\v310\rc2.
[DEBUG] Apply dependencies of \phpbb\db\migration\data\v310\rc1.
[DEBUG] Apply dependencies of \phpbb\db\migration\data\v310\beta4.
[DEBUG] Apply dependencies of \phpbb\db\migration\data\v310\beta3.
[DEBUG] Apply dependencies of \phpbb\db\migration\data\v310\beta2.
[DEBUG] Apply dependencies of \phpbb\db\migration\data\v310\beta1.
[DEBUG] Installing Data: \phpbb\db\migration\data\v310\beta1.
[INFO] Installed Data: \phpbb\db\migration\data\v310\beta1; Time: 0.00 seconds
[DEBUG] Migration already effectively installed (skipped): \phpbb\db\migration\data\v310\profilefield_googleplus
[DEBUG] Migration already effectively installed (skipped): \phpbb\db\migration\data\v310\topic_sort_username
[DEBUG] Apply dependencies of \phpbb\db\migration\data\v310\notifications_use_full_name.
[DEBUG] Apply dependencies of \phpbb\db\migration\data\v310\rc3.
[DEBUG] Apply dependencies of \phpbb\db\migration\data\v310\rc2.
[DEBUG] Apply dependencies of \phpbb\db\migration\data\v310\rc1.
[DEBUG] Apply dependencies of \phpbb\db\migration\data\v310\beta4.
[DEBUG] Apply dependencies of \phpbb\db\migration\data\v310\beta3.
[DEBUG] Apply dependencies of \phpbb\db\migration\data\v310\beta2.
[DEBUG] Apply dependencies of \phpbb\db\migration\data\v310\acp_prune_users_module.
[DEBUG] Installing Schema: \phpbb\db\migration\data\v310\acp_prune_users_module.
[INFO] Installed Schema: \phpbb\db\migration\data\v310\acp_prune_users_module; Time: 0.00 seconds
[DEBUG] Migration already effectively installed (skipped): \phpbb\db\migration\data\v310\profilefield_googleplus
[DEBUG] Migration already effectively installed (skipped): \phpbb\db\migration\data\v310\topic_sort_username
[DEBUG] Apply dependencies of \phpbb\db\migration\data\v310\notifications_use_full_name.
[DEBUG] Apply dependencies of \phpbb\db\migration\data\v310\rc3.
[DEBUG] Apply dependencies of \phpbb\db\migration\data\v310\rc2.
[DEBUG] Apply dependencies of \phpbb\db\migration\data\v310\rc1.
[DEBUG] Apply dependencies of \phpbb\db\migration\data\v310\beta4.
[DEBUG] Apply dependencies of \phpbb\db\migration\data\v310\beta3.
[DEBUG] Apply dependencies of \phpbb\db\migration\data\v310\beta2.
[DEBUG] Apply dependencies of \phpbb\db\migration\data\v310\acp_prune_users_module.
[DEBUG] Installing Data: \phpbb\db\migration\data\v310\acp_prune_users_module.
[INFO] Installed Data: \phpbb\db\migration\data\v310\acp_prune_users_module; Time: 0.01 seconds
[DEBUG] Migration already effectively installed (skipped): \phpbb\db\migration\data\v310\profilefield_googleplus
[DEBUG] Migration already effectively installed (skipped): \phpbb\db\migration\data\v310\topic_sort_username
[DEBUG] Apply dependencies of \phpbb\db\migration\data\v310\notifications_use_full_name.
[DEBUG] Apply dependencies of \phpbb\db\migration\data\v310\rc3.
[DEBUG] Apply dependencies of \phpbb\db\migration\data\v310\rc2.
[DEBUG] Apply dependencies of \phpbb\db\migration\data\v310\rc1.
[DEBUG] Apply dependencies of \phpbb\db\migration\data\v310\beta4.
[DEBUG] Apply dependencies of \phpbb\db\migration\data\v310\beta3.
[DEBUG] Apply dependencies of \phpbb\db\migration\data\v310\beta2.
[DEBUG] Apply dependencies of \phpbb\db\migration\data\v310\profilefield_location_cleanup.
[DEBUG] Installing Schema: \phpbb\db\migration\data\v310\profilefield_location_cleanup.
[INFO] Installed Schema: \phpbb\db\migration\data\v310\profilefield_location_cleanup; Time: 0.75 seconds
[DEBUG] Migration already effectively installed (skipped): \phpbb\db\migration\data\v310\profilefield_googleplus
[DEBUG] Migration already effectively installed (skipped): \phpbb\db\migration\data\v310\topic_sort_username
[DEBUG] Apply dependencies of \phpbb\db\migration\data\v310\notifications_use_full_name.
[DEBUG] Apply dependencies of \phpbb\db\migration\data\v310\rc3.
[DEBUG] Apply dependencies of \phpbb\db\migration\data\v310\rc2.
[DEBUG] Apply dependencies of \phpbb\db\migration\data\v310\rc1.
[DEBUG] Apply dependencies of \phpbb\db\migration\data\v310\beta4.
[DEBUG] Apply dependencies of \phpbb\db\migration\data\v310\beta3.
[DEBUG] Apply dependencies of \phpbb\db\migration\data\v310\beta2.
[DEBUG] Apply dependencies of \phpbb\db\migration\data\v310\profilefield_location_cleanup.
[DEBUG] Installing Data: \phpbb\db\migration\data\v310\profilefield_location_cleanup.
[INFO] Installed Data: \phpbb\db\migration\data\v310\profilefield_location_cleanup; Time: 0.00 seconds
[DEBUG] Migration already effectively installed (skipped): \phpbb\db\migration\data\v310\profilefield_googleplus
[DEBUG] Migration already effectively installed (skipped): \phpbb\db\migration\data\v310\topic_sort_username
[DEBUG] Apply dependencies of \phpbb\db\migration\data\v310\notifications_use_full_name.
[DEBUG] Apply dependencies of \phpbb\db\migration\data\v310\rc3.
[DEBUG] Apply dependencies of \phpbb\db\migration\data\v310\rc2.
[DEBUG] Apply dependencies of \phpbb\db\migration\data\v310\rc1.
[DEBUG] Apply dependencies of \phpbb\db\migration\data\v310\beta4.
[DEBUG] Apply dependencies of \phpbb\db\migration\data\v310\beta3.
[DEBUG] Apply dependencies of \phpbb\db\migration\data\v310\beta2.
[DEBUG] Installing Schema: \phpbb\db\migration\data\v310\beta2.
[INFO] Installed Schema: \phpbb\db\migration\data\v310\beta2; Time: 0.00 seconds
[DEBUG] Migration already effectively installed (skipped): \phpbb\db\migration\data\v310\profilefield_googleplus
[DEBUG] Migration already effectively installed (skipped): \phpbb\db\migration\data\v310\topic_sort_username
[DEBUG] Apply dependencies of \phpbb\db\migration\data\v310\notifications_use_full_name.
[DEBUG] Apply dependencies of \phpbb\db\migration\data\v310\rc3.
[DEBUG] Apply dependencies of \phpbb\db\migration\data\v310\rc2.
[DEBUG] Apply dependencies of \phpbb\db\migration\data\v310\rc1.
[DEBUG] Apply dependencies of \phpbb\db\migration\data\v310\beta4.
[DEBUG] Apply dependencies of \phpbb\db\migration\data\v310\beta3.
[DEBUG] Apply dependencies of \phpbb\db\migration\data\v310\beta2.
[DEBUG] Installing Data: \phpbb\db\migration\data\v310\beta2.
[INFO] Installed Data: \phpbb\db\migration\data\v310\beta2; Time: 0.00 seconds
[DEBUG] Migration already effectively installed (skipped): \phpbb\db\migration\data\v310\profilefield_googleplus
[DEBUG] Migration already effectively installed (skipped): \phpbb\db\migration\data\v310\topic_sort_username
[DEBUG] Apply dependencies of \phpbb\db\migration\data\v310\notifications_use_full_name.
[DEBUG] Apply dependencies of \phpbb\db\migration\data\v310\rc3.
[DEBUG] Apply dependencies of \phpbb\db\migration\data\v310\rc2.
[DEBUG] Apply dependencies of \phpbb\db\migration\data\v310\rc1.
[DEBUG] Apply dependencies of \phpbb\db\migration\data\v310\beta4.
[DEBUG] Apply dependencies of \phpbb\db\migration\data\v310\beta3.
[DEBUG] Apply dependencies of \phpbb\db\migration\data\v310\auth_provider_oauth2.
[DEBUG] Installing Schema: \phpbb\db\migration\data\v310\auth_provider_oauth2.
[INFO] Installed Schema: \phpbb\db\migration\data\v310\auth_provider_oauth2; Time: 0.00 seconds
[DEBUG] Migration already effectively installed (skipped): \phpbb\db\migration\data\v310\profilefield_googleplus
[DEBUG] Migration already effectively installed (skipped): \phpbb\db\migration\data\v310\topic_sort_username
[DEBUG] Apply dependencies of \phpbb\db\migration\data\v310\notifications_use_full_name.
[DEBUG] Apply dependencies of \phpbb\db\migration\data\v310\rc3.
[DEBUG] Apply dependencies of \phpbb\db\migration\data\v310\rc2.
[DEBUG] Apply dependencies of \phpbb\db\migration\data\v310\rc1.
[DEBUG] Apply dependencies of \phpbb\db\migration\data\v310\beta4.
[DEBUG] Apply dependencies of \phpbb\db\migration\data\v310\beta3.
[DEBUG] Apply dependencies of \phpbb\db\migration\data\v310\auth_provider_oauth2.
[DEBUG] Installing Data: \phpbb\db\migration\data\v310\auth_provider_oauth2.
[INFO] Installed Data: \phpbb\db\migration\data\v310\auth_provider_oauth2; Time: 0.00 seconds
[DEBUG] Migration already effectively installed (skipped): \phpbb\db\migration\data\v310\profilefield_googleplus
[DEBUG] Migration already effectively installed (skipped): \phpbb\db\migration\data\v310\topic_sort_username
[DEBUG] Apply dependencies of \phpbb\db\migration\data\v310\notifications_use_full_name.
[DEBUG] Apply dependencies of \phpbb\db\migration\data\v310\rc3.
[DEBUG] Apply dependencies of \phpbb\db\migration\data\v310\rc2.
[DEBUG] Apply dependencies of \phpbb\db\migration\data\v310\rc1.
[DEBUG] Apply dependencies of \phpbb\db\migration\data\v310\beta4.
[DEBUG] Apply dependencies of \phpbb\db\migration\data\v310\beta3.
[DEBUG] Apply dependencies of \phpbb\db\migration\data\v310\board_contact_name.
[DEBUG] Installing Schema: \phpbb\db\migration\data\v310\board_contact_name.
[INFO] Installed Schema: \phpbb\db\migration\data\v310\board_contact_name; Time: 0.00 seconds
[DEBUG] Migration already effectively installed (skipped): \phpbb\db\migration\data\v310\profilefield_googleplus
[DEBUG] Migration already effectively installed (skipped): \phpbb\db\migration\data\v310\topic_sort_username
[DEBUG] Apply dependencies of \phpbb\db\migration\data\v310\notifications_use_full_name.
[DEBUG] Apply dependencies of \phpbb\db\migration\data\v310\rc3.
[DEBUG] Apply dependencies of \phpbb\db\migration\data\v310\rc2.
[DEBUG] Apply dependencies of \phpbb\db\migration\data\v310\rc1.
[DEBUG] Apply dependencies of \phpbb\db\migration\data\v310\beta4.
[DEBUG] Apply dependencies of \phpbb\db\migration\data\v310\beta3.
[DEBUG] Apply dependencies of \phpbb\db\migration\data\v310\board_contact_name.
[DEBUG] Installing Data: \phpbb\db\migration\data\v310\board_contact_name.
[INFO] Installed Data: \phpbb\db\migration\data\v310\board_contact_name; Time: 0.00 seconds
[DEBUG] Migration already effectively installed (skipped): \phpbb\db\migration\data\v310\profilefield_googleplus
[DEBUG] Migration already effectively installed (skipped): \phpbb\db\migration\data\v310\topic_sort_username
[DEBUG] Apply dependencies of \phpbb\db\migration\data\v310\notifications_use_full_name.
[DEBUG] Apply dependencies of \phpbb\db\migration\data\v310\rc3.
[DEBUG] Apply dependencies of \phpbb\db\migration\data\v310\rc2.
[DEBUG] Apply dependencies of \phpbb\db\migration\data\v310\rc1.
[DEBUG] Apply dependencies of \phpbb\db\migration\data\v310\beta4.
[DEBUG] Apply dependencies of \phpbb\db\migration\data\v310\beta3.
[DEBUG] Apply dependencies of \phpbb\db\migration\data\v310\jquery_update2.
[DEBUG] Installing Schema: \phpbb\db\migration\data\v310\jquery_update2.
[INFO] Installed Schema: \phpbb\db\migration\data\v310\jquery_update2; Time: 0.00 seconds
[DEBUG] Migration already effectively installed (skipped): \phpbb\db\migration\data\v310\profilefield_googleplus
[DEBUG] Migration already effectively installed (skipped): \phpbb\db\migration\data\v310\topic_sort_username
[DEBUG] Apply dependencies of \phpbb\db\migration\data\v310\notifications_use_full_name.
[DEBUG] Apply dependencies of \phpbb\db\migration\data\v310\rc3.
[DEBUG] Apply dependencies of \phpbb\db\migration\data\v310\rc2.
[DEBUG] Apply dependencies of \phpbb\db\migration\data\v310\rc1.
[DEBUG] Apply dependencies of \phpbb\db\migration\data\v310\beta4.
[DEBUG] Apply dependencies of \phpbb\db\migration\data\v310\beta3.
[DEBUG] Apply dependencies of \phpbb\db\migration\data\v310\jquery_update2.
[DEBUG] Installing Data: \phpbb\db\migration\data\v310\jquery_update2.
[INFO] Installed Data: \phpbb\db\migration\data\v310\jquery_update2; Time: 0.00 seconds
[DEBUG] Migration already effectively installed (skipped): \phpbb\db\migration\data\v310\profilefield_googleplus
[DEBUG] Migration already effectively installed (skipped): \phpbb\db\migration\data\v310\topic_sort_username
[DEBUG] Apply dependencies of \phpbb\db\migration\data\v310\notifications_use_full_name.
[DEBUG] Apply dependencies of \phpbb\db\migration\data\v310\rc3.
[DEBUG] Apply dependencies of \phpbb\db\migration\data\v310\rc2.
[DEBUG] Apply dependencies of \phpbb\db\migration\data\v310\rc1.
[DEBUG] Apply dependencies of \phpbb\db\migration\data\v310\beta4.
[DEBUG] Apply dependencies of \phpbb\db\migration\data\v310\beta3.
[DEBUG] Installing Schema: \phpbb\db\migration\data\v310\live_searches_config.
[INFO] Installed Schema: \phpbb\db\migration\data\v310\live_searches_config; Time: 0.00 seconds
[DEBUG] Migration already effectively installed (skipped): \phpbb\db\migration\data\v310\profilefield_googleplus
[DEBUG] Migration already effectively installed (skipped): \phpbb\db\migration\data\v310\topic_sort_username
[DEBUG] Apply dependencies of \phpbb\db\migration\data\v310\notifications_use_full_name.
[DEBUG] Apply dependencies of \phpbb\db\migration\data\v310\rc3.
[DEBUG] Apply dependencies of \phpbb\db\migration\data\v310\rc2.
[DEBUG] Apply dependencies of \phpbb\db\migration\data\v310\rc1.
[DEBUG] Apply dependencies of \phpbb\db\migration\data\v310\beta4.
[DEBUG] Apply dependencies of \phpbb\db\migration\data\v310\beta3.
[DEBUG] Installing Data: \phpbb\db\migration\data\v310\live_searches_config.
[INFO] Installed Data: \phpbb\db\migration\data\v310\live_searches_config; Time: 0.00 seconds
[DEBUG] Migration already effectively installed (skipped): \phpbb\db\migration\data\v310\profilefield_googleplus
[DEBUG] Migration already effectively installed (skipped): \phpbb\db\migration\data\v310\topic_sort_username
[DEBUG] Apply dependencies of \phpbb\db\migration\data\v310\notifications_use_full_name.
[DEBUG] Apply dependencies of \phpbb\db\migration\data\v310\rc3.
[DEBUG] Apply dependencies of \phpbb\db\migration\data\v310\rc2.
[DEBUG] Apply dependencies of \phpbb\db\migration\data\v310\rc1.
[DEBUG] Apply dependencies of \phpbb\db\migration\data\v310\beta4.
[DEBUG] Apply dependencies of \phpbb\db\migration\data\v310\beta3.
[DEBUG] Apply dependencies of \phpbb\db\migration\data\v310\prune_shadow_topics.
[DEBUG] Installing Schema: \phpbb\db\migration\data\v310\prune_shadow_topics.
[INFO] Installed Schema: \phpbb\db\migration\data\v310\prune_shadow_topics; Time: 0.03 seconds
[DEBUG] Migration already effectively installed (skipped): \phpbb\db\migration\data\v310\profilefield_googleplus
[DEBUG] Migration already effectively installed (skipped): \phpbb\db\migration\data\v310\topic_sort_username
[DEBUG] Apply dependencies of \phpbb\db\migration\data\v310\notifications_use_full_name.
[DEBUG] Apply dependencies of \phpbb\db\migration\data\v310\rc3.
[DEBUG] Apply dependencies of \phpbb\db\migration\data\v310\rc2.
[DEBUG] Apply dependencies of \phpbb\db\migration\data\v310\rc1.
[DEBUG] Apply dependencies of \phpbb\db\migration\data\v310\beta4.
[DEBUG] Apply dependencies of \phpbb\db\migration\data\v310\beta3.
[DEBUG] Apply dependencies of \phpbb\db\migration\data\v310\prune_shadow_topics.
[DEBUG] Installing Data: \phpbb\db\migration\data\v310\prune_shadow_topics.
[INFO] Installed Data: \phpbb\db\migration\data\v310\prune_shadow_topics; Time: 0.00 seconds
[DEBUG] Migration already effectively installed (skipped): \phpbb\db\migration\data\v310\profilefield_googleplus
[DEBUG] Migration already effectively installed (skipped): \phpbb\db\migration\data\v310\topic_sort_username
[DEBUG] Apply dependencies of \phpbb\db\migration\data\v310\notifications_use_full_name.
[DEBUG] Apply dependencies of \phpbb\db\migration\data\v310\rc3.
[DEBUG] Apply dependencies of \phpbb\db\migration\data\v310\rc2.
[DEBUG] Apply dependencies of \phpbb\db\migration\data\v310\rc1.
[DEBUG] Apply dependencies of \phpbb\db\migration\data\v310\beta4.
[DEBUG] Apply dependencies of \phpbb\db\migration\data\v310\beta3.
[DEBUG] Installing Schema: \phpbb\db\migration\data\v310\beta3.
[INFO] Installed Schema: \phpbb\db\migration\data\v310\beta3; Time: 0.00 seconds
[DEBUG] Migration already effectively installed (skipped): \phpbb\db\migration\data\v310\profilefield_googleplus
[DEBUG] Migration already effectively installed (skipped): \phpbb\db\migration\data\v310\topic_sort_username
[DEBUG] Apply dependencies of \phpbb\db\migration\data\v310\notifications_use_full_name.
[DEBUG] Apply dependencies of \phpbb\db\migration\data\v310\rc3.
[DEBUG] Apply dependencies of \phpbb\db\migration\data\v310\rc2.
[DEBUG] Apply dependencies of \phpbb\db\migration\data\v310\rc1.
[DEBUG] Apply dependencies of \phpbb\db\migration\data\v310\beta4.
[DEBUG] Apply dependencies of \phpbb\db\migration\data\v310\beta3.
[DEBUG] Installing Data: \phpbb\db\migration\data\v310\beta3.
[INFO] Installed Data: \phpbb\db\migration\data\v310\beta3; Time: 0.00 seconds
[DEBUG] Migration already effectively installed (skipped): \phpbb\db\migration\data\v310\profilefield_googleplus
[DEBUG] Migration already effectively installed (skipped): \phpbb\db\migration\data\v310\topic_sort_username
[DEBUG] Apply dependencies of \phpbb\db\migration\data\v310\notifications_use_full_name.
[DEBUG] Apply dependencies of \phpbb\db\migration\data\v310\rc3.
[DEBUG] Apply dependencies of \phpbb\db\migration\data\v310\rc2.
[DEBUG] Apply dependencies of \phpbb\db\migration\data\v310\rc1.
[DEBUG] Apply dependencies of \phpbb\db\migration\data\v310\beta4.
[DEBUG] Apply dependencies of \phpbb\db\migration\data\v310\extensions_version_check_force_unstable.
[DEBUG] Installing Schema: \phpbb\db\migration\data\v310\extensions_version_check_force_unstable.
[INFO] Installed Schema: \phpbb\db\migration\data\v310\extensions_version_check_force_unstable; Time: 0.00 seconds
[DEBUG] Migration already effectively installed (skipped): \phpbb\db\migration\data\v310\profilefield_googleplus
[DEBUG] Migration already effectively installed (skipped): \phpbb\db\migration\data\v310\topic_sort_username
[DEBUG] Apply dependencies of \phpbb\db\migration\data\v310\notifications_use_full_name.
[DEBUG] Apply dependencies of \phpbb\db\migration\data\v310\rc3.
[DEBUG] Apply dependencies of \phpbb\db\migration\data\v310\rc2.
[DEBUG] Apply dependencies of \phpbb\db\migration\data\v310\rc1.
[DEBUG] Apply dependencies of \phpbb\db\migration\data\v310\beta4.
[DEBUG] Apply dependencies of \phpbb\db\migration\data\v310\extensions_version_check_force_unstable.
[DEBUG] Installing Data: \phpbb\db\migration\data\v310\extensions_version_check_force_unstable.
[INFO] Installed Data: \phpbb\db\migration\data\v310\extensions_version_check_force_unstable; Time: 0.00 seconds
[DEBUG] Migration already effectively installed (skipped): \phpbb\db\migration\data\v310\profilefield_googleplus
[DEBUG] Migration already effectively installed (skipped): \phpbb\db\migration\data\v310\topic_sort_username
[DEBUG] Apply dependencies of \phpbb\db\migration\data\v310\notifications_use_full_name.
[DEBUG] Apply dependencies of \phpbb\db\migration\data\v310\rc3.
[DEBUG] Apply dependencies of \phpbb\db\migration\data\v310\rc2.
[DEBUG] Apply dependencies of \phpbb\db\migration\data\v310\rc1.
[DEBUG] Apply dependencies of \phpbb\db\migration\data\v310\beta4.
[DEBUG] Apply dependencies of \phpbb\db\migration\data\v310\reset_missing_captcha_plugin.
[DEBUG] Installing Schema: \phpbb\db\migration\data\v310\reset_missing_captcha_plugin.
[INFO] Installed Schema: \phpbb\db\migration\data\v310\reset_missing_captcha_plugin; Time: 0.00 seconds
[DEBUG] Migration already effectively installed (skipped): \phpbb\db\migration\data\v310\profilefield_googleplus
[DEBUG] Migration already effectively installed (skipped): \phpbb\db\migration\data\v310\topic_sort_username
[DEBUG] Apply dependencies of \phpbb\db\migration\data\v310\notifications_use_full_name.
[DEBUG] Apply dependencies of \phpbb\db\migration\data\v310\rc3.
[DEBUG] Apply dependencies of \phpbb\db\migration\data\v310\rc2.
[DEBUG] Apply dependencies of \phpbb\db\migration\data\v310\rc1.
[DEBUG] Apply dependencies of \phpbb\db\migration\data\v310\beta4.
[DEBUG] Apply dependencies of \phpbb\db\migration\data\v310\reset_missing_captcha_plugin.
[DEBUG] Installing Data: \phpbb\db\migration\data\v310\reset_missing_captcha_plugin.
[INFO] Installed Data: \phpbb\db\migration\data\v310\reset_missing_captcha_plugin; Time: 0.00 seconds
[DEBUG] Migration already effectively installed (skipped): \phpbb\db\migration\data\v310\profilefield_googleplus
[DEBUG] Migration already effectively installed (skipped): \phpbb\db\migration\data\v310\topic_sort_username
[DEBUG] Apply dependencies of \phpbb\db\migration\data\v310\notifications_use_full_name.
[DEBUG] Apply dependencies of \phpbb\db\migration\data\v310\rc3.
[DEBUG] Apply dependencies of \phpbb\db\migration\data\v310\rc2.
[DEBUG] Apply dependencies of \phpbb\db\migration\data\v310\rc1.
[DEBUG] Apply dependencies of \phpbb\db\migration\data\v310\beta4.
[DEBUG] Installing Schema: \phpbb\db\migration\data\v310\beta4.
[INFO] Installed Schema: \phpbb\db\migration\data\v310\beta4; Time: 0.00 seconds
[DEBUG] Migration already effectively installed (skipped): \phpbb\db\migration\data\v310\profilefield_googleplus
[DEBUG] Migration already effectively installed (skipped): \phpbb\db\migration\data\v310\topic_sort_username
[DEBUG] Apply dependencies of \phpbb\db\migration\data\v310\notifications_use_full_name.
[DEBUG] Apply dependencies of \phpbb\db\migration\data\v310\rc3.
[DEBUG] Apply dependencies of \phpbb\db\migration\data\v310\rc2.
[DEBUG] Apply dependencies of \phpbb\db\migration\data\v310\rc1.
[DEBUG] Apply dependencies of \phpbb\db\migration\data\v310\beta4.
[DEBUG] Installing Data: \phpbb\db\migration\data\v310\beta4.
[INFO] Installed Data: \phpbb\db\migration\data\v310\beta4; Time: 0.00 seconds
[DEBUG] Migration already effectively installed (skipped): \phpbb\db\migration\data\v310\profilefield_googleplus
[DEBUG] Migration already effectively installed (skipped): \phpbb\db\migration\data\v310\topic_sort_username
[DEBUG] Apply dependencies of \phpbb\db\migration\data\v310\notifications_use_full_name.
[DEBUG] Apply dependencies of \phpbb\db\migration\data\v310\rc3.
[DEBUG] Apply dependencies of \phpbb\db\migration\data\v310\rc2.
[DEBUG] Apply dependencies of \phpbb\db\migration\data\v310\rc1.
[DEBUG] Installing Schema: \phpbb\db\migration\data\v310\contact_admin_acp_module.
[INFO] Installed Schema: \phpbb\db\migration\data\v310\contact_admin_acp_module; Time: 0.00 seconds
[DEBUG] Migration already effectively installed (skipped): \phpbb\db\migration\data\v310\profilefield_googleplus
[DEBUG] Migration already effectively installed (skipped): \phpbb\db\migration\data\v310\topic_sort_username
[DEBUG] Apply dependencies of \phpbb\db\migration\data\v310\notifications_use_full_name.
[DEBUG] Apply dependencies of \phpbb\db\migration\data\v310\rc3.
[DEBUG] Apply dependencies of \phpbb\db\migration\data\v310\rc2.
[DEBUG] Apply dependencies of \phpbb\db\migration\data\v310\rc1.
[DEBUG] Installing Data: \phpbb\db\migration\data\v310\contact_admin_acp_module.
[INFO] Installed Data: \phpbb\db\migration\data\v310\contact_admin_acp_module; Time: 0.01 seconds
[DEBUG] Migration already effectively installed (skipped): \phpbb\db\migration\data\v310\profilefield_googleplus
[DEBUG] Migration already effectively installed (skipped): \phpbb\db\migration\data\v310\topic_sort_username
[DEBUG] Apply dependencies of \phpbb\db\migration\data\v310\notifications_use_full_name.
[DEBUG] Apply dependencies of \phpbb\db\migration\data\v310\rc3.
[DEBUG] Apply dependencies of \phpbb\db\migration\data\v310\rc2.
[DEBUG] Apply dependencies of \phpbb\db\migration\data\v310\rc1.
[DEBUG] Apply dependencies of \phpbb\db\migration\data\v310\contact_admin_form.
[DEBUG] Installing Schema: \phpbb\db\migration\data\v310\contact_admin_form.
[INFO] Installed Schema: \phpbb\db\migration\data\v310\contact_admin_form; Time: 0.00 seconds
[DEBUG] Migration already effectively installed (skipped): \phpbb\db\migration\data\v310\profilefield_googleplus
[DEBUG] Migration already effectively installed (skipped): \phpbb\db\migration\data\v310\topic_sort_username
[DEBUG] Apply dependencies of \phpbb\db\migration\data\v310\notifications_use_full_name.
[DEBUG] Apply dependencies of \phpbb\db\migration\data\v310\rc3.
[DEBUG] Apply dependencies of \phpbb\db\migration\data\v310\rc2.
[DEBUG] Apply dependencies of \phpbb\db\migration\data\v310\rc1.
[DEBUG] Apply dependencies of \phpbb\db\migration\data\v310\contact_admin_form.
[DEBUG] Installing Data: \phpbb\db\migration\data\v310\contact_admin_form.
[INFO] Installed Data: \phpbb\db\migration\data\v310\contact_admin_form; Time: 0.01 seconds
[DEBUG] Migration already effectively installed (skipped): \phpbb\db\migration\data\v310\profilefield_googleplus
[DEBUG] Migration already effectively installed (skipped): \phpbb\db\migration\data\v310\topic_sort_username
[DEBUG] Apply dependencies of \phpbb\db\migration\data\v310\notifications_use_full_name.
[DEBUG] Apply dependencies of \phpbb\db\migration\data\v310\rc3.
[DEBUG] Apply dependencies of \phpbb\db\migration\data\v310\rc2.
[DEBUG] Apply dependencies of \phpbb\db\migration\data\v310\rc1.
[DEBUG] Apply dependencies of \phpbb\db\migration\data\v310\passwords_convert_p2.
[DEBUG] Apply dependencies of \phpbb\db\migration\data\v310\passwords_convert_p1.
[DEBUG] Installing Schema: \phpbb\db\migration\data\v310\passwords_convert_p1.
[INFO] Installed Schema: \phpbb\db\migration\data\v310\passwords_convert_p1; Time: 0.00 seconds
[DEBUG] Migration already effectively installed (skipped): \phpbb\db\migration\data\v310\profilefield_googleplus
[DEBUG] Migration already effectively installed (skipped): \phpbb\db\migration\data\v310\topic_sort_username
[DEBUG] Apply dependencies of \phpbb\db\migration\data\v310\notifications_use_full_name.
[DEBUG] Apply dependencies of \phpbb\db\migration\data\v310\rc3.
[DEBUG] Apply dependencies of \phpbb\db\migration\data\v310\rc2.
[DEBUG] Apply dependencies of \phpbb\db\migration\data\v310\rc1.
[DEBUG] Apply dependencies of \phpbb\db\migration\data\v310\passwords_convert_p2.
[DEBUG] Apply dependencies of \phpbb\db\migration\data\v310\passwords_convert_p1.
[DEBUG] Installing Data: \phpbb\db\migration\data\v310\passwords_convert_p1.
[INFO] Installed Data: \phpbb\db\migration\data\v310\passwords_convert_p1; Time: 0.05 seconds
[DEBUG] Migration already effectively installed (skipped): \phpbb\db\migration\data\v310\profilefield_googleplus
[DEBUG] Migration already effectively installed (skipped): \phpbb\db\migration\data\v310\topic_sort_username
[DEBUG] Apply dependencies of \phpbb\db\migration\data\v310\notifications_use_full_name.
[DEBUG] Apply dependencies of \phpbb\db\migration\data\v310\rc3.
[DEBUG] Apply dependencies of \phpbb\db\migration\data\v310\rc2.
[DEBUG] Apply dependencies of \phpbb\db\migration\data\v310\rc1.
[DEBUG] Apply dependencies of \phpbb\db\migration\data\v310\passwords_convert_p2.
[DEBUG] Installing Schema: \phpbb\db\migration\data\v310\passwords_convert_p2.
[INFO] Installed Schema: \phpbb\db\migration\data\v310\passwords_convert_p2; Time: 0.79 seconds
[DEBUG] Migration already effectively installed (skipped): \phpbb\db\migration\data\v310\profilefield_googleplus
[DEBUG] Migration already effectively installed (skipped): \phpbb\db\migration\data\v310\topic_sort_username
[DEBUG] Apply dependencies of \phpbb\db\migration\data\v310\notifications_use_full_name.
[DEBUG] Apply dependencies of \phpbb\db\migration\data\v310\rc3.
[DEBUG] Apply dependencies of \phpbb\db\migration\data\v310\rc2.
[DEBUG] Apply dependencies of \phpbb\db\migration\data\v310\rc1.
[DEBUG] Apply dependencies of \phpbb\db\migration\data\v310\passwords_convert_p2.
[DEBUG] Installing Data: \phpbb\db\migration\data\v310\passwords_convert_p2.
[INFO] Installed Data: \phpbb\db\migration\data\v310\passwords_convert_p2; Time: 0.00 seconds
[DEBUG] Migration already effectively installed (skipped): \phpbb\db\migration\data\v310\profilefield_googleplus
[DEBUG] Migration already effectively installed (skipped): \phpbb\db\migration\data\v310\topic_sort_username
[DEBUG] Apply dependencies of \phpbb\db\migration\data\v310\notifications_use_full_name.
[DEBUG] Apply dependencies of \phpbb\db\migration\data\v310\rc3.
[DEBUG] Apply dependencies of \phpbb\db\migration\data\v310\rc2.
[DEBUG] Apply dependencies of \phpbb\db\migration\data\v310\rc1.
[DEBUG] Apply dependencies of \phpbb\db\migration\data\v310\profilefield_facebook.
[DEBUG] Installing Schema: \phpbb\db\migration\data\v310\profilefield_facebook.
[INFO] Installed Schema: \phpbb\db\migration\data\v310\profilefield_facebook; Time: 0.30 seconds
[DEBUG] Migration already effectively installed (skipped): \phpbb\db\migration\data\v310\profilefield_googleplus
[DEBUG] Migration already effectively installed (skipped): \phpbb\db\migration\data\v310\topic_sort_username
[DEBUG] Apply dependencies of \phpbb\db\migration\data\v310\notifications_use_full_name.
[DEBUG] Apply dependencies of \phpbb\db\migration\data\v310\rc3.
[DEBUG] Apply dependencies of \phpbb\db\migration\data\v310\rc2.
[DEBUG] Apply dependencies of \phpbb\db\migration\data\v310\rc1.
[DEBUG] Apply dependencies of \phpbb\db\migration\data\v310\profilefield_facebook.
[DEBUG] Installing Data: \phpbb\db\migration\data\v310\profilefield_facebook.
[INFO] Installed Data: \phpbb\db\migration\data\v310\profilefield_facebook; Time: 0.00 seconds
[DEBUG] Migration already effectively installed (skipped): \phpbb\db\migration\data\v310\profilefield_googleplus
[DEBUG] Migration already effectively installed (skipped): \phpbb\db\migration\data\v310\topic_sort_username
[DEBUG] Apply dependencies of \phpbb\db\migration\data\v310\notifications_use_full_name.
[DEBUG] Apply dependencies of \phpbb\db\migration\data\v310\rc3.
[DEBUG] Apply dependencies of \phpbb\db\migration\data\v310\rc2.
[DEBUG] Apply dependencies of \phpbb\db\migration\data\v310\rc1.
[DEBUG] Apply dependencies of \phpbb\db\migration\data\v310\profilefield_skype.
[DEBUG] Installing Schema: \phpbb\db\migration\data\v310\profilefield_skype.
[INFO] Installed Schema: \phpbb\db\migration\data\v310\profilefield_skype; Time: 0.35 seconds
[DEBUG] Migration already effectively installed (skipped): \phpbb\db\migration\data\v310\profilefield_googleplus
[DEBUG] Migration already effectively installed (skipped): \phpbb\db\migration\data\v310\topic_sort_username
[DEBUG] Apply dependencies of \phpbb\db\migration\data\v310\notifications_use_full_name.
[DEBUG] Apply dependencies of \phpbb\db\migration\data\v310\rc3.
[DEBUG] Apply dependencies of \phpbb\db\migration\data\v310\rc2.
[DEBUG] Apply dependencies of \phpbb\db\migration\data\v310\rc1.
[DEBUG] Apply dependencies of \phpbb\db\migration\data\v310\profilefield_skype.
[DEBUG] Installing Data: \phpbb\db\migration\data\v310\profilefield_skype.
[INFO] Installed Data: \phpbb\db\migration\data\v310\profilefield_skype; Time: 0.00 seconds
[DEBUG] Migration already effectively installed (skipped): \phpbb\db\migration\data\v310\profilefield_googleplus
[DEBUG] Migration already effectively installed (skipped): \phpbb\db\migration\data\v310\topic_sort_username
[DEBUG] Apply dependencies of \phpbb\db\migration\data\v310\notifications_use_full_name.
[DEBUG] Apply dependencies of \phpbb\db\migration\data\v310\rc3.
[DEBUG] Apply dependencies of \phpbb\db\migration\data\v310\rc2.
[DEBUG] Apply dependencies of \phpbb\db\migration\data\v310\rc1.
[DEBUG] Apply dependencies of \phpbb\db\migration\data\v310\profilefield_twitter.
[DEBUG] Installing Schema: \phpbb\db\migration\data\v310\profilefield_twitter.
[INFO] Installed Schema: \phpbb\db\migration\data\v310\profilefield_twitter; Time: 0.35 seconds
[DEBUG] Migration already effectively installed (skipped): \phpbb\db\migration\data\v310\profilefield_googleplus
[DEBUG] Migration already effectively installed (skipped): \phpbb\db\migration\data\v310\topic_sort_username
[DEBUG] Apply dependencies of \phpbb\db\migration\data\v310\notifications_use_full_name.
[DEBUG] Apply dependencies of \phpbb\db\migration\data\v310\rc3.
[DEBUG] Apply dependencies of \phpbb\db\migration\data\v310\rc2.
[DEBUG] Apply dependencies of \phpbb\db\migration\data\v310\rc1.
[DEBUG] Apply dependencies of \phpbb\db\migration\data\v310\profilefield_twitter.
[DEBUG] Installing Data: \phpbb\db\migration\data\v310\profilefield_twitter.
[INFO] Installed Data: \phpbb\db\migration\data\v310\profilefield_twitter; Time: 0.00 seconds
[DEBUG] Migration already effectively installed (skipped): \phpbb\db\migration\data\v310\profilefield_googleplus
[DEBUG] Migration already effectively installed (skipped): \phpbb\db\migration\data\v310\topic_sort_username
[DEBUG] Apply dependencies of \phpbb\db\migration\data\v310\notifications_use_full_name.
[DEBUG] Apply dependencies of \phpbb\db\migration\data\v310\rc3.
[DEBUG] Apply dependencies of \phpbb\db\migration\data\v310\rc2.
[DEBUG] Apply dependencies of \phpbb\db\migration\data\v310\rc1.
[DEBUG] Apply dependencies of \phpbb\db\migration\data\v310\profilefield_youtube.
[DEBUG] Installing Schema: \phpbb\db\migration\data\v310\profilefield_youtube.
[INFO] Installed Schema: \phpbb\db\migration\data\v310\profilefield_youtube; Time: 0.34 seconds
[DEBUG] Migration already effectively installed (skipped): \phpbb\db\migration\data\v310\profilefield_googleplus
[DEBUG] Migration already effectively installed (skipped): \phpbb\db\migration\data\v310\topic_sort_username
[DEBUG] Apply dependencies of \phpbb\db\migration\data\v310\notifications_use_full_name.
[DEBUG] Apply dependencies of \phpbb\db\migration\data\v310\rc3.
[DEBUG] Apply dependencies of \phpbb\db\migration\data\v310\rc2.
[DEBUG] Apply dependencies of \phpbb\db\migration\data\v310\rc1.
[DEBUG] Apply dependencies of \phpbb\db\migration\data\v310\profilefield_youtube.
[DEBUG] Installing Data: \phpbb\db\migration\data\v310\profilefield_youtube.
[INFO] Installed Data: \phpbb\db\migration\data\v310\profilefield_youtube; Time: 0.00 seconds
[DEBUG] Migration already effectively installed (skipped): \phpbb\db\migration\data\v310\profilefield_googleplus
[DEBUG] Migration already effectively installed (skipped): \phpbb\db\migration\data\v310\topic_sort_username
[DEBUG] Apply dependencies of \phpbb\db\migration\data\v310\notifications_use_full_name.
[DEBUG] Apply dependencies of \phpbb\db\migration\data\v310\rc3.
[DEBUG] Apply dependencies of \phpbb\db\migration\data\v310\rc2.
[DEBUG] Apply dependencies of \phpbb\db\migration\data\v310\rc1.
[DEBUG] Installing Schema: \phpbb\db\migration\data\v310\rc1.
[INFO] Installed Schema: \phpbb\db\migration\data\v310\rc1; Time: 0.00 seconds
[DEBUG] Migration already effectively installed (skipped): \phpbb\db\migration\data\v310\profilefield_googleplus
[DEBUG] Migration already effectively installed (skipped): \phpbb\db\migration\data\v310\topic_sort_username
[DEBUG] Apply dependencies of \phpbb\db\migration\data\v310\notifications_use_full_name.
[DEBUG] Apply dependencies of \phpbb\db\migration\data\v310\rc3.
[DEBUG] Apply dependencies of \phpbb\db\migration\data\v310\rc2.
[DEBUG] Apply dependencies of \phpbb\db\migration\data\v310\rc1.
[DEBUG] Installing Data: \phpbb\db\migration\data\v310\rc1.
[INFO] Installed Data: \phpbb\db\migration\data\v310\rc1; Time: 0.00 seconds
[DEBUG] Migration already effectively installed (skipped): \phpbb\db\migration\data\v310\profilefield_googleplus
[DEBUG] Migration already effectively installed (skipped): \phpbb\db\migration\data\v310\topic_sort_username
[DEBUG] Apply dependencies of \phpbb\db\migration\data\v310\notifications_use_full_name.
[DEBUG] Apply dependencies of \phpbb\db\migration\data\v310\rc3.
[DEBUG] Apply dependencies of \phpbb\db\migration\data\v310\rc2.
[DEBUG] Installing Schema: \phpbb\db\migration\data\v310\rc2.
[INFO] Installed Schema: \phpbb\db\migration\data\v310\rc2; Time: 0.00 seconds
[DEBUG] Migration already effectively installed (skipped): \phpbb\db\migration\data\v310\profilefield_googleplus
[DEBUG] Migration already effectively installed (skipped): \phpbb\db\migration\data\v310\topic_sort_username
[DEBUG] Apply dependencies of \phpbb\db\migration\data\v310\notifications_use_full_name.
[DEBUG] Apply dependencies of \phpbb\db\migration\data\v310\rc3.
[DEBUG] Apply dependencies of \phpbb\db\migration\data\v310\rc2.
[DEBUG] Installing Data: \phpbb\db\migration\data\v310\rc2.
[INFO] Installed Data: \phpbb\db\migration\data\v310\rc2; Time: 0.00 seconds
[DEBUG] Migration already effectively installed (skipped): \phpbb\db\migration\data\v310\profilefield_googleplus
[DEBUG] Migration already effectively installed (skipped): \phpbb\db\migration\data\v310\topic_sort_username
[DEBUG] Apply dependencies of \phpbb\db\migration\data\v310\notifications_use_full_name.
[DEBUG] Apply dependencies of \phpbb\db\migration\data\v310\rc3.
[DEBUG] Apply dependencies of \phpbb\db\migration\data\v310\captcha_plugins.
[DEBUG] Installing Schema: \phpbb\db\migration\data\v310\captcha_plugins.
[INFO] Installed Schema: \phpbb\db\migration\data\v310\captcha_plugins; Time: 0.00 seconds
[DEBUG] Migration already effectively installed (skipped): \phpbb\db\migration\data\v310\profilefield_googleplus
[DEBUG] Migration already effectively installed (skipped): \phpbb\db\migration\data\v310\topic_sort_username
[DEBUG] Apply dependencies of \phpbb\db\migration\data\v310\notifications_use_full_name.
[DEBUG] Apply dependencies of \phpbb\db\migration\data\v310\rc3.
[DEBUG] Apply dependencies of \phpbb\db\migration\data\v310\captcha_plugins.
[DEBUG] Installing Data: \phpbb\db\migration\data\v310\captcha_plugins.
[INFO] Installed Data: \phpbb\db\migration\data\v310\captcha_plugins; Time: 0.00 seconds
[DEBUG] Migration already effectively installed (skipped): \phpbb\db\migration\data\v310\profilefield_googleplus
[DEBUG] Migration already effectively installed (skipped): \phpbb\db\migration\data\v310\topic_sort_username
[DEBUG] Apply dependencies of \phpbb\db\migration\data\v310\notifications_use_full_name.
[DEBUG] Apply dependencies of \phpbb\db\migration\data\v310\rc3.
[DEBUG] Apply dependencies of \phpbb\db\migration\data\v310\rename_too_long_indexes.
[DEBUG] Installing Schema: \phpbb\db\migration\data\v310\rename_too_long_indexes.
[INFO] Installed Schema: \phpbb\db\migration\data\v310\rename_too_long_indexes; Time: 20.19 seconds
